[ 2020-01-08T10:58:52+08:00 ] 127.0.0.1 /codeboss/index.php/Home/Panel/index
INFO: [ app_init ] --START--
INFO: Run Behavior\BuildLiteBehavior [ RunTime:0.000010s ]
INFO: [ app_init ] --END-- [ RunTime:0.000771s ]
INFO: [ app_begin ] --START--
INFO: Run Behavior\ReadHtmlCacheBehavior [ RunTime:0.002234s ]
INFO: [ app_begin ] --END-- [ RunTime:0.002272s ]
NOTIC: [8] Undefined index: HTTP_X_FORWARDED_FOR /var/www/html/codeboss/Application/Home/Common/function.php 第 6 行.
NOTIC: [8] Undefined index: HTTP_CLIENT_IP /var/www/html/codeboss/Application/Home/Common/function.php 第 8 行.
SQL: SHOW COLUMNS FROM `db_users` [ RunTime:0.0004s ]
SQL: SELECT `uid`,`register_code`,`randomcode` FROM `db_users` WHERE `uid` = '0@0.com' LIMIT 1   [ RunTime:0.0002s ]
INFO: [ view_parse ] --START--
INFO: [ template_filter ] --START--
INFO: Run Behavior\ContentReplaceBehavior [ RunTime:0.000023s ]
INFO: [ template_filter ] --END-- [ RunTime:0.000051s ]
INFO: Run Behavior\ParseTemplateBehavior [ RunTime:0.019132s ]
INFO: [ view_parse ] --END-- [ RunTime:0.019162s ]
INFO: [ view_filter ] --START--
INFO: Run Behavior\WriteHtmlCacheBehavior [ RunTime:0.013728s ]
INFO: [ view_filter ] --END-- [ RunTime:0.013764s ]

[ 2020-01-08T10:58:55+08:00 ] 127.0.0.1 /codeboss/index.php/Home/Index/index
INFO: [ app_init ] --START--
INFO: Run Behavior\BuildLiteBehavior [ RunTime:0.000006s ]
INFO: [ app_init ] --END-- [ RunTime:0.000044s ]
INFO: [ app_begin ] --START--
INFO: Run Behavior\ReadHtmlCacheBehavior [ RunTime:0.000032s ]
INFO: [ app_begin ] --END-- [ RunTime:0.000047s ]
INFO: [ view_parse ] --START--
INFO: [ template_filter ] --START--
INFO: Run Behavior\ContentReplaceBehavior [ RunTime:0.000029s ]
INFO: [ template_filter ] --END-- [ RunTime:0.000058s ]
INFO: Run Behavior\ParseTemplateBehavior [ RunTime:0.010496s ]
INFO: [ view_parse ] --END-- [ RunTime:0.010530s ]
INFO: [ view_filter ] --START--
INFO: Run Behavior\WriteHtmlCacheBehavior [ RunTime:0.000035s ]
INFO: [ view_filter ] --END-- [ RunTime:0.000047s ]
INFO: [ app_end ] --START--
INFO: Run Behavior\ShowPageTraceBehavior [ RunTime:0.014008s ]
INFO: [ app_end ] --END-- [ RunTime:0.014047s ]

[ 2020-01-08T10:58:58+08:00 ] 127.0.0.1 /codeboss/index.php/Home/Index/signup
INFO: [ app_init ] --START--
INFO: Run Behavior\BuildLiteBehavior [ RunTime:0.000009s ]
INFO: [ app_init ] --END-- [ RunTime:0.000106s ]
INFO: [ app_begin ] --START--
INFO: Run Behavior\ReadHtmlCacheBehavior [ RunTime:0.000050s ]
INFO: [ app_begin ] --END-- [ RunTime:0.000072s ]
INFO: [ view_parse ] --START--
INFO: [ template_filter ] --START--
INFO: Run Behavior\ContentReplaceBehavior [ RunTime:0.000050s ]
INFO: [ template_filter ] --END-- [ RunTime:0.000075s ]
INFO: Run Behavior\ParseTemplateBehavior [ RunTime:0.014610s ]
INFO: [ view_parse ] --END-- [ RunTime:0.014640s ]
INFO: [ view_filter ] --START--
INFO: Run Behavior\WriteHtmlCacheBehavior [ RunTime:0.000032s ]
INFO: [ view_filter ] --END-- [ RunTime:0.000045s ]
INFO: [ app_end ] --START--
INFO: Run Behavior\ShowPageTraceBehavior [ RunTime:0.000031s ]
INFO: [ app_end ] --END-- [ RunTime:0.000051s ]

[ 2020-01-08T10:59:29+08:00 ] 127.0.0.1 /codeboss/index.php/Home/Index/post_signup_email
INFO: [ app_init ] --START--
INFO: Run Behavior\BuildLiteBehavior [ RunTime:0.000019s ]
INFO: [ app_init ] --END-- [ RunTime:0.001475s ]
INFO: [ app_begin ] --START--
INFO: Run Behavior\ReadHtmlCacheBehavior [ RunTime:0.000034s ]
INFO: [ app_begin ] --END-- [ RunTime:0.000060s ]
SQL: SHOW COLUMNS FROM `db_users` [ RunTime:0.0084s ]
SQL: SELECT `uid`,`register_code` FROM `db_users` WHERE `username` = 'afe123_' AND `password` = '123456' AND `email` = '0@0.com' AND `uid` = '0@0.com' LIMIT 1   [ RunTime:0.0002s ]
NOTIC: [8] Undefined index: HTTP_X_FORWARDED_FOR /var/www/html/codeboss/Application/Home/Common/function.php 第 6 行.
NOTIC: [8] Undefined index: HTTP_CLIENT_IP /var/www/html/codeboss/Application/Home/Common/function.php 第 8 行.
SQL: INSERT INTO `db_users` (`username`,`password`,`email`,`uid`,`register_code`,`usertype`,`loginip`,`randomcode`) VALUES ('afe123_','123456','0@0.com','0@0.com','206420','email','127.0.0.1','Sg5SDI') [ RunTime:0.0174s ]
INFO: [ view_parse ] --START--
INFO: [ template_filter ] --START--
INFO: Run Behavior\ContentReplaceBehavior [ RunTime:0.000022s ]
INFO: [ template_filter ] --END-- [ RunTime:0.000043s ]
INFO: Run Behavior\ParseTemplateBehavior [ RunTime:0.001950s ]
INFO: [ view_parse ] --END-- [ RunTime:0.001974s ]
INFO: [ view_filter ] --START--
INFO: Run Behavior\WriteHtmlCacheBehavior [ RunTime:0.000022s ]
INFO: [ view_filter ] --END-- [ RunTime:0.000034s ]
INFO: [ app_end ] --START--
INFO: Run Behavior\ShowPageTraceBehavior [ RunTime:0.000026s ]
INFO: [ app_end ] --END-- [ RunTime:0.000042s ]

[ 2020-01-08T10:59:30+08:00 ] 127.0.0.1 /codeboss/index.php/Home/Panel/index
INFO: [ app_init ] --START--
INFO: Run Behavior\BuildLiteBehavior [ RunTime:0.000010s ]
INFO: [ app_init ] --END-- [ RunTime:0.000059s ]
INFO: [ app_begin ] --START--
INFO: Run Behavior\ReadHtmlCacheBehavior [ RunTime:0.000031s ]
INFO: [ app_begin ] --END-- [ RunTime:0.000057s ]
NOTIC: [8] Undefined index: HTTP_X_FORWARDED_FOR /var/www/html/codeboss/Application/Home/Common/function.php 第 6 行.
NOTIC: [8] Undefined index: HTTP_CLIENT_IP /var/www/html/codeboss/Application/Home/Common/function.php 第 8 行.
SQL: SHOW COLUMNS FROM `db_users` [ RunTime:0.0010s ]
SQL: SELECT `uid`,`register_code`,`randomcode` FROM `db_users` WHERE `uid` = '0@0.com' LIMIT 1   [ RunTime:0.0012s ]
INFO: [ view_parse ] --START--
INFO: [ template_filter ] --START--
INFO: Run Behavior\ContentReplaceBehavior [ RunTime:0.000026s ]
INFO: [ template_filter ] --END-- [ RunTime:0.000052s ]
INFO: Run Behavior\ParseTemplateBehavior [ RunTime:0.003013s ]
INFO: [ view_parse ] --END-- [ RunTime:0.003039s ]
INFO: [ view_filter ] --START--
INFO: Run Behavior\WriteHtmlCacheBehavior [ RunTime:0.000021s ]
INFO: [ view_filter ] --END-- [ RunTime:0.000033s ]
INFO: [ app_end ] --START--
INFO: Run Behavior\ShowPageTraceBehavior [ RunTime:0.000013s ]
INFO: [ app_end ] --END-- [ RunTime:0.000025s ]

[ 2020-01-08T10:59:32+08:00 ] 127.0.0.1 /codeboss/index.php/Home/Panel/account_page
INFO: [ app_init ] --START--
INFO: Run Behavior\BuildLiteBehavior [ RunTime:0.000006s ]
INFO: [ app_init ] --END-- [ RunTime:0.000037s ]
INFO: [ app_begin ] --START--
INFO: Run Behavior\ReadHtmlCacheBehavior [ RunTime:0.000015s ]
INFO: [ app_begin ] --END-- [ RunTime:0.000029s ]
NOTIC: [8] Undefined index: HTTP_X_FORWARDED_FOR /var/www/html/codeboss/Application/Home/Common/function.php 第 6 行.
NOTIC: [8] Undefined index: HTTP_CLIENT_IP /var/www/html/codeboss/Application/Home/Common/function.php 第 8 行.
SQL: SHOW COLUMNS FROM `db_users` [ RunTime:0.0020s ]
SQL: SELECT `uid`,`register_code`,`randomcode` FROM `db_users` WHERE `uid` = '0@0.com' LIMIT 1   [ RunTime:0.0001s ]
INFO: [ view_parse ] --START--
INFO: [ template_filter ] --START--
INFO: Run Behavior\ContentReplaceBehavior [ RunTime:0.000021s ]
INFO: [ template_filter ] --END-- [ RunTime:0.000040s ]
INFO: Run Behavior\ParseTemplateBehavior [ RunTime:0.002973s ]
INFO: [ view_parse ] --END-- [ RunTime:0.003000s ]
INFO: [ view_filter ] --START--
INFO: Run Behavior\WriteHtmlCacheBehavior [ RunTime:0.000022s ]
INFO: [ view_filter ] --END-- [ RunTime:0.000034s ]
INFO: [ app_end ] --START--
INFO: Run Behavior\ShowPageTraceBehavior [ RunTime:0.000016s ]
INFO: [ app_end ] --END-- [ RunTime:0.000026s ]

[ 2020-01-08T11:00:28+08:00 ] 127.0.0.1 /codeboss/index.php/Home/Panel/account_page
INFO: [ app_init ] --START--
INFO: Run Behavior\BuildLiteBehavior [ RunTime:0.000007s ]
INFO: [ app_init ] --END-- [ RunTime:0.000058s ]
INFO: [ app_begin ] --START--
INFO: Run Behavior\ReadHtmlCacheBehavior [ RunTime:0.000023s ]
INFO: [ app_begin ] --END-- [ RunTime:0.000039s ]
NOTIC: [8] Undefined index: HTTP_X_FORWARDED_FOR /var/www/html/codeboss/Application/Home/Common/function.php 第 6 行.
NOTIC: [8] Undefined index: HTTP_CLIENT_IP /var/www/html/codeboss/Application/Home/Common/function.php 第 8 行.
SQL: SHOW COLUMNS FROM `db_users` [ RunTime:0.0015s ]
SQL: SELECT `uid`,`register_code`,`randomcode` FROM `db_users` WHERE `uid` = '0@0.com' LIMIT 1   [ RunTime:0.0004s ]
INFO: [ view_parse ] --START--
INFO: [ template_filter ] --START--
INFO: Run Behavior\ContentReplaceBehavior [ RunTime:0.000037s ]
INFO: [ template_filter ] --END-- [ RunTime:0.000058s ]
INFO: Run Behavior\ParseTemplateBehavior [ RunTime:0.003910s ]
INFO: [ view_parse ] --END-- [ RunTime:0.003938s ]
INFO: [ view_filter ] --START--
INFO: Run Behavior\WriteHtmlCacheBehavior [ RunTime:0.000107s ]
INFO: [ view_filter ] --END-- [ RunTime:0.000124s ]
INFO: [ app_end ] --START--
INFO: Run Behavior\ShowPageTraceBehavior [ RunTime:0.000173s ]
INFO: [ app_end ] --END-- [ RunTime:0.000191s ]

[ 2020-01-08T11:01:37+08:00 ] 127.0.0.1 /codeboss/index.php/Home/Panel/account_page
INFO: [ app_init ] --START--
INFO: Run Behavior\BuildLiteBehavior [ RunTime:0.000010s ]
INFO: [ app_init ] --END-- [ RunTime:0.000088s ]
INFO: [ app_begin ] --START--
INFO: Run Behavior\ReadHtmlCacheBehavior [ RunTime:0.000028s ]
INFO: [ app_begin ] --END-- [ RunTime:0.000046s ]
NOTIC: [8] Undefined index: HTTP_X_FORWARDED_FOR /var/www/html/codeboss/Application/Home/Common/function.php 第 6 行.
NOTIC: [8] Undefined index: HTTP_CLIENT_IP /var/www/html/codeboss/Application/Home/Common/function.php 第 8 行.
SQL: SHOW COLUMNS FROM `db_users` [ RunTime:0.0035s ]
SQL: SELECT `uid`,`register_code`,`randomcode` FROM `db_users` WHERE `uid` = '0@0.com' LIMIT 1   [ RunTime:0.0002s ]
INFO: [ view_parse ] --START--
INFO: [ template_filter ] --START--
INFO: Run Behavior\ContentReplaceBehavior [ RunTime:0.000027s ]
INFO: [ template_filter ] --END-- [ RunTime:0.000045s ]
INFO: Run Behavior\ParseTemplateBehavior [ RunTime:0.002821s ]
INFO: [ view_parse ] --END-- [ RunTime:0.002848s ]
INFO: [ view_filter ] --START--
INFO: Run Behavior\WriteHtmlCacheBehavior [ RunTime:0.000026s ]
INFO: [ view_filter ] --END-- [ RunTime:0.000039s ]
INFO: [ app_end ] --START--
INFO: Run Behavior\ShowPageTraceBehavior [ RunTime:0.000032s ]
INFO: [ app_end ] --END-- [ RunTime:0.000046s ]

[ 2020-01-08T11:01:39+08:00 ] 127.0.0.1 /codeboss/index.php/Home/Panel/account_page
INFO: [ app_init ] --START--
INFO: Run Behavior\BuildLiteBehavior [ RunTime:0.000008s ]
INFO: [ app_init ] --END-- [ RunTime:0.000056s ]
INFO: [ app_begin ] --START--
INFO: Run Behavior\ReadHtmlCacheBehavior [ RunTime:0.000032s ]
INFO: [ app_begin ] --END-- [ RunTime:0.000049s ]
NOTIC: [8] Undefined index: HTTP_X_FORWARDED_FOR /var/www/html/codeboss/Application/Home/Common/function.php 第 6 行.
NOTIC: [8] Undefined index: HTTP_CLIENT_IP /var/www/html/codeboss/Application/Home/Common/function.php 第 8 行.
SQL: SHOW COLUMNS FROM `db_users` [ RunTime:0.0034s ]
SQL: SELECT `uid`,`register_code`,`randomcode` FROM `db_users` WHERE `uid` = '0@0.com' LIMIT 1   [ RunTime:0.0002s ]
INFO: [ view_parse ] --START--
INFO: [ template_filter ] --START--
INFO: Run Behavior\ContentReplaceBehavior [ RunTime:0.000027s ]
INFO: [ template_filter ] --END-- [ RunTime:0.000046s ]
INFO: Run Behavior\ParseTemplateBehavior [ RunTime:0.002278s ]
INFO: [ view_parse ] --END-- [ RunTime:0.002300s ]
INFO: [ view_filter ] --START--
INFO: Run Behavior\WriteHtmlCacheBehavior [ RunTime:0.000020s ]
INFO: [ view_filter ] --END-- [ RunTime:0.000032s ]
INFO: [ app_end ] --START--
INFO: Run Behavior\ShowPageTraceBehavior [ RunTime:0.000028s ]
INFO: [ app_end ] --END-- [ RunTime:0.000042s ]

[ 2020-01-08T11:01:40+08:00 ] 127.0.0.1 /codeboss/index.php/Home/Panel/account_page
INFO: [ app_init ] --START--
INFO: Run Behavior\BuildLiteBehavior [ RunTime:0.000006s ]
INFO: [ app_init ] --END-- [ RunTime:0.000039s ]
INFO: [ app_begin ] --START--
INFO: Run Behavior\ReadHtmlCacheBehavior [ RunTime:0.000017s ]
INFO: [ app_begin ] --END-- [ RunTime:0.000049s ]
NOTIC: [8] Undefined index: HTTP_X_FORWARDED_FOR /var/www/html/codeboss/Application/Home/Common/function.php 第 6 行.
NOTIC: [8] Undefined index: HTTP_CLIENT_IP /var/www/html/codeboss/Application/Home/Common/function.php 第 8 行.
SQL: SHOW COLUMNS FROM `db_users` [ RunTime:0.0080s ]
SQL: SELECT `uid`,`register_code`,`randomcode` FROM `db_users` WHERE `uid` = '0@0.com' LIMIT 1   [ RunTime:0.0003s ]
INFO: [ view_parse ] --START--
INFO: [ template_filter ] --START--
INFO: Run Behavior\ContentReplaceBehavior [ RunTime:0.000025s ]
INFO: [ template_filter ] --END-- [ RunTime:0.000045s ]
INFO: Run Behavior\ParseTemplateBehavior [ RunTime:0.002096s ]
INFO: [ view_parse ] --END-- [ RunTime:0.002118s ]
INFO: [ view_filter ] --START--
INFO: Run Behavior\WriteHtmlCacheBehavior [ RunTime:0.000022s ]
INFO: [ view_filter ] --END-- [ RunTime:0.000034s ]
INFO: [ app_end ] --START--
INFO: Run Behavior\ShowPageTraceBehavior [ RunTime:0.000016s ]
INFO: [ app_end ] --END-- [ RunTime:0.000026s ]

[ 2020-01-08T11:03:45+08:00 ] 127.0.0.1 /codeboss/index.php/Home/Panel/account_page
INFO: [ app_init ] --START--
INFO: Run Behavior\BuildLiteBehavior [ RunTime:0.000006s ]
INFO: [ app_init ] --END-- [ RunTime:0.000052s ]
INFO: [ app_begin ] --START--
INFO: Run Behavior\ReadHtmlCacheBehavior [ RunTime:0.000024s ]
INFO: [ app_begin ] --END-- [ RunTime:0.000041s ]
NOTIC: [8] Undefined index: HTTP_X_FORWARDED_FOR /var/www/html/codeboss/Application/Home/Common/function.php 第 6 行.
NOTIC: [8] Undefined index: HTTP_CLIENT_IP /var/www/html/codeboss/Application/Home/Common/function.php 第 8 行.
SQL: SHOW COLUMNS FROM `db_users` [ RunTime:0.0063s ]
SQL: SELECT `uid`,`register_code`,`randomcode` FROM `db_users` WHERE `uid` = '0@0.com' LIMIT 1   [ RunTime:0.0002s ]
INFO: [ view_parse ] --START--
INFO: [ template_filter ] --START--
INFO: Run Behavior\ContentReplaceBehavior [ RunTime:0.000035s ]
INFO: [ template_filter ] --END-- [ RunTime:0.000055s ]
INFO: Run Behavior\ParseTemplateBehavior [ RunTime:0.002342s ]
INFO: [ view_parse ] --END-- [ RunTime:0.002364s ]
INFO: [ view_filter ] --START--
INFO: Run Behavior\WriteHtmlCacheBehavior [ RunTime:0.000024s ]
INFO: [ view_filter ] --END-- [ RunTime:0.000037s ]
INFO: [ app_end ] --START--
INFO: Run Behavior\ShowPageTraceBehavior [ RunTime:0.000024s ]
INFO: [ app_end ] --END-- [ RunTime:0.000035s ]

[ 2020-01-08T11:03:46+08:00 ] 127.0.0.1 /codeboss/index.php/Home/Panel/account_page
INFO: [ app_init ] --START--
INFO: Run Behavior\BuildLiteBehavior [ RunTime:0.000006s ]
INFO: [ app_init ] --END-- [ RunTime:0.000037s ]
INFO: [ app_begin ] --START--
INFO: Run Behavior\ReadHtmlCacheBehavior [ RunTime:0.000014s ]
INFO: [ app_begin ] --END-- [ RunTime:0.000028s ]
NOTIC: [8] Undefined index: HTTP_X_FORWARDED_FOR /var/www/html/codeboss/Application/Home/Common/function.php 第 6 行.
NOTIC: [8] Undefined index: HTTP_CLIENT_IP /var/www/html/codeboss/Application/Home/Common/function.php 第 8 行.
SQL: SHOW COLUMNS FROM `db_users` [ RunTime:0.0007s ]
SQL: SELECT `uid`,`register_code`,`randomcode` FROM `db_users` WHERE `uid` = '0@0.com' LIMIT 1   [ RunTime:0.0001s ]
INFO: [ view_parse ] --START--
INFO: [ template_filter ] --START--
INFO: Run Behavior\ContentReplaceBehavior [ RunTime:0.000026s ]
INFO: [ template_filter ] --END-- [ RunTime:0.000044s ]
INFO: Run Behavior\ParseTemplateBehavior [ RunTime:0.002716s ]
INFO: [ view_parse ] --END-- [ RunTime:0.002740s ]
INFO: [ view_filter ] --START--
INFO: Run Behavior\WriteHtmlCacheBehavior [ RunTime:0.000021s ]
INFO: [ view_filter ] --END-- [ RunTime:0.000034s ]
INFO: [ app_end ] --START--
INFO: Run Behavior\ShowPageTraceBehavior [ RunTime:0.000015s ]
INFO: [ app_end ] --END-- [ RunTime:0.000025s ]

[ 2020-01-08T11:04:03+08:00 ] 127.0.0.1 /codeboss/index.php/Home/Panel/account_page
INFO: [ app_init ] --START--
INFO: Run Behavior\BuildLiteBehavior [ RunTime:0.000006s ]
INFO: [ app_init ] --END-- [ RunTime:0.000047s ]
INFO: [ app_begin ] --START--
INFO: Run Behavior\ReadHtmlCacheBehavior [ RunTime:0.000018s ]
INFO: [ app_begin ] --END-- [ RunTime:0.000033s ]
NOTIC: [8] Undefined index: HTTP_X_FORWARDED_FOR /var/www/html/codeboss/Application/Home/Common/function.php 第 6 行.
NOTIC: [8] Undefined index: HTTP_CLIENT_IP /var/www/html/codeboss/Application/Home/Common/function.php 第 8 行.
SQL: SHOW COLUMNS FROM `db_users` [ RunTime:0.0014s ]
SQL: SELECT `uid`,`register_code`,`randomcode` FROM `db_users` WHERE `uid` = '0@0.com' LIMIT 1   [ RunTime:0.0007s ]
INFO: [ view_parse ] --START--
INFO: [ template_filter ] --START--
INFO: Run Behavior\ContentReplaceBehavior [ RunTime:0.000037s ]
INFO: [ template_filter ] --END-- [ RunTime:0.000056s ]
INFO: Run Behavior\ParseTemplateBehavior [ RunTime:0.002278s ]
INFO: [ view_parse ] --END-- [ RunTime:0.002302s ]
INFO: [ view_filter ] --START--
INFO: Run Behavior\WriteHtmlCacheBehavior [ RunTime:0.000024s ]
INFO: [ view_filter ] --END-- [ RunTime:0.000036s ]
INFO: [ app_end ] --START--
INFO: Run Behavior\ShowPageTraceBehavior [ RunTime:0.000018s ]
INFO: [ app_end ] --END-- [ RunTime:0.000029s ]

[ 2020-01-08T11:04:17+08:00 ] 127.0.0.1 /codeboss/index.php/Home/Panel/account_page
INFO: [ app_init ] --START--
INFO: Run Behavior\BuildLiteBehavior [ RunTime:0.000007s ]
INFO: [ app_init ] --END-- [ RunTime:0.000051s ]
INFO: [ app_begin ] --START--
INFO: Run Behavior\ReadHtmlCacheBehavior [ RunTime:0.000017s ]
INFO: [ app_begin ] --END-- [ RunTime:0.000032s ]
NOTIC: [8] Undefined index: HTTP_X_FORWARDED_FOR /var/www/html/codeboss/Application/Home/Common/function.php 第 6 行.
NOTIC: [8] Undefined index: HTTP_CLIENT_IP /var/www/html/codeboss/Application/Home/Common/function.php 第 8 行.
SQL: SHOW COLUMNS FROM `db_users` [ RunTime:0.0012s ]
SQL: SELECT `uid`,`register_code`,`randomcode` FROM `db_users` WHERE `uid` = '0@0.com' LIMIT 1   [ RunTime:0.0001s ]
INFO: [ view_parse ] --START--
INFO: [ template_filter ] --START--
INFO: Run Behavior\ContentReplaceBehavior [ RunTime:0.000028s ]
INFO: [ template_filter ] --END-- [ RunTime:0.000048s ]
INFO: Run Behavior\ParseTemplateBehavior [ RunTime:0.002076s ]
INFO: [ view_parse ] --END-- [ RunTime:0.002098s ]
INFO: [ view_filter ] --START--
INFO: Run Behavior\WriteHtmlCacheBehavior [ RunTime:0.000022s ]
INFO: [ view_filter ] --END-- [ RunTime:0.000047s ]
INFO: [ app_end ] --START--
INFO: Run Behavior\ShowPageTraceBehavior [ RunTime:0.000034s ]
INFO: [ app_end ] --END-- [ RunTime:0.000047s ]

[ 2020-01-08T11:06:04+08:00 ] 127.0.0.1 /codeboss/index.php/Home/Panel/account_page
INFO: [ app_init ] --START--
INFO: Run Behavior\BuildLiteBehavior [ RunTime:0.000007s ]
INFO: [ app_init ] --END-- [ RunTime:0.000067s ]
INFO: [ app_begin ] --START--
INFO: Run Behavior\ReadHtmlCacheBehavior [ RunTime:0.000023s ]
INFO: [ app_begin ] --END-- [ RunTime:0.000039s ]
NOTIC: [8] Undefined index: HTTP_X_FORWARDED_FOR /var/www/html/codeboss/Application/Home/Common/function.php 第 6 行.
NOTIC: [8] Undefined index: HTTP_CLIENT_IP /var/www/html/codeboss/Application/Home/Common/function.php 第 8 行.
SQL: SHOW COLUMNS FROM `db_users` [ RunTime:0.0055s ]
SQL: SELECT `uid`,`register_code`,`randomcode` FROM `db_users` WHERE `uid` = '0@0.com' LIMIT 1   [ RunTime:0.0005s ]
INFO: [ view_parse ] --START--
INFO: [ template_filter ] --START--
INFO: Run Behavior\ContentReplaceBehavior [ RunTime:0.000028s ]
INFO: [ template_filter ] --END-- [ RunTime:0.000047s ]
INFO: Run Behavior\ParseTemplateBehavior [ RunTime:0.003846s ]
INFO: [ view_parse ] --END-- [ RunTime:0.003874s ]
INFO: [ view_filter ] --START--
INFO: Run Behavior\WriteHtmlCacheBehavior [ RunTime:0.000041s ]
INFO: [ view_filter ] --END-- [ RunTime:0.000056s ]
INFO: [ app_end ] --START--
INFO: Run Behavior\ShowPageTraceBehavior [ RunTime:0.000047s ]
INFO: [ app_end ] --END-- [ RunTime:0.000060s ]

[ 2020-01-08T11:11:16+08:00 ] 127.0.0.1 /codeboss/index.php/Home/Panel/account_page
INFO: [ app_init ] --START--
INFO: Run Behavior\BuildLiteBehavior [ RunTime:0.000008s ]
INFO: [ app_init ] --END-- [ RunTime:0.000051s ]
INFO: [ app_begin ] --START--
INFO: Run Behavior\ReadHtmlCacheBehavior [ RunTime:0.000059s ]
INFO: [ app_begin ] --END-- [ RunTime:0.000079s ]
NOTIC: [8] Undefined index: HTTP_X_FORWARDED_FOR /var/www/html/codeboss/Application/Home/Common/function.php 第 6 行.
NOTIC: [8] Undefined index: HTTP_CLIENT_IP /var/www/html/codeboss/Application/Home/Common/function.php 第 8 行.
SQL: SHOW COLUMNS FROM `db_users` [ RunTime:0.0009s ]
SQL: SELECT `uid`,`register_code`,`randomcode` FROM `db_users` WHERE `uid` = '0@0.com' LIMIT 1   [ RunTime:0.0002s ]
INFO: [ view_parse ] --START--
INFO: [ template_filter ] --START--
INFO: Run Behavior\ContentReplaceBehavior [ RunTime:0.000027s ]
INFO: [ template_filter ] --END-- [ RunTime:0.000045s ]
INFO: Run Behavior\ParseTemplateBehavior [ RunTime:0.003469s ]
INFO: [ view_parse ] --END-- [ RunTime:0.003493s ]
INFO: [ view_filter ] --START--
INFO: Run Behavior\WriteHtmlCacheBehavior [ RunTime:0.000024s ]
INFO: [ view_filter ] --END-- [ RunTime:0.000037s ]
INFO: [ app_end ] --START--
INFO: Run Behavior\ShowPageTraceBehavior [ RunTime:0.000017s ]
INFO: [ app_end ] --END-- [ RunTime:0.000029s ]

[ 2020-01-08T11:13:39+08:00 ] 127.0.0.1 /codeboss/index.php/Home/Panel/account_page
INFO: [ app_init ] --START--
INFO: Run Behavior\BuildLiteBehavior [ RunTime:0.000009s ]
INFO: [ app_init ] --END-- [ RunTime:0.001991s ]
INFO: [ app_begin ] --START--
INFO: Run Behavior\ReadHtmlCacheBehavior [ RunTime:0.000045s ]
INFO: [ app_begin ] --END-- [ RunTime:0.000067s ]
NOTIC: [8] Undefined index: HTTP_X_FORWARDED_FOR /var/www/html/codeboss/Application/Home/Common/function.php 第 6 行.
NOTIC: [8] Undefined index: HTTP_CLIENT_IP /var/www/html/codeboss/Application/Home/Common/function.php 第 8 行.
SQL: SHOW COLUMNS FROM `db_users` [ RunTime:0.0286s ]
SQL: SELECT `uid`,`register_code`,`randomcode` FROM `db_users` WHERE `uid` = '0@0.com' LIMIT 1   [ RunTime:0.0061s ]
INFO: [ view_parse ] --START--
INFO: [ template_filter ] --START--
INFO: Run Behavior\ContentReplaceBehavior [ RunTime:0.000101s ]
INFO: [ template_filter ] --END-- [ RunTime:0.000162s ]
INFO: Run Behavior\ParseTemplateBehavior [ RunTime:0.019351s ]
INFO: [ view_parse ] --END-- [ RunTime:0.019401s ]
INFO: [ view_filter ] --START--
INFO: Run Behavior\WriteHtmlCacheBehavior [ RunTime:0.000038s ]
INFO: [ view_filter ] --END-- [ RunTime:0.000051s ]
INFO: [ app_end ] --START--
INFO: Run Behavior\ShowPageTraceBehavior [ RunTime:0.000033s ]
INFO: [ app_end ] --END-- [ RunTime:0.000047s ]

[ 2020-01-08T16:59:58+08:00 ] 127.0.0.1 /codeboss/index.php/Home/Panel/account_page
INFO: [ app_init ] --START--
INFO: Run Behavior\BuildLiteBehavior [ RunTime:0.000429s ]
INFO: [ app_init ] --END-- [ RunTime:0.001913s ]
INFO: [ app_begin ] --START--
INFO: Run Behavior\ReadHtmlCacheBehavior [ RunTime:0.000158s ]
INFO: [ app_begin ] --END-- [ RunTime:0.000245s ]
NOTIC: [8] Undefined index: HTTP_X_FORWARDED_FOR /var/www/html/codeboss/Application/Home/Common/function.php 第 6 行.
NOTIC: [8] Undefined index: HTTP_CLIENT_IP /var/www/html/codeboss/Application/Home/Common/function.php 第 8 行.
SQL: SHOW COLUMNS FROM `db_users` [ RunTime:0.0490s ]
SQL: SELECT `uid`,`register_code`,`randomcode` FROM `db_users` WHERE `uid` = '0@0.com' LIMIT 1   [ RunTime:0.0094s ]
INFO: [ view_parse ] --START--
INFO: [ template_filter ] --START--
INFO: Run Behavior\ContentReplaceBehavior [ RunTime:0.000873s ]
INFO: [ template_filter ] --END-- [ RunTime:0.000920s ]
INFO: Run Behavior\ParseTemplateBehavior [ RunTime:0.033787s ]
INFO: [ view_parse ] --END-- [ RunTime:0.033910s ]
INFO: [ view_filter ] --START--
INFO: Run Behavior\WriteHtmlCacheBehavior [ RunTime:0.000225s ]
INFO: [ view_filter ] --END-- [ RunTime:0.000244s ]
INFO: [ app_end ] --START--
INFO: Run Behavior\ShowPageTraceBehavior [ RunTime:0.000228s ]
INFO: [ app_end ] --END-- [ RunTime:0.000244s ]

[ 2020-01-08T17:00:33+08:00 ] 127.0.0.1 /codeboss/index.php/Home/Panel/account_page
INFO: [ app_init ] --START--
INFO: Run Behavior\BuildLiteBehavior [ RunTime:0.000008s ]
INFO: [ app_init ] --END-- [ RunTime:0.000070s ]
INFO: [ app_begin ] --START--
INFO: Run Behavior\ReadHtmlCacheBehavior [ RunTime:0.000041s ]
INFO: [ app_begin ] --END-- [ RunTime:0.000072s ]
NOTIC: [8] Undefined index: HTTP_X_FORWARDED_FOR /var/www/html/codeboss/Application/Home/Common/function.php 第 6 行.
NOTIC: [8] Undefined index: HTTP_CLIENT_IP /var/www/html/codeboss/Application/Home/Common/function.php 第 8 行.
SQL: SHOW COLUMNS FROM `db_users` [ RunTime:0.0016s ]
SQL: SELECT `uid`,`register_code`,`randomcode` FROM `db_users` WHERE `uid` = '0@0.com' LIMIT 1   [ RunTime:0.0002s ]
INFO: [ view_parse ] --START--
INFO: [ template_filter ] --START--
INFO: Run Behavior\ContentReplaceBehavior [ RunTime:0.000041s ]
INFO: [ template_filter ] --END-- [ RunTime:0.000065s ]
INFO: Run Behavior\ParseTemplateBehavior [ RunTime:0.010687s ]
INFO: [ view_parse ] --END-- [ RunTime:0.010725s ]
INFO: [ view_filter ] --START--
INFO: Run Behavior\WriteHtmlCacheBehavior [ RunTime:0.000047s ]
INFO: [ view_filter ] --END-- [ RunTime:0.000072s ]
INFO: [ app_end ] --START--
INFO: Run Behavior\ShowPageTraceBehavior [ RunTime:0.000045s ]
INFO: [ app_end ] --END-- [ RunTime:0.000057s ]

[ 2020-01-08T17:00:34+08:00 ] 127.0.0.1 /codeboss/index.php/Home/Panel/recharge_page
INFO: [ app_init ] --START--
INFO: Run Behavior\BuildLiteBehavior [ RunTime:0.000006s ]
INFO: [ app_init ] --END-- [ RunTime:0.000040s ]
INFO: [ app_begin ] --START--
INFO: Run Behavior\ReadHtmlCacheBehavior [ RunTime:0.000013s ]
INFO: [ app_begin ] --END-- [ RunTime:0.000027s ]
NOTIC: [8] Undefined index: HTTP_X_FORWARDED_FOR /var/www/html/codeboss/Application/Home/Common/function.php 第 6 行.
NOTIC: [8] Undefined index: HTTP_CLIENT_IP /var/www/html/codeboss/Application/Home/Common/function.php 第 8 行.
SQL: SHOW COLUMNS FROM `db_users` [ RunTime:0.0015s ]
SQL: SELECT `uid`,`register_code`,`randomcode` FROM `db_users` WHERE `uid` = '0@0.com' LIMIT 1   [ RunTime:0.0005s ]
INFO: [ view_parse ] --START--
INFO: [ template_filter ] --START--
INFO: Run Behavior\ContentReplaceBehavior [ RunTime:0.000035s ]
INFO: [ template_filter ] --END-- [ RunTime:0.000177s ]
INFO: Run Behavior\ParseTemplateBehavior [ RunTime:0.014502s ]
INFO: [ view_parse ] --END-- [ RunTime:0.014543s ]
INFO: [ view_filter ] --START--
INFO: Run Behavior\WriteHtmlCacheBehavior [ RunTime:0.000029s ]
INFO: [ view_filter ] --END-- [ RunTime:0.000042s ]
INFO: [ app_end ] --START--
INFO: Run Behavior\ShowPageTraceBehavior [ RunTime:0.000021s ]
INFO: [ app_end ] --END-- [ RunTime:0.000037s ]

[ 2020-01-08T17:00:34+08:00 ] 127.0.0.1 /codeboss/index.php/Home/images/tool/wallet.png
INFO: [ app_init ] --START--
INFO: Run Behavior\BuildLiteBehavior [ RunTime:0.000005s ]
INFO: [ app_init ] --END-- [ RunTime:0.000036s ]

[ 2020-01-08T17:00:34+08:00 ] 127.0.0.1 /codeboss/index.php/Home/images/tool/kuaiqian.jpg
INFO: [ app_init ] --START--
INFO: Run Behavior\BuildLiteBehavior [ RunTime:0.000005s ]
INFO: [ app_init ] --END-- [ RunTime:0.000034s ]

[ 2020-01-08T17:00:34+08:00 ] 127.0.0.1 /codeboss/index.php/Home/images/tool/logo1.png
INFO: [ app_init ] --START--
INFO: Run Behavior\BuildLiteBehavior [ RunTime:0.000108s ]
INFO: [ app_init ] --END-- [ RunTime:0.000556s ]

[ 2020-01-08T17:06:47+08:00 ] 127.0.0.1 /codeboss/index.php/Home/Panel/recharge_page
INFO: [ app_init ] --START--
INFO: Run Behavior\BuildLiteBehavior [ RunTime:0.000008s ]
INFO: [ app_init ] --END-- [ RunTime:0.000075s ]
INFO: [ app_begin ] --START--
INFO: Run Behavior\ReadHtmlCacheBehavior [ RunTime:0.000036s ]
INFO: [ app_begin ] --END-- [ RunTime:0.000057s ]
NOTIC: [8] Undefined index: HTTP_X_FORWARDED_FOR /var/www/html/codeboss/Application/Home/Common/function.php 第 6 行.
NOTIC: [8] Undefined index: HTTP_CLIENT_IP /var/www/html/codeboss/Application/Home/Common/function.php 第 8 行.
SQL: SHOW COLUMNS FROM `db_users` [ RunTime:0.0013s ]
SQL: SELECT `uid`,`register_code`,`randomcode` FROM `db_users` WHERE `uid` = '0@0.com' LIMIT 1   [ RunTime:0.0002s ]
INFO: [ view_parse ] --START--
INFO: [ template_filter ] --START--
INFO: Run Behavior\ContentReplaceBehavior [ RunTime:0.000131s ]
INFO: [ template_filter ] --END-- [ RunTime:0.000208s ]
INFO: Run Behavior\ParseTemplateBehavior [ RunTime:0.011727s ]
INFO: [ view_parse ] --END-- [ RunTime:0.011758s ]
INFO: [ view_filter ] --START--
INFO: Run Behavior\WriteHtmlCacheBehavior [ RunTime:0.000032s ]
INFO: [ view_filter ] --END-- [ RunTime:0.000046s ]
INFO: [ app_end ] --START--
INFO: Run Behavior\ShowPageTraceBehavior [ RunTime:0.001679s ]
INFO: [ app_end ] --END-- [ RunTime:0.001778s ]

[ 2020-01-08T17:06:47+08:00 ] 127.0.0.1 /codeboss/index.php/Home/images/tool/logo1.png
INFO: [ app_init ] --START--
INFO: Run Behavior\BuildLiteBehavior [ RunTime:0.000005s ]
INFO: [ app_init ] --END-- [ RunTime:0.000034s ]

[ 2020-01-08T17:06:47+08:00 ] 127.0.0.1 /codeboss/index.php/Home/images/tool/wallet.png
INFO: [ app_init ] --START--
INFO: Run Behavior\BuildLiteBehavior [ RunTime:0.000005s ]
INFO: [ app_init ] --END-- [ RunTime:0.000037s ]

[ 2020-01-08T17:06:47+08:00 ] 127.0.0.1 /codeboss/index.php/Home/images/tool/kuaiqian.jpg
INFO: [ app_init ] --START--
INFO: Run Behavior\BuildLiteBehavior [ RunTime:0.000006s ]
INFO: [ app_init ] --END-- [ RunTime:0.000040s ]

[ 2020-01-08T17:29:55+08:00 ] 127.0.0.1 /codeboss/index.php/Home/Panel/recharge_page
INFO: [ app_init ] --START--
INFO: Run Behavior\BuildLiteBehavior [ RunTime:0.000013s ]
INFO: [ app_init ] --END-- [ RunTime:0.000287s ]
INFO: [ app_begin ] --START--
INFO: Run Behavior\ReadHtmlCacheBehavior [ RunTime:0.000070s ]
INFO: [ app_begin ] --END-- [ RunTime:0.000378s ]
NOTIC: [8] Undefined index: HTTP_X_FORWARDED_FOR /var/www/html/codeboss/Application/Home/Common/function.php 第 6 行.
NOTIC: [8] Undefined index: HTTP_CLIENT_IP /var/www/html/codeboss/Application/Home/Common/function.php 第 8 行.
SQL: SHOW COLUMNS FROM `db_users` [ RunTime:0.0068s ]
SQL: SELECT `uid`,`register_code`,`randomcode` FROM `db_users` WHERE `uid` = '0@0.com' LIMIT 1   [ RunTime:0.0023s ]
INFO: [ view_parse ] --START--
INFO: [ template_filter ] --START--
INFO: Run Behavior\ContentReplaceBehavior [ RunTime:0.000099s ]
INFO: [ template_filter ] --END-- [ RunTime:0.000142s ]
INFO: Run Behavior\ParseTemplateBehavior [ RunTime:0.020991s ]
INFO: [ view_parse ] --END-- [ RunTime:0.021428s ]
INFO: [ view_filter ] --START--
INFO: Run Behavior\WriteHtmlCacheBehavior [ RunTime:0.000040s ]
INFO: [ view_filter ] --END-- [ RunTime:0.000052s ]
INFO: [ app_end ] --START--
INFO: Run Behavior\ShowPageTraceBehavior [ RunTime:0.000047s ]
INFO: [ app_end ] --END-- [ RunTime:0.000076s ]

[ 2020-01-08T17:29:56+08:00 ] 127.0.0.1 /codeboss/index.php/Home/images/tool/logo1.png
INFO: [ app_init ] --START--
INFO: Run Behavior\BuildLiteBehavior [ RunTime:0.000006s ]
INFO: [ app_init ] --END-- [ RunTime:0.000048s ]

[ 2020-01-08T17:29:56+08:00 ] 127.0.0.1 /codeboss/index.php/Home/images/tool/kuaiqian.jpg
INFO: [ app_init ] --START--
INFO: Run Behavior\BuildLiteBehavior [ RunTime:0.003079s ]
INFO: [ app_init ] --END-- [ RunTime:0.010837s ]

[ 2020-01-08T17:29:56+08:00 ] 127.0.0.1 /codeboss/index.php/Home/images/tool/wallet.png
INFO: [ app_init ] --START--
INFO: Run Behavior\BuildLiteBehavior [ RunTime:0.000468s ]
INFO: [ app_init ] --END-- [ RunTime:0.004495s ]

[ 2020-01-08T17:32:01+08:00 ] 127.0.0.1 /codeboss/index.php/Home/Panel/recharge_page
INFO: [ app_init ] --START--
INFO: Run Behavior\BuildLiteBehavior [ RunTime:0.000006s ]
INFO: [ app_init ] --END-- [ RunTime:0.000045s ]
INFO: [ app_begin ] --START--
INFO: Run Behavior\ReadHtmlCacheBehavior [ RunTime:0.000023s ]
INFO: [ app_begin ] --END-- [ RunTime:0.000040s ]
NOTIC: [8] Undefined index: HTTP_X_FORWARDED_FOR /var/www/html/codeboss/Application/Home/Common/function.php 第 6 行.
NOTIC: [8] Undefined index: HTTP_CLIENT_IP /var/www/html/codeboss/Application/Home/Common/function.php 第 8 行.
SQL: SHOW COLUMNS FROM `db_users` [ RunTime:0.0027s ]
SQL: SELECT `uid`,`register_code`,`randomcode` FROM `db_users` WHERE `uid` = '0@0.com' LIMIT 1   [ RunTime:0.0009s ]
INFO: [ view_parse ] --START--
INFO: [ template_filter ] --START--
INFO: Run Behavior\ContentReplaceBehavior [ RunTime:0.000040s ]
INFO: [ template_filter ] --END-- [ RunTime:0.000062s ]
INFO: Run Behavior\ParseTemplateBehavior [ RunTime:0.009872s ]
INFO: [ view_parse ] --END-- [ RunTime:0.009930s ]
INFO: [ view_filter ] --START--
INFO: Run Behavior\WriteHtmlCacheBehavior [ RunTime:0.000033s ]
INFO: [ view_filter ] --END-- [ RunTime:0.000046s ]
INFO: [ app_end ] --START--
INFO: Run Behavior\ShowPageTraceBehavior [ RunTime:0.000046s ]
INFO: [ app_end ] --END-- [ RunTime:0.000064s ]

[ 2020-01-08T17:32:01+08:00 ] 127.0.0.1 /codeboss/index.php/Home/images/tool/logo1.png
INFO: [ app_init ] --START--
INFO: Run Behavior\BuildLiteBehavior [ RunTime:0.000005s ]
INFO: [ app_init ] --END-- [ RunTime:0.000035s ]

[ 2020-01-08T17:32:01+08:00 ] 127.0.0.1 /codeboss/index.php/Home/images/tool/wallet.png
INFO: [ app_init ] --START--
INFO: Run Behavior\BuildLiteBehavior [ RunTime:0.000006s ]
INFO: [ app_init ] --END-- [ RunTime:0.000035s ]

[ 2020-01-08T17:32:01+08:00 ] 127.0.0.1 /codeboss/index.php/Home/images/tool/kuaiqian.jpg
INFO: [ app_init ] --START--
INFO: Run Behavior\BuildLiteBehavior [ RunTime:0.000020s ]
INFO: [ app_init ] --END-- [ RunTime:0.000063s ]

[ 2020-01-08T17:37:39+08:00 ] 127.0.0.1 /codeboss/index.php/Home/Panel/recharge_page
INFO: [ app_init ] --START--
INFO: Run Behavior\BuildLiteBehavior [ RunTime:0.000006s ]
INFO: [ app_init ] --END-- [ RunTime:0.000054s ]
INFO: [ app_begin ] --START--
INFO: Run Behavior\ReadHtmlCacheBehavior [ RunTime:0.000023s ]
INFO: [ app_begin ] --END-- [ RunTime:0.000041s ]
NOTIC: [8] Undefined index: HTTP_X_FORWARDED_FOR /var/www/html/codeboss/Application/Home/Common/function.php 第 6 行.
NOTIC: [8] Undefined index: HTTP_CLIENT_IP /var/www/html/codeboss/Application/Home/Common/function.php 第 8 行.
SQL: SHOW COLUMNS FROM `db_users` [ RunTime:0.0055s ]
SQL: SELECT `uid`,`register_code`,`randomcode` FROM `db_users` WHERE `uid` = '0@0.com' LIMIT 1   [ RunTime:0.0016s ]
INFO: [ view_parse ] --START--
INFO: [ template_filter ] --START--
INFO: Run Behavior\ContentReplaceBehavior [ RunTime:0.000045s ]
INFO: [ template_filter ] --END-- [ RunTime:0.000067s ]
INFO: Run Behavior\ParseTemplateBehavior [ RunTime:0.004599s ]
INFO: [ view_parse ] --END-- [ RunTime:0.004623s ]
INFO: [ view_filter ] --START--
INFO: Run Behavior\WriteHtmlCacheBehavior [ RunTime:0.000024s ]
INFO: [ view_filter ] --END-- [ RunTime:0.000038s ]
INFO: [ app_end ] --START--
INFO: Run Behavior\ShowPageTraceBehavior [ RunTime:0.000030s ]
INFO: [ app_end ] --END-- [ RunTime:0.000047s ]

[ 2020-01-08T17:37:39+08:00 ] 127.0.0.1 /codeboss/index.php/Home/images/tool/logo1.png
INFO: [ app_init ] --START--
INFO: Run Behavior\BuildLiteBehavior [ RunTime:0.000005s ]
INFO: [ app_init ] --END-- [ RunTime:0.000035s ]

[ 2020-01-08T17:37:39+08:00 ] 127.0.0.1 /codeboss/index.php/Home/images/tool/wallet.png
INFO: [ app_init ] --START--
INFO: Run Behavior\BuildLiteBehavior [ RunTime:0.000006s ]
INFO: [ app_init ] --END-- [ RunTime:0.000040s ]

[ 2020-01-08T17:37:39+08:00 ] 127.0.0.1 /codeboss/index.php/Home/images/tool/kuaiqian.jpg
INFO: [ app_init ] --START--
INFO: Run Behavior\BuildLiteBehavior [ RunTime:0.000006s ]
INFO: [ app_init ] --END-- [ RunTime:0.000037s ]

[ 2020-01-08T17:38:18+08:00 ] 127.0.0.1 /codeboss/index.php/Home/Panel/recharge_page
INFO: [ app_init ] --START--
INFO: Run Behavior\BuildLiteBehavior [ RunTime:0.000006s ]
INFO: [ app_init ] --END-- [ RunTime:0.000039s ]
INFO: [ app_begin ] --START--
INFO: Run Behavior\ReadHtmlCacheBehavior [ RunTime:0.000016s ]
INFO: [ app_begin ] --END-- [ RunTime:0.000030s ]
NOTIC: [8] Undefined index: HTTP_X_FORWARDED_FOR /var/www/html/codeboss/Application/Home/Common/function.php 第 6 行.
NOTIC: [8] Undefined index: HTTP_CLIENT_IP /var/www/html/codeboss/Application/Home/Common/function.php 第 8 行.
SQL: SHOW COLUMNS FROM `db_users` [ RunTime:0.0013s ]
SQL: SELECT `uid`,`register_code`,`randomcode` FROM `db_users` WHERE `uid` = '0@0.com' LIMIT 1   [ RunTime:0.0003s ]
INFO: [ view_parse ] --START--
INFO: [ template_filter ] --START--
INFO: Run Behavior\ContentReplaceBehavior [ RunTime:0.000133s ]
INFO: [ template_filter ] --END-- [ RunTime:0.000743s ]
INFO: Run Behavior\ParseTemplateBehavior [ RunTime:0.006357s ]
INFO: [ view_parse ] --END-- [ RunTime:0.006381s ]
INFO: [ view_filter ] --START--
INFO: Run Behavior\WriteHtmlCacheBehavior [ RunTime:0.000027s ]
INFO: [ view_filter ] --END-- [ RunTime:0.000039s ]
INFO: [ app_end ] --START--
INFO: Run Behavior\ShowPageTraceBehavior [ RunTime:0.000023s ]
INFO: [ app_end ] --END-- [ RunTime:0.000049s ]

[ 2020-01-08T17:38:18+08:00 ] 127.0.0.1 /codeboss/index.php/Home/images/tool/logo1.png
INFO: [ app_init ] --START--
INFO: Run Behavior\BuildLiteBehavior [ RunTime:0.000006s ]
INFO: [ app_init ] --END-- [ RunTime:0.000038s ]

[ 2020-01-08T17:38:18+08:00 ] 127.0.0.1 /codeboss/index.php/Home/images/tool/wallet.png
INFO: [ app_init ] --START--
INFO: Run Behavior\BuildLiteBehavior [ RunTime:0.000005s ]
INFO: [ app_init ] --END-- [ RunTime:0.000036s ]

[ 2020-01-08T17:38:18+08:00 ] 127.0.0.1 /codeboss/index.php/Home/images/tool/kuaiqian.jpg
INFO: [ app_init ] --START--
INFO: Run Behavior\BuildLiteBehavior [ RunTime:0.000005s ]
INFO: [ app_init ] --END-- [ RunTime:0.000033s ]

[ 2020-01-08T17:38:21+08:00 ] 127.0.0.1 /codeboss/index.php/Home/Panel/recharge_page
INFO: [ app_init ] --START--
INFO: Run Behavior\BuildLiteBehavior [ RunTime:0.000005s ]
INFO: [ app_init ] --END-- [ RunTime:0.000040s ]
INFO: [ app_begin ] --START--
INFO: Run Behavior\ReadHtmlCacheBehavior [ RunTime:0.000026s ]
INFO: [ app_begin ] --END-- [ RunTime:0.000045s ]
NOTIC: [8] Undefined index: HTTP_X_FORWARDED_FOR /var/www/html/codeboss/Application/Home/Common/function.php 第 6 行.
NOTIC: [8] Undefined index: HTTP_CLIENT_IP /var/www/html/codeboss/Application/Home/Common/function.php 第 8 行.
SQL: SHOW COLUMNS FROM `db_users` [ RunTime:0.0039s ]
SQL: SELECT `uid`,`register_code`,`randomcode` FROM `db_users` WHERE `uid` = '0@0.com' LIMIT 1   [ RunTime:0.0001s ]
INFO: [ view_parse ] --START--
INFO: [ template_filter ] --START--
INFO: Run Behavior\ContentReplaceBehavior [ RunTime:0.000043s ]
INFO: [ template_filter ] --END-- [ RunTime:0.000063s ]
INFO: Run Behavior\ParseTemplateBehavior [ RunTime:0.004503s ]
INFO: [ view_parse ] --END-- [ RunTime:0.004527s ]
INFO: [ view_filter ] --START--
INFO: Run Behavior\WriteHtmlCacheBehavior [ RunTime:0.000024s ]
INFO: [ view_filter ] --END-- [ RunTime:0.000037s ]
INFO: [ app_end ] --START--
INFO: Run Behavior\ShowPageTraceBehavior [ RunTime:0.000032s ]
INFO: [ app_end ] --END-- [ RunTime:0.000050s ]

[ 2020-01-08T17:38:21+08:00 ] 127.0.0.1 /codeboss/index.php/Home/images/tool/logo1.png
INFO: [ app_init ] --START--
INFO: Run Behavior\BuildLiteBehavior [ RunTime:0.000007s ]
INFO: [ app_init ] --END-- [ RunTime:0.000037s ]

[ 2020-01-08T17:38:21+08:00 ] 127.0.0.1 /codeboss/index.php/Home/images/tool/wallet.png
INFO: [ app_init ] --START--
INFO: Run Behavior\BuildLiteBehavior [ RunTime:0.000005s ]
INFO: [ app_init ] --END-- [ RunTime:0.000036s ]

[ 2020-01-08T17:38:21+08:00 ] 127.0.0.1 /codeboss/index.php/Home/images/tool/kuaiqian.jpg
INFO: [ app_init ] --START--
INFO: Run Behavior\BuildLiteBehavior [ RunTime:0.000010s ]
INFO: [ app_init ] --END-- [ RunTime:0.000072s ]

[ 2020-01-08T17:38:22+08:00 ] 127.0.0.1 /codeboss/index.php/Home/Panel/recharge_page
INFO: [ app_init ] --START--
INFO: Run Behavior\BuildLiteBehavior [ RunTime:0.000006s ]
INFO: [ app_init ] --END-- [ RunTime:0.000035s ]
INFO: [ app_begin ] --START--
INFO: Run Behavior\ReadHtmlCacheBehavior [ RunTime:0.000024s ]
INFO: [ app_begin ] --END-- [ RunTime:0.000044s ]
NOTIC: [8] Undefined index: HTTP_X_FORWARDED_FOR /var/www/html/codeboss/Application/Home/Common/function.php 第 6 行.
NOTIC: [8] Undefined index: HTTP_CLIENT_IP /var/www/html/codeboss/Application/Home/Common/function.php 第 8 行.
SQL: SHOW COLUMNS FROM `db_users` [ RunTime:0.0007s ]
SQL: SELECT `uid`,`register_code`,`randomcode` FROM `db_users` WHERE `uid` = '0@0.com' LIMIT 1   [ RunTime:0.0002s ]
INFO: [ view_parse ] --START--
INFO: [ template_filter ] --START--
INFO: Run Behavior\ContentReplaceBehavior [ RunTime:0.000057s ]
INFO: [ template_filter ] --END-- [ RunTime:0.000086s ]
INFO: Run Behavior\ParseTemplateBehavior [ RunTime:0.006658s ]
INFO: [ view_parse ] --END-- [ RunTime:0.006687s ]
INFO: [ view_filter ] --START--
INFO: Run Behavior\WriteHtmlCacheBehavior [ RunTime:0.000024s ]
INFO: [ view_filter ] --END-- [ RunTime:0.000037s ]
INFO: [ app_end ] --START--
INFO: Run Behavior\ShowPageTraceBehavior [ RunTime:0.000033s ]
INFO: [ app_end ] --END-- [ RunTime:0.000050s ]

[ 2020-01-08T17:38:22+08:00 ] 127.0.0.1 /codeboss/index.php/Home/images/tool/logo1.png
INFO: [ app_init ] --START--
INFO: Run Behavior\BuildLiteBehavior [ RunTime:0.000006s ]
INFO: [ app_init ] --END-- [ RunTime:0.000035s ]

[ 2020-01-08T17:38:22+08:00 ] 127.0.0.1 /codeboss/index.php/Home/images/tool/wallet.png
INFO: [ app_init ] --START--
INFO: Run Behavior\BuildLiteBehavior [ RunTime:0.000005s ]
INFO: [ app_init ] --END-- [ RunTime:0.000035s ]

[ 2020-01-08T17:38:22+08:00 ] 127.0.0.1 /codeboss/index.php/Home/images/tool/kuaiqian.jpg
INFO: [ app_init ] --START--
INFO: Run Behavior\BuildLiteBehavior [ RunTime:0.000006s ]
INFO: [ app_init ] --END-- [ RunTime:0.000035s ]

[ 2020-01-08T17:38:23+08:00 ] 127.0.0.1 /codeboss/index.php/Home/Panel/recharge_page
INFO: [ app_init ] --START--
INFO: Run Behavior\BuildLiteBehavior [ RunTime:0.000006s ]
INFO: [ app_init ] --END-- [ RunTime:0.000034s ]
INFO: [ app_begin ] --START--
INFO: Run Behavior\ReadHtmlCacheBehavior [ RunTime:0.000027s ]
INFO: [ app_begin ] --END-- [ RunTime:0.000044s ]
NOTIC: [8] Undefined index: HTTP_X_FORWARDED_FOR /var/www/html/codeboss/Application/Home/Common/function.php 第 6 行.
NOTIC: [8] Undefined index: HTTP_CLIENT_IP /var/www/html/codeboss/Application/Home/Common/function.php 第 8 行.
SQL: SHOW COLUMNS FROM `db_users` [ RunTime:0.0005s ]
SQL: SELECT `uid`,`register_code`,`randomcode` FROM `db_users` WHERE `uid` = '0@0.com' LIMIT 1   [ RunTime:0.0001s ]
INFO: [ view_parse ] --START--
INFO: [ template_filter ] --START--
INFO: Run Behavior\ContentReplaceBehavior [ RunTime:0.000038s ]
INFO: [ template_filter ] --END-- [ RunTime:0.000058s ]
INFO: Run Behavior\ParseTemplateBehavior [ RunTime:0.004920s ]
INFO: [ view_parse ] --END-- [ RunTime:0.004942s ]
INFO: [ view_filter ] --START--
INFO: Run Behavior\WriteHtmlCacheBehavior [ RunTime:0.000022s ]
INFO: [ view_filter ] --END-- [ RunTime:0.000034s ]
INFO: [ app_end ] --START--
INFO: Run Behavior\ShowPageTraceBehavior [ RunTime:0.000016s ]
INFO: [ app_end ] --END-- [ RunTime:0.000029s ]

[ 2020-01-08T17:38:23+08:00 ] 127.0.0.1 /codeboss/index.php/Home/images/tool/logo1.png
INFO: [ app_init ] --START--
INFO: Run Behavior\BuildLiteBehavior [ RunTime:0.000017s ]
INFO: [ app_init ] --END-- [ RunTime:0.000049s ]

[ 2020-01-08T17:38:23+08:00 ] 127.0.0.1 /codeboss/index.php/Home/images/tool/wallet.png
INFO: [ app_init ] --START--
INFO: Run Behavior\BuildLiteBehavior [ RunTime:0.000006s ]
INFO: [ app_init ] --END-- [ RunTime:0.000035s ]

[ 2020-01-08T17:38:23+08:00 ] 127.0.0.1 /codeboss/index.php/Home/images/tool/kuaiqian.jpg
INFO: [ app_init ] --START--
INFO: Run Behavior\BuildLiteBehavior [ RunTime:0.000005s ]
INFO: [ app_init ] --END-- [ RunTime:0.000031s ]

[ 2020-01-08T17:38:23+08:00 ] 127.0.0.1 /codeboss/index.php/Home/Panel/recharge_page
INFO: [ app_init ] --START--
INFO: Run Behavior\BuildLiteBehavior [ RunTime:0.000008s ]
INFO: [ app_init ] --END-- [ RunTime:0.000070s ]
INFO: [ app_begin ] --START--
INFO: Run Behavior\ReadHtmlCacheBehavior [ RunTime:0.000020s ]
INFO: [ app_begin ] --END-- [ RunTime:0.000049s ]
NOTIC: [8] Undefined index: HTTP_X_FORWARDED_FOR /var/www/html/codeboss/Application/Home/Common/function.php 第 6 行.
NOTIC: [8] Undefined index: HTTP_CLIENT_IP /var/www/html/codeboss/Application/Home/Common/function.php 第 8 行.
SQL: SHOW COLUMNS FROM `db_users` [ RunTime:0.0023s ]
SQL: SELECT `uid`,`register_code`,`randomcode` FROM `db_users` WHERE `uid` = '0@0.com' LIMIT 1   [ RunTime:0.0001s ]
INFO: [ view_parse ] --START--
INFO: [ template_filter ] --START--
INFO: Run Behavior\ContentReplaceBehavior [ RunTime:0.000034s ]
INFO: [ template_filter ] --END-- [ RunTime:0.000053s ]
INFO: Run Behavior\ParseTemplateBehavior [ RunTime:0.004216s ]
INFO: [ view_parse ] --END-- [ RunTime:0.004238s ]
INFO: [ view_filter ] --START--
INFO: Run Behavior\WriteHtmlCacheBehavior [ RunTime:0.000019s ]
INFO: [ view_filter ] --END-- [ RunTime:0.000031s ]
INFO: [ app_end ] --START--
INFO: Run Behavior\ShowPageTraceBehavior [ RunTime:0.000016s ]
INFO: [ app_end ] --END-- [ RunTime:0.000028s ]

[ 2020-01-08T17:38:23+08:00 ] 127.0.0.1 /codeboss/index.php/Home/images/tool/logo1.png
INFO: [ app_init ] --START--
INFO: Run Behavior\BuildLiteBehavior [ RunTime:0.000005s ]
INFO: [ app_init ] --END-- [ RunTime:0.000035s ]

[ 2020-01-08T17:38:23+08:00 ] 127.0.0.1 /codeboss/index.php/Home/images/tool/wallet.png
INFO: [ app_init ] --START--
INFO: Run Behavior\BuildLiteBehavior [ RunTime:0.000006s ]
INFO: [ app_init ] --END-- [ RunTime:0.000036s ]

[ 2020-01-08T17:38:23+08:00 ] 127.0.0.1 /codeboss/index.php/Home/images/tool/kuaiqian.jpg
INFO: [ app_init ] --START--
INFO: Run Behavior\BuildLiteBehavior [ RunTime:0.000007s ]
INFO: [ app_init ] --END-- [ RunTime:0.000048s ]

[ 2020-01-08T17:38:23+08:00 ] 127.0.0.1 /codeboss/index.php/Home/Panel/recharge_page
INFO: [ app_init ] --START--
INFO: Run Behavior\BuildLiteBehavior [ RunTime:0.000005s ]
INFO: [ app_init ] --END-- [ RunTime:0.000038s ]
INFO: [ app_begin ] --START--
INFO: Run Behavior\ReadHtmlCacheBehavior [ RunTime:0.000016s ]
INFO: [ app_begin ] --END-- [ RunTime:0.000033s ]
NOTIC: [8] Undefined index: HTTP_X_FORWARDED_FOR /var/www/html/codeboss/Application/Home/Common/function.php 第 6 行.
NOTIC: [8] Undefined index: HTTP_CLIENT_IP /var/www/html/codeboss/Application/Home/Common/function.php 第 8 行.
SQL: SHOW COLUMNS FROM `db_users` [ RunTime:0.0003s ]
SQL: SELECT `uid`,`register_code`,`randomcode` FROM `db_users` WHERE `uid` = '0@0.com' LIMIT 1   [ RunTime:0.0001s ]
INFO: [ view_parse ] --START--
INFO: [ template_filter ] --START--
INFO: Run Behavior\ContentReplaceBehavior [ RunTime:0.000034s ]
INFO: [ template_filter ] --END-- [ RunTime:0.000054s ]
INFO: Run Behavior\ParseTemplateBehavior [ RunTime:0.009186s ]
INFO: [ view_parse ] --END-- [ RunTime:0.009214s ]
INFO: [ view_filter ] --START--
INFO: Run Behavior\WriteHtmlCacheBehavior [ RunTime:0.000026s ]
INFO: [ view_filter ] --END-- [ RunTime:0.000039s ]
INFO: [ app_end ] --START--
INFO: Run Behavior\ShowPageTraceBehavior [ RunTime:0.000021s ]
INFO: [ app_end ] --END-- [ RunTime:0.000037s ]

[ 2020-01-08T17:38:23+08:00 ] 127.0.0.1 /codeboss/index.php/Home/images/tool/logo1.png
INFO: [ app_init ] --START--
INFO: Run Behavior\BuildLiteBehavior [ RunTime:0.000005s ]
INFO: [ app_init ] --END-- [ RunTime:0.000034s ]

[ 2020-01-08T17:38:23+08:00 ] 127.0.0.1 /codeboss/index.php/Home/images/tool/wallet.png
INFO: [ app_init ] --START--
INFO: Run Behavior\BuildLiteBehavior [ RunTime:0.000006s ]
INFO: [ app_init ] --END-- [ RunTime:0.000050s ]

[ 2020-01-08T17:38:23+08:00 ] 127.0.0.1 /codeboss/index.php/Home/images/tool/kuaiqian.jpg
INFO: [ app_init ] --START--
INFO: Run Behavior\BuildLiteBehavior [ RunTime:0.000006s ]
INFO: [ app_init ] --END-- [ RunTime:0.000035s ]

[ 2020-01-08T17:38:24+08:00 ] 127.0.0.1 /codeboss/index.php/Home/Panel/recharge_page
INFO: [ app_init ] --START--
INFO: Run Behavior\BuildLiteBehavior [ RunTime:0.000006s ]
INFO: [ app_init ] --END-- [ RunTime:0.000042s ]
INFO: [ app_begin ] --START--
INFO: Run Behavior\ReadHtmlCacheBehavior [ RunTime:0.000023s ]
INFO: [ app_begin ] --END-- [ RunTime:0.000040s ]
NOTIC: [8] Undefined index: HTTP_X_FORWARDED_FOR /var/www/html/codeboss/Application/Home/Common/function.php 第 6 行.
NOTIC: [8] Undefined index: HTTP_CLIENT_IP /var/www/html/codeboss/Application/Home/Common/function.php 第 8 行.
SQL: SHOW COLUMNS FROM `db_users` [ RunTime:0.0007s ]
SQL: SELECT `uid`,`register_code`,`randomcode` FROM `db_users` WHERE `uid` = '0@0.com' LIMIT 1   [ RunTime:0.0002s ]
INFO: [ view_parse ] --START--
INFO: [ template_filter ] --START--
INFO: Run Behavior\ContentReplaceBehavior [ RunTime:0.001100s ]
INFO: [ template_filter ] --END-- [ RunTime:0.001145s ]
INFO: Run Behavior\ParseTemplateBehavior [ RunTime:0.012859s ]
INFO: [ view_parse ] --END-- [ RunTime:0.012883s ]
INFO: [ view_filter ] --START--
INFO: Run Behavior\WriteHtmlCacheBehavior [ RunTime:0.000031s ]
INFO: [ view_filter ] --END-- [ RunTime:0.000044s ]
INFO: [ app_end ] --START--
INFO: Run Behavior\ShowPageTraceBehavior [ RunTime:0.000063s ]
INFO: [ app_end ] --END-- [ RunTime:0.000091s ]

[ 2020-01-08T17:38:24+08:00 ] 127.0.0.1 /codeboss/index.php/Home/images/tool/logo1.png
INFO: [ app_init ] --START--
INFO: Run Behavior\BuildLiteBehavior [ RunTime:0.000005s ]
INFO: [ app_init ] --END-- [ RunTime:0.000034s ]

[ 2020-01-08T17:38:24+08:00 ] 127.0.0.1 /codeboss/index.php/Home/images/tool/wallet.png
INFO: [ app_init ] --START--
INFO: Run Behavior\BuildLiteBehavior [ RunTime:0.000005s ]
INFO: [ app_init ] --END-- [ RunTime:0.000036s ]

[ 2020-01-08T17:38:24+08:00 ] 127.0.0.1 /codeboss/index.php/Home/images/tool/kuaiqian.jpg
INFO: [ app_init ] --START--
INFO: Run Behavior\BuildLiteBehavior [ RunTime:0.000006s ]
INFO: [ app_init ] --END-- [ RunTime:0.000032s ]

[ 2020-01-08T17:38:24+08:00 ] 127.0.0.1 /codeboss/index.php/Home/Panel/recharge_page
INFO: [ app_init ] --START--
INFO: Run Behavior\BuildLiteBehavior [ RunTime:0.000006s ]
INFO: [ app_init ] --END-- [ RunTime:0.000036s ]
INFO: [ app_begin ] --START--
INFO: Run Behavior\ReadHtmlCacheBehavior [ RunTime:0.000016s ]
INFO: [ app_begin ] --END-- [ RunTime:0.000033s ]
NOTIC: [8] Undefined index: HTTP_X_FORWARDED_FOR /var/www/html/codeboss/Application/Home/Common/function.php 第 6 行.
NOTIC: [8] Undefined index: HTTP_CLIENT_IP /var/www/html/codeboss/Application/Home/Common/function.php 第 8 行.
SQL: SHOW COLUMNS FROM `db_users` [ RunTime:0.0023s ]
SQL: SELECT `uid`,`register_code`,`randomcode` FROM `db_users` WHERE `uid` = '0@0.com' LIMIT 1   [ RunTime:0.0014s ]
INFO: [ view_parse ] --START--
INFO: [ template_filter ] --START--
INFO: Run Behavior\ContentReplaceBehavior [ RunTime:0.000035s ]
INFO: [ template_filter ] --END-- [ RunTime:0.000054s ]
INFO: Run Behavior\ParseTemplateBehavior [ RunTime:0.004203s ]
INFO: [ view_parse ] --END-- [ RunTime:0.004225s ]
INFO: [ view_filter ] --START--
INFO: Run Behavior\WriteHtmlCacheBehavior [ RunTime:0.000032s ]
INFO: [ view_filter ] --END-- [ RunTime:0.000046s ]
INFO: [ app_end ] --START--
INFO: Run Behavior\ShowPageTraceBehavior [ RunTime:0.000019s ]
INFO: [ app_end ] --END-- [ RunTime:0.000032s ]

[ 2020-01-08T17:38:24+08:00 ] 127.0.0.1 /codeboss/index.php/Home/images/tool/logo1.png
INFO: [ app_init ] --START--
INFO: Run Behavior\BuildLiteBehavior [ RunTime:0.000006s ]
INFO: [ app_init ] --END-- [ RunTime:0.000033s ]

[ 2020-01-08T17:38:24+08:00 ] 127.0.0.1 /codeboss/index.php/Home/images/tool/wallet.png
INFO: [ app_init ] --START--
INFO: Run Behavior\BuildLiteBehavior [ RunTime:0.000017s ]
INFO: [ app_init ] --END-- [ RunTime:0.000049s ]

[ 2020-01-08T17:38:24+08:00 ] 127.0.0.1 /codeboss/index.php/Home/images/tool/kuaiqian.jpg
INFO: [ app_init ] --START--
INFO: Run Behavior\BuildLiteBehavior [ RunTime:0.000005s ]
INFO: [ app_init ] --END-- [ RunTime:0.000034s ]

[ 2020-01-08T17:38:24+08:00 ] 127.0.0.1 /codeboss/index.php/Home/Panel/recharge_page
INFO: [ app_init ] --START--
INFO: Run Behavior\BuildLiteBehavior [ RunTime:0.000006s ]
INFO: [ app_init ] --END-- [ RunTime:0.000036s ]
INFO: [ app_begin ] --START--
INFO: Run Behavior\ReadHtmlCacheBehavior [ RunTime:0.000014s ]
INFO: [ app_begin ] --END-- [ RunTime:0.000028s ]
NOTIC: [8] Undefined index: HTTP_X_FORWARDED_FOR /var/www/html/codeboss/Application/Home/Common/function.php 第 6 行.
NOTIC: [8] Undefined index: HTTP_CLIENT_IP /var/www/html/codeboss/Application/Home/Common/function.php 第 8 行.
SQL: SHOW COLUMNS FROM `db_users` [ RunTime:0.0011s ]
SQL: SELECT `uid`,`register_code`,`randomcode` FROM `db_users` WHERE `uid` = '0@0.com' LIMIT 1   [ RunTime:0.0005s ]
INFO: [ view_parse ] --START--
INFO: [ template_filter ] --START--
INFO: Run Behavior\ContentReplaceBehavior [ RunTime:0.000034s ]
INFO: [ template_filter ] --END-- [ RunTime:0.000052s ]
INFO: Run Behavior\ParseTemplateBehavior [ RunTime:0.007750s ]
INFO: [ view_parse ] --END-- [ RunTime:0.007780s ]
INFO: [ view_filter ] --START--
INFO: Run Behavior\WriteHtmlCacheBehavior [ RunTime:0.000028s ]
INFO: [ view_filter ] --END-- [ RunTime:0.000041s ]
INFO: [ app_end ] --START--
INFO: Run Behavior\ShowPageTraceBehavior [ RunTime:0.000016s ]
INFO: [ app_end ] --END-- [ RunTime:0.000029s ]

[ 2020-01-08T17:38:24+08:00 ] 127.0.0.1 /codeboss/index.php/Home/images/tool/logo1.png
INFO: [ app_init ] --START--
INFO: Run Behavior\BuildLiteBehavior [ RunTime:0.000005s ]
INFO: [ app_init ] --END-- [ RunTime:0.000034s ]

[ 2020-01-08T17:38:24+08:00 ] 127.0.0.1 /codeboss/index.php/Home/images/tool/wallet.png
INFO: [ app_init ] --START--
INFO: Run Behavior\BuildLiteBehavior [ RunTime:0.000005s ]
INFO: [ app_init ] --END-- [ RunTime:0.000034s ]

[ 2020-01-08T17:38:24+08:00 ] 127.0.0.1 /codeboss/index.php/Home/images/tool/kuaiqian.jpg
INFO: [ app_init ] --START--
INFO: Run Behavior\BuildLiteBehavior [ RunTime:0.000006s ]
INFO: [ app_init ] --END-- [ RunTime:0.000035s ]

[ 2020-01-08T17:38:24+08:00 ] 127.0.0.1 /codeboss/index.php/Home/Panel/recharge_page
INFO: [ app_init ] --START--
INFO: Run Behavior\BuildLiteBehavior [ RunTime:0.000005s ]
INFO: [ app_init ] --END-- [ RunTime:0.000036s ]
INFO: [ app_begin ] --START--
INFO: Run Behavior\ReadHtmlCacheBehavior [ RunTime:0.000014s ]
INFO: [ app_begin ] --END-- [ RunTime:0.000030s ]
NOTIC: [8] Undefined index: HTTP_X_FORWARDED_FOR /var/www/html/codeboss/Application/Home/Common/function.php 第 6 行.
NOTIC: [8] Undefined index: HTTP_CLIENT_IP /var/www/html/codeboss/Application/Home/Common/function.php 第 8 行.
SQL: SHOW COLUMNS FROM `db_users` [ RunTime:0.0007s ]
SQL: SELECT `uid`,`register_code`,`randomcode` FROM `db_users` WHERE `uid` = '0@0.com' LIMIT 1   [ RunTime:0.0001s ]
INFO: [ view_parse ] --START--
INFO: [ template_filter ] --START--
INFO: Run Behavior\ContentReplaceBehavior [ RunTime:0.000034s ]
INFO: [ template_filter ] --END-- [ RunTime:0.000053s ]
INFO: Run Behavior\ParseTemplateBehavior [ RunTime:0.006161s ]
INFO: [ view_parse ] --END-- [ RunTime:0.006193s ]
INFO: [ view_filter ] --START--
INFO: Run Behavior\WriteHtmlCacheBehavior [ RunTime:0.000040s ]
INFO: [ view_filter ] --END-- [ RunTime:0.000055s ]
INFO: [ app_end ] --START--
INFO: Run Behavior\ShowPageTraceBehavior [ RunTime:0.000019s ]
INFO: [ app_end ] --END-- [ RunTime:0.000032s ]

[ 2020-01-08T17:38:24+08:00 ] 127.0.0.1 /codeboss/index.php/Home/images/tool/logo1.png
INFO: [ app_init ] --START--
INFO: Run Behavior\BuildLiteBehavior [ RunTime:0.000005s ]
INFO: [ app_init ] --END-- [ RunTime:0.000035s ]

[ 2020-01-08T17:38:24+08:00 ] 127.0.0.1 /codeboss/index.php/Home/images/tool/wallet.png
INFO: [ app_init ] --START--
INFO: Run Behavior\BuildLiteBehavior [ RunTime:0.000006s ]
INFO: [ app_init ] --END-- [ RunTime:0.000035s ]

[ 2020-01-08T17:38:24+08:00 ] 127.0.0.1 /codeboss/index.php/Home/images/tool/kuaiqian.jpg
INFO: [ app_init ] --START--
INFO: Run Behavior\BuildLiteBehavior [ RunTime:0.000005s ]
INFO: [ app_init ] --END-- [ RunTime:0.000033s ]

[ 2020-01-08T17:38:25+08:00 ] 127.0.0.1 /codeboss/index.php/Home/Panel/recharge_page
INFO: [ app_init ] --START--
INFO: Run Behavior\BuildLiteBehavior [ RunTime:0.000005s ]
INFO: [ app_init ] --END-- [ RunTime:0.000046s ]
INFO: [ app_begin ] --START--
INFO: Run Behavior\ReadHtmlCacheBehavior [ RunTime:0.000015s ]
INFO: [ app_begin ] --END-- [ RunTime:0.000029s ]
NOTIC: [8] Undefined index: HTTP_X_FORWARDED_FOR /var/www/html/codeboss/Application/Home/Common/function.php 第 6 行.
NOTIC: [8] Undefined index: HTTP_CLIENT_IP /var/www/html/codeboss/Application/Home/Common/function.php 第 8 行.
SQL: SHOW COLUMNS FROM `db_users` [ RunTime:0.0005s ]
SQL: SELECT `uid`,`register_code`,`randomcode` FROM `db_users` WHERE `uid` = '0@0.com' LIMIT 1   [ RunTime:0.0003s ]
INFO: [ view_parse ] --START--
INFO: [ template_filter ] --START--
INFO: Run Behavior\ContentReplaceBehavior [ RunTime:0.000052s ]
INFO: [ template_filter ] --END-- [ RunTime:0.000074s ]
INFO: Run Behavior\ParseTemplateBehavior [ RunTime:0.005434s ]
INFO: [ view_parse ] --END-- [ RunTime:0.005459s ]
INFO: [ view_filter ] --START--
INFO: Run Behavior\WriteHtmlCacheBehavior [ RunTime:0.000023s ]
INFO: [ view_filter ] --END-- [ RunTime:0.000036s ]
INFO: [ app_end ] --START--
INFO: Run Behavior\ShowPageTraceBehavior [ RunTime:0.000015s ]
INFO: [ app_end ] --END-- [ RunTime:0.000029s ]

[ 2020-01-08T17:38:25+08:00 ] 127.0.0.1 /codeboss/index.php/Home/images/tool/logo1.png
INFO: [ app_init ] --START--
INFO: Run Behavior\BuildLiteBehavior [ RunTime:0.000006s ]
INFO: [ app_init ] --END-- [ RunTime:0.000034s ]

[ 2020-01-08T17:38:25+08:00 ] 127.0.0.1 /codeboss/index.php/Home/images/tool/wallet.png
INFO: [ app_init ] --START--
INFO: Run Behavior\BuildLiteBehavior [ RunTime:0.000006s ]
INFO: [ app_init ] --END-- [ RunTime:0.000037s ]

[ 2020-01-08T17:38:25+08:00 ] 127.0.0.1 /codeboss/index.php/Home/images/tool/kuaiqian.jpg
INFO: [ app_init ] --START--
INFO: Run Behavior\BuildLiteBehavior [ RunTime:0.000006s ]
INFO: [ app_init ] --END-- [ RunTime:0.000036s ]

[ 2020-01-08T17:38:25+08:00 ] 127.0.0.1 /codeboss/index.php/Home/Panel/recharge_page
INFO: [ app_init ] --START--
INFO: Run Behavior\BuildLiteBehavior [ RunTime:0.000006s ]
INFO: [ app_init ] --END-- [ RunTime:0.000036s ]
INFO: [ app_begin ] --START--
INFO: Run Behavior\ReadHtmlCacheBehavior [ RunTime:0.000014s ]
INFO: [ app_begin ] --END-- [ RunTime:0.000028s ]
NOTIC: [8] Undefined index: HTTP_X_FORWARDED_FOR /var/www/html/codeboss/Application/Home/Common/function.php 第 6 行.
NOTIC: [8] Undefined index: HTTP_CLIENT_IP /var/www/html/codeboss/Application/Home/Common/function.php 第 8 行.
SQL: SHOW COLUMNS FROM `db_users` [ RunTime:0.0023s ]
SQL: SELECT `uid`,`register_code`,`randomcode` FROM `db_users` WHERE `uid` = '0@0.com' LIMIT 1   [ RunTime:0.0004s ]
INFO: [ view_parse ] --START--
INFO: [ template_filter ] --START--
INFO: Run Behavior\ContentReplaceBehavior [ RunTime:0.000034s ]
INFO: [ template_filter ] --END-- [ RunTime:0.000053s ]
INFO: Run Behavior\ParseTemplateBehavior [ RunTime:0.005059s ]
INFO: [ view_parse ] --END-- [ RunTime:0.005081s ]
INFO: [ view_filter ] --START--
INFO: Run Behavior\WriteHtmlCacheBehavior [ RunTime:0.000021s ]
INFO: [ view_filter ] --END-- [ RunTime:0.000033s ]
INFO: [ app_end ] --START--
INFO: Run Behavior\ShowPageTraceBehavior [ RunTime:0.000026s ]
INFO: [ app_end ] --END-- [ RunTime:0.000049s ]

[ 2020-01-08T17:38:25+08:00 ] 127.0.0.1 /codeboss/index.php/Home/images/tool/logo1.png
INFO: [ app_init ] --START--
INFO: Run Behavior\BuildLiteBehavior [ RunTime:0.000005s ]
INFO: [ app_init ] --END-- [ RunTime:0.000035s ]

[ 2020-01-08T17:38:25+08:00 ] 127.0.0.1 /codeboss/index.php/Home/images/tool/wallet.png
INFO: [ app_init ] --START--
INFO: Run Behavior\BuildLiteBehavior [ RunTime:0.000005s ]
INFO: [ app_init ] --END-- [ RunTime:0.000034s ]

[ 2020-01-08T17:38:25+08:00 ] 127.0.0.1 /codeboss/index.php/Home/images/tool/kuaiqian.jpg
INFO: [ app_init ] --START--
INFO: Run Behavior\BuildLiteBehavior [ RunTime:0.000005s ]
INFO: [ app_init ] --END-- [ RunTime:0.000034s ]

[ 2020-01-08T17:39:04+08:00 ] 127.0.0.1 /codeboss/index.php/Home/Panel/recharge_page
INFO: [ app_init ] --START--
INFO: Run Behavior\BuildLiteBehavior [ RunTime:0.000007s ]
INFO: [ app_init ] --END-- [ RunTime:0.000044s ]
INFO: [ app_begin ] --START--
INFO: Run Behavior\ReadHtmlCacheBehavior [ RunTime:0.000022s ]
INFO: [ app_begin ] --END-- [ RunTime:0.000040s ]
NOTIC: [8] Undefined index: HTTP_X_FORWARDED_FOR /var/www/html/codeboss/Application/Home/Common/function.php 第 6 行.
NOTIC: [8] Undefined index: HTTP_CLIENT_IP /var/www/html/codeboss/Application/Home/Common/function.php 第 8 行.
SQL: SHOW COLUMNS FROM `db_users` [ RunTime:0.0012s ]
SQL: SELECT `uid`,`register_code`,`randomcode` FROM `db_users` WHERE `uid` = '0@0.com' LIMIT 1   [ RunTime:0.0001s ]
INFO: [ view_parse ] --START--
INFO: [ template_filter ] --START--
INFO: Run Behavior\ContentReplaceBehavior [ RunTime:0.000042s ]
INFO: [ template_filter ] --END-- [ RunTime:0.000076s ]
INFO: Run Behavior\ParseTemplateBehavior [ RunTime:0.007561s ]
INFO: [ view_parse ] --END-- [ RunTime:0.007584s ]
INFO: [ view_filter ] --START--
INFO: Run Behavior\WriteHtmlCacheBehavior [ RunTime:0.000029s ]
INFO: [ view_filter ] --END-- [ RunTime:0.000042s ]
INFO: [ app_end ] --START--
INFO: Run Behavior\ShowPageTraceBehavior [ RunTime:0.000030s ]
INFO: [ app_end ] --END-- [ RunTime:0.000052s ]

[ 2020-01-08T17:39:04+08:00 ] 127.0.0.1 /codeboss/index.php/Home/images/tool/logo1.png
INFO: [ app_init ] --START--
INFO: Run Behavior\BuildLiteBehavior [ RunTime:0.000005s ]
INFO: [ app_init ] --END-- [ RunTime:0.000035s ]

[ 2020-01-08T17:39:04+08:00 ] 127.0.0.1 /codeboss/index.php/Home/images/tool/wallet.png
INFO: [ app_init ] --START--
INFO: Run Behavior\BuildLiteBehavior [ RunTime:0.000006s ]
INFO: [ app_init ] --END-- [ RunTime:0.000039s ]

[ 2020-01-08T17:39:04+08:00 ] 127.0.0.1 /codeboss/index.php/Home/images/tool/kuaiqian.jpg
INFO: [ app_init ] --START--
INFO: Run Behavior\BuildLiteBehavior [ RunTime:0.000004s ]
INFO: [ app_init ] --END-- [ RunTime:0.000028s ]

[ 2020-01-08T17:42:06+08:00 ] 127.0.0.1 /codeboss/index.php/Home/Panel/recharge_page
INFO: [ app_init ] --START--
INFO: Run Behavior\BuildLiteBehavior [ RunTime:0.000006s ]
INFO: [ app_init ] --END-- [ RunTime:0.000038s ]
INFO: [ app_begin ] --START--
INFO: Run Behavior\ReadHtmlCacheBehavior [ RunTime:0.000015s ]
INFO: [ app_begin ] --END-- [ RunTime:0.000030s ]
NOTIC: [8] Undefined index: HTTP_X_FORWARDED_FOR /var/www/html/codeboss/Application/Home/Common/function.php 第 6 行.
NOTIC: [8] Undefined index: HTTP_CLIENT_IP /var/www/html/codeboss/Application/Home/Common/function.php 第 8 行.
SQL: SHOW COLUMNS FROM `db_users` [ RunTime:0.0003s ]
SQL: SELECT `uid`,`register_code`,`randomcode` FROM `db_users` WHERE `uid` = '0@0.com' LIMIT 1   [ RunTime:0.0001s ]
INFO: [ view_parse ] --START--
INFO: [ template_filter ] --START--
INFO: Run Behavior\ContentReplaceBehavior [ RunTime:0.000030s ]
INFO: [ template_filter ] --END-- [ RunTime:0.000049s ]
INFO: Run Behavior\ParseTemplateBehavior [ RunTime:0.007952s ]
INFO: [ view_parse ] --END-- [ RunTime:0.008002s ]
INFO: [ view_filter ] --START--
INFO: Run Behavior\WriteHtmlCacheBehavior [ RunTime:0.000060s ]
INFO: [ view_filter ] --END-- [ RunTime:0.000075s ]
INFO: [ app_end ] --START--
INFO: Run Behavior\ShowPageTraceBehavior [ RunTime:0.000060s ]
INFO: [ app_end ] --END-- [ RunTime:0.000097s ]

[ 2020-01-08T17:42:06+08:00 ] 127.0.0.1 /codeboss/index.php/Home/images/tool/logo1.png
INFO: [ app_init ] --START--
INFO: Run Behavior\BuildLiteBehavior [ RunTime:0.000006s ]
INFO: [ app_init ] --END-- [ RunTime:0.000036s ]

[ 2020-01-08T17:42:06+08:00 ] 127.0.0.1 /codeboss/index.php/Home/images/tool/wallet.png
INFO: [ app_init ] --START--
INFO: Run Behavior\BuildLiteBehavior [ RunTime:0.000005s ]
INFO: [ app_init ] --END-- [ RunTime:0.000046s ]

[ 2020-01-08T17:42:06+08:00 ] 127.0.0.1 /codeboss/index.php/Home/images/tool/kuaiqian.jpg
INFO: [ app_init ] --START--
INFO: Run Behavior\BuildLiteBehavior [ RunTime:0.000005s ]
INFO: [ app_init ] --END-- [ RunTime:0.000030s ]

[ 2020-01-08T17:51:17+08:00 ] 127.0.0.1 /codeboss/index.php/Home/Panel/recharge_page
INFO: [ app_init ] --START--
INFO: Run Behavior\BuildLiteBehavior [ RunTime:0.000007s ]
INFO: [ app_init ] --END-- [ RunTime:0.000066s ]
INFO: [ app_begin ] --START--
INFO: Run Behavior\ReadHtmlCacheBehavior [ RunTime:0.000031s ]
INFO: [ app_begin ] --END-- [ RunTime:0.000047s ]
NOTIC: [8] Undefined index: HTTP_X_FORWARDED_FOR /var/www/html/codeboss/Application/Home/Common/function.php 第 6 行.
NOTIC: [8] Undefined index: HTTP_CLIENT_IP /var/www/html/codeboss/Application/Home/Common/function.php 第 8 行.
SQL: SHOW COLUMNS FROM `db_users` [ RunTime:0.0017s ]
SQL: SELECT `uid`,`register_code`,`randomcode` FROM `db_users` WHERE `uid` = '0@0.com' LIMIT 1   [ RunTime:0.0002s ]
INFO: [ view_parse ] --START--
INFO: [ template_filter ] --START--
INFO: Run Behavior\ContentReplaceBehavior [ RunTime:0.000037s ]
INFO: [ template_filter ] --END-- [ RunTime:0.000065s ]
INFO: Run Behavior\ParseTemplateBehavior [ RunTime:0.008498s ]
INFO: [ view_parse ] --END-- [ RunTime:0.008530s ]
INFO: [ view_filter ] --START--
INFO: Run Behavior\WriteHtmlCacheBehavior [ RunTime:0.000033s ]
INFO: [ view_filter ] --END-- [ RunTime:0.000060s ]
INFO: [ app_end ] --START--
INFO: Run Behavior\ShowPageTraceBehavior [ RunTime:0.000020s ]
INFO: [ app_end ] --END-- [ RunTime:0.000035s ]

[ 2020-01-08T17:51:17+08:00 ] 127.0.0.1 /codeboss/index.php/Home/images/tool/logo1.png
INFO: [ app_init ] --START--
INFO: Run Behavior\BuildLiteBehavior [ RunTime:0.000005s ]
INFO: [ app_init ] --END-- [ RunTime:0.000036s ]

[ 2020-01-08T17:51:17+08:00 ] 127.0.0.1 /codeboss/index.php/Home/images/tool/wallet.png
INFO: [ app_init ] --START--
INFO: Run Behavior\BuildLiteBehavior [ RunTime:0.000007s ]
INFO: [ app_init ] --END-- [ RunTime:0.000044s ]

[ 2020-01-08T17:51:17+08:00 ] 127.0.0.1 /codeboss/index.php/Home/images/tool/kuaiqian.jpg
INFO: [ app_init ] --START--
INFO: Run Behavior\BuildLiteBehavior [ RunTime:0.000007s ]
INFO: [ app_init ] --END-- [ RunTime:0.000046s ]

[ 2020-01-08T17:51:44+08:00 ] 127.0.0.1 /codeboss/index.php/Home/Panel/recharge_page
INFO: [ app_init ] --START--
INFO: Run Behavior\BuildLiteBehavior [ RunTime:0.000007s ]
INFO: [ app_init ] --END-- [ RunTime:0.000045s ]
INFO: [ app_begin ] --START--
INFO: Run Behavior\ReadHtmlCacheBehavior [ RunTime:0.000018s ]
INFO: [ app_begin ] --END-- [ RunTime:0.000034s ]
NOTIC: [8] Undefined index: HTTP_X_FORWARDED_FOR /var/www/html/codeboss/Application/Home/Common/function.php 第 6 行.
NOTIC: [8] Undefined index: HTTP_CLIENT_IP /var/www/html/codeboss/Application/Home/Common/function.php 第 8 行.
SQL: SHOW COLUMNS FROM `db_users` [ RunTime:0.0042s ]
SQL: SELECT `uid`,`register_code`,`randomcode` FROM `db_users` WHERE `uid` = '0@0.com' LIMIT 1   [ RunTime:0.0004s ]
INFO: [ view_parse ] --START--
INFO: [ template_filter ] --START--
INFO: Run Behavior\ContentReplaceBehavior [ RunTime:0.000035s ]
INFO: [ template_filter ] --END-- [ RunTime:0.000056s ]
INFO: Run Behavior\ParseTemplateBehavior [ RunTime:0.004288s ]
INFO: [ view_parse ] --END-- [ RunTime:0.004310s ]
INFO: [ view_filter ] --START--
INFO: Run Behavior\WriteHtmlCacheBehavior [ RunTime:0.000037s ]
INFO: [ view_filter ] --END-- [ RunTime:0.000051s ]
INFO: [ app_end ] --START--
INFO: Run Behavior\ShowPageTraceBehavior [ RunTime:0.000024s ]
INFO: [ app_end ] --END-- [ RunTime:0.000039s ]

[ 2020-01-08T17:51:45+08:00 ] 127.0.0.1 /codeboss/index.php/Home/images/tool/logo1.png
INFO: [ app_init ] --START--
INFO: Run Behavior\BuildLiteBehavior [ RunTime:0.000008s ]
INFO: [ app_init ] --END-- [ RunTime:0.000070s ]

[ 2020-01-08T17:51:45+08:00 ] 127.0.0.1 /codeboss/index.php/Home/images/tool/wallet.png
INFO: [ app_init ] --START--
INFO: Run Behavior\BuildLiteBehavior [ RunTime:0.000005s ]
INFO: [ app_init ] --END-- [ RunTime:0.000036s ]

[ 2020-01-08T17:51:45+08:00 ] 127.0.0.1 /codeboss/index.php/Home/images/tool/kuaiqian.jpg
INFO: [ app_init ] --START--
INFO: Run Behavior\BuildLiteBehavior [ RunTime:0.000005s ]
INFO: [ app_init ] --END-- [ RunTime:0.000035s ]

