[ 2020-01-16T00:00:03+08:00 ] 127.0.0.1 /codeboss/index.php/Home/Index/login
INFO: [ app_init ] --START--
INFO: Run Behavior\BuildLiteBehavior [ RunTime:0.000005s ]
INFO: [ app_init ] --END-- [ RunTime:0.000046s ]
INFO: [ app_begin ] --START--
INFO: Run Behavior\ReadHtmlCacheBehavior [ RunTime:0.000039s ]
INFO: [ app_begin ] --END-- [ RunTime:0.000065s ]
INFO: [ view_parse ] --START--
INFO: [ template_filter ] --START--
INFO: Run Behavior\ContentReplaceBehavior [ RunTime:0.000051s ]
INFO: [ template_filter ] --END-- [ RunTime:0.000091s ]
INFO: Run Behavior\ParseTemplateBehavior [ RunTime:0.005933s ]
INFO: [ view_parse ] --END-- [ RunTime:0.005957s ]
INFO: [ view_filter ] --START--
INFO: Run Behavior\WriteHtmlCacheBehavior [ RunTime:0.000073s ]
INFO: Run Behavior\TokenBuildBehavior [ RunTime:0.000123s ]
INFO: [ view_filter ] --END-- [ RunTime:0.000212s ]
INFO: [ app_end ] --START--
INFO: Run Behavior\ShowPageTraceBehavior [ RunTime:0.000031s ]
INFO: [ app_end ] --END-- [ RunTime:0.000039s ]

[ 2020-01-16T00:00:05+08:00 ] 127.0.0.1 /codeboss/index.php/Home/Index/oauth_login/type/google
INFO: [ app_init ] --START--
INFO: Run Behavior\BuildLiteBehavior [ RunTime:0.000007s ]
INFO: [ app_init ] --END-- [ RunTime:0.000081s ]
INFO: [ app_begin ] --START--
INFO: Run Behavior\ReadHtmlCacheBehavior [ RunTime:0.000029s ]
INFO: [ app_begin ] --END-- [ RunTime:0.000046s ]

[ 2020-01-16T00:00:34+08:00 ] 127.0.0.1 /codeboss/index.php/Home/Index/oauth/type/google?code=4%2FvQFgSlwvBWhHJ8E4qF0TSiE6MnESTHoxH1smZYGZjWRW5UDcf-zQrpIE7k32Nm7ajvT_RCrnp_hoDM8D0dGnufw&scope=email+profile+https%3A%2F%2Fwww.googleapis.com%2Fauth%2Fuserinfo.profile+https%3A%2F%2Fwww.googleapis.com%2Fauth%2Fuserinfo.email+openid&authuser=0&prompt=consent&session_state=3eb022541daab5c5db3549590d270a75a55b5a46..67c1
INFO: [ app_init ] --START--
INFO: Run Behavior\BuildLiteBehavior [ RunTime:0.000005s ]
INFO: [ app_init ] --END-- [ RunTime:0.000045s ]
INFO: [ app_begin ] --START--
INFO: Run Behavior\ReadHtmlCacheBehavior [ RunTime:0.000026s ]
INFO: [ app_begin ] --END-- [ RunTime:0.000038s ]
ERR: 请求发生错误：Failed to connect to accounts.google.com port 443: Operation timed out

[ 2020-01-16T00:15:14+08:00 ] 127.0.0.1 /codeboss/index.php/Home/Index/oauth/
INFO: [ app_init ] --START--
INFO: Run Behavior\BuildLiteBehavior [ RunTime:0.000018s ]
INFO: [ app_init ] --END-- [ RunTime:0.000863s ]
INFO: [ app_begin ] --START--
INFO: Run Behavior\ReadHtmlCacheBehavior [ RunTime:0.000146s ]
INFO: [ app_begin ] --END-- [ RunTime:0.000173s ]
NOTIC: [2] require_once(sdk/SDK.class.php): failed to open stream: No such file or directory /Users/nannanwu/www/codeboss/ThinkPHP/Library/Org/ThinkSDK/ThinkOauth.class.php 第 114 行.

[ 2020-01-16T00:15:20+08:00 ] 127.0.0.1 /codeboss/
INFO: [ app_init ] --START--
INFO: Run Behavior\BuildLiteBehavior [ RunTime:0.000011s ]
INFO: [ app_init ] --END-- [ RunTime:0.000130s ]
INFO: [ app_begin ] --START--
INFO: Run Behavior\ReadHtmlCacheBehavior [ RunTime:0.000151s ]
INFO: [ app_begin ] --END-- [ RunTime:0.000173s ]
INFO: [ view_parse ] --START--
INFO: [ template_filter ] --START--
INFO: Run Behavior\ContentReplaceBehavior [ RunTime:0.000128s ]
INFO: [ template_filter ] --END-- [ RunTime:0.000192s ]
INFO: Run Behavior\ParseTemplateBehavior [ RunTime:0.008033s ]
INFO: [ view_parse ] --END-- [ RunTime:0.008066s ]
INFO: [ view_filter ] --START--
INFO: Run Behavior\WriteHtmlCacheBehavior [ RunTime:0.000088s ]
INFO: Run Behavior\TokenBuildBehavior [ RunTime:0.000207s ]
INFO: [ view_filter ] --END-- [ RunTime:0.000333s ]
INFO: [ app_end ] --START--
INFO: Run Behavior\ShowPageTraceBehavior [ RunTime:0.000098s ]
INFO: [ app_end ] --END-- [ RunTime:0.000137s ]

[ 2020-01-16T00:15:22+08:00 ] 127.0.0.1 /codeboss/index.php/Home/Index/login
INFO: [ app_init ] --START--
INFO: Run Behavior\BuildLiteBehavior [ RunTime:0.000006s ]
INFO: [ app_init ] --END-- [ RunTime:0.000067s ]
INFO: [ app_begin ] --START--
INFO: Run Behavior\ReadHtmlCacheBehavior [ RunTime:0.000046s ]
INFO: [ app_begin ] --END-- [ RunTime:0.000098s ]
INFO: [ view_parse ] --START--
INFO: [ template_filter ] --START--
INFO: Run Behavior\ContentReplaceBehavior [ RunTime:0.000039s ]
INFO: [ template_filter ] --END-- [ RunTime:0.000059s ]
INFO: Run Behavior\ParseTemplateBehavior [ RunTime:0.006052s ]
INFO: [ view_parse ] --END-- [ RunTime:0.006075s ]
INFO: [ view_filter ] --START--
INFO: Run Behavior\WriteHtmlCacheBehavior [ RunTime:0.000084s ]
INFO: Run Behavior\TokenBuildBehavior [ RunTime:0.000246s ]
INFO: [ view_filter ] --END-- [ RunTime:0.000356s ]
INFO: [ app_end ] --START--
INFO: Run Behavior\ShowPageTraceBehavior [ RunTime:0.000041s ]
INFO: [ app_end ] --END-- [ RunTime:0.000051s ]

[ 2020-01-16T00:15:23+08:00 ] 127.0.0.1 /codeboss/index.php/Home/Index/oauth_login/type/google
INFO: [ app_init ] --START--
INFO: Run Behavior\BuildLiteBehavior [ RunTime:0.000012s ]
INFO: [ app_init ] --END-- [ RunTime:0.000150s ]
INFO: [ app_begin ] --START--
INFO: Run Behavior\ReadHtmlCacheBehavior [ RunTime:0.000068s ]
INFO: [ app_begin ] --END-- [ RunTime:0.000090s ]

[ 2020-01-16T00:15:58+08:00 ] 127.0.0.1 /codeboss/index.php/Home/Index/oauth/type/google?code=4%2FvQFjwm9xWohZZCYNyO_DJQoroRyn95rVEb6__OrxSdHKQTLyjmIxNAypwVzQWjdPu5n21-5dOMt1Dgjj_pzSeAI&scope=email+profile+https%3A%2F%2Fwww.googleapis.com%2Fauth%2Fuserinfo.profile+https%3A%2F%2Fwww.googleapis.com%2Fauth%2Fuserinfo.email+openid&authuser=0&prompt=consent&session_state=9998a729a12aba598bc9ac324bd8b7869bba0f72..23ef
INFO: [ app_init ] --START--
INFO: Run Behavior\BuildLiteBehavior [ RunTime:0.000008s ]
INFO: [ app_init ] --END-- [ RunTime:0.000068s ]
INFO: [ app_begin ] --START--
INFO: Run Behavior\ReadHtmlCacheBehavior [ RunTime:0.000047s ]
INFO: [ app_begin ] --END-- [ RunTime:0.000062s ]
ERR: 请求发生错误：Failed to connect to accounts.google.com port 443: Operation timed out

[ 2020-01-16T00:16:16+08:00 ] 127.0.0.1 /codeboss/index.php/Home/Index/oauth/type/google?code=4%2FvQFjwm9xWohZZCYNyO_DJQoroRyn95rVEb6__OrxSdHKQTLyjmIxNAypwVzQWjdPu5n21-5dOMt1Dgjj_pzSeAI&scope=email+profile+https%3A%2F%2Fwww.googleapis.com%2Fauth%2Fuserinfo.profile+https%3A%2F%2Fwww.googleapis.com%2Fauth%2Fuserinfo.email+openid&authuser=0&prompt=consent&session_state=9998a729a12aba598bc9ac324bd8b7869bba0f72..23ef
INFO: [ app_init ] --START--
INFO: Run Behavior\BuildLiteBehavior [ RunTime:0.000006s ]
INFO: [ app_init ] --END-- [ RunTime:0.000069s ]
INFO: [ app_begin ] --START--
INFO: Run Behavior\ReadHtmlCacheBehavior [ RunTime:0.000043s ]
INFO: [ app_begin ] --END-- [ RunTime:0.000064s ]
ERR: 请求发生错误：Failed to connect to accounts.google.com port 443: Operation timed out

[ 2020-01-16T00:16:16+08:00 ] 127.0.0.1 /codeboss/index.php/Home/Index/oauth/type/google?code=4%2FvQFjwm9xWohZZCYNyO_DJQoroRyn95rVEb6__OrxSdHKQTLyjmIxNAypwVzQWjdPu5n21-5dOMt1Dgjj_pzSeAI&scope=email+profile+https%3A%2F%2Fwww.googleapis.com%2Fauth%2Fuserinfo.profile+https%3A%2F%2Fwww.googleapis.com%2Fauth%2Fuserinfo.email+openid&authuser=0&prompt=consent&session_state=9998a729a12aba598bc9ac324bd8b7869bba0f72..23ef
INFO: [ app_init ] --START--
INFO: Run Behavior\BuildLiteBehavior [ RunTime:0.000010s ]
INFO: [ app_init ] --END-- [ RunTime:0.000124s ]
INFO: [ app_begin ] --START--
INFO: Run Behavior\ReadHtmlCacheBehavior [ RunTime:0.000065s ]
INFO: [ app_begin ] --END-- [ RunTime:0.000100s ]
ERR: Think\Controller:google方法不存在！

[ 2020-01-16T00:16:17+08:00 ] 127.0.0.1 /codeboss/index.php/Home/Index/oauth/type/google?code=4%2FvQFjwm9xWohZZCYNyO_DJQoroRyn95rVEb6__OrxSdHKQTLyjmIxNAypwVzQWjdPu5n21-5dOMt1Dgjj_pzSeAI&scope=email+profile+https%3A%2F%2Fwww.googleapis.com%2Fauth%2Fuserinfo.profile+https%3A%2F%2Fwww.googleapis.com%2Fauth%2Fuserinfo.email+openid&authuser=0&prompt=consent&session_state=9998a729a12aba598bc9ac324bd8b7869bba0f72..23ef
INFO: [ app_init ] --START--
INFO: Run Behavior\BuildLiteBehavior [ RunTime:0.000007s ]
INFO: [ app_init ] --END-- [ RunTime:0.000061s ]
INFO: [ app_begin ] --START--
INFO: Run Behavior\ReadHtmlCacheBehavior [ RunTime:0.000049s ]
INFO: [ app_begin ] --END-- [ RunTime:0.000065s ]
NOTIC: [8] Undefined index: access_token /Users/nannanwu/www/codeboss/ThinkPHP/Library/Org/ThinkSDK/sdk/GoogleSDK.class.php 第 61 行.
ERR: 获取 Google ACCESS_TOKEN出错：未知错误

[ 2020-01-16T00:16:37+08:00 ] 127.0.0.1 /codeboss/index.php/Home/Index/oauth/type/google?code=4%2FvQGAQhlGwjbddIz3YPgJbHxAyQ0YBaaPUZrO_ClvdseS8GXrlyJIpqsDYbYDKBwPfaTC8D-zyuA9EZocwbOG8_8&scope=email+profile+https%3A%2F%2Fwww.googleapis.com%2Fauth%2Fuserinfo.profile+https%3A%2F%2Fwww.googleapis.com%2Fauth%2Fuserinfo.email+openid&authuser=0&prompt=consent&session_state=5142f486a31c7fe3db7a65563d7975d4418011c6..7fb3
INFO: [ app_init ] --START--
INFO: Run Behavior\BuildLiteBehavior [ RunTime:0.000007s ]
INFO: [ app_init ] --END-- [ RunTime:0.000054s ]
INFO: [ app_begin ] --START--
INFO: Run Behavior\ReadHtmlCacheBehavior [ RunTime:0.000043s ]
INFO: [ app_begin ] --END-- [ RunTime:0.000066s ]
ERR: Think\Controller:google方法不存在！

[ 2020-01-16T00:25:21+08:00 ] 127.0.0.1 /codeboss/index.php/Home/Index/oauth/type/google?code=4%2FvQGZUo7NZI4Y0z9WEZCp9G3ui2_VmgCxGZAlvHnWVTQplELdS73dM2MGnO7EWHe2vtA_7ntQuGOdOlRy1WHS2CM&scope=email+profile+https%3A%2F%2Fwww.googleapis.com%2Fauth%2Fuserinfo.profile+https%3A%2F%2Fwww.googleapis.com%2Fauth%2Fuserinfo.email+openid&authuser=0&prompt=consent&session_state=cf237feb45e342cacb08f872d850d12cf566d9fb..36c4
INFO: [ app_init ] --START--
INFO: Run Behavior\BuildLiteBehavior [ RunTime:0.000019s ]
INFO: [ app_init ] --END-- [ RunTime:0.000224s ]
INFO: [ app_begin ] --START--
INFO: Run Behavior\ReadHtmlCacheBehavior [ RunTime:0.000117s ]
INFO: [ app_begin ] --END-- [ RunTime:0.000140s ]
ERR: Call to undefined method GoogleSDK::google()

[ 2020-01-16T00:25:49+08:00 ] 127.0.0.1 /codeboss/index.php/Home/Index/oauth/type/google?code=4%2FvQGZUo7NZI4Y0z9WEZCp9G3ui2_VmgCxGZAlvHnWVTQplELdS73dM2MGnO7EWHe2vtA_7ntQuGOdOlRy1WHS2CM&scope=email+profile+https%3A%2F%2Fwww.googleapis.com%2Fauth%2Fuserinfo.profile+https%3A%2F%2Fwww.googleapis.com%2Fauth%2Fuserinfo.email+openid&authuser=0&prompt=consent&session_state=cf237feb45e342cacb08f872d850d12cf566d9fb..36c4
INFO: [ app_init ] --START--
INFO: Run Behavior\BuildLiteBehavior [ RunTime:0.000008s ]
INFO: [ app_init ] --END-- [ RunTime:0.000085s ]
INFO: [ app_begin ] --START--
INFO: Run Behavior\ReadHtmlCacheBehavior [ RunTime:0.000050s ]
INFO: [ app_begin ] --END-- [ RunTime:0.000065s ]
NOTIC: [8] Undefined index: access_token /Users/nannanwu/www/codeboss/ThinkPHP/Library/Org/ThinkSDK/sdk/GoogleSDK.class.php 第 61 行.
ERR: 获取 Google ACCESS_TOKEN出错：未知错误

[ 2020-01-16T00:25:58+08:00 ] 127.0.0.1 /codeboss/index.php/Home/Index/oauth/type/google?code=4%2FvQGW6Oes82s_di_qFvEvTw5TANAEk2N37sb8mcF1C-OGAGYoY0pOZ6pJpXcuRB2uMi2zMkWuHigPp2qXdw54PLg&scope=email+profile+https%3A%2F%2Fwww.googleapis.com%2Fauth%2Fuserinfo.profile+https%3A%2F%2Fwww.googleapis.com%2Fauth%2Fuserinfo.email+openid&authuser=0&prompt=consent&session_state=f6106ab9962b8a77bfde87c9a66e8f1dd6babe6a..4237
INFO: [ app_init ] --START--
INFO: Run Behavior\BuildLiteBehavior [ RunTime:0.000008s ]
INFO: [ app_init ] --END-- [ RunTime:0.000084s ]
INFO: [ app_begin ] --START--
INFO: Run Behavior\ReadHtmlCacheBehavior [ RunTime:0.000042s ]
INFO: [ app_begin ] --END-- [ RunTime:0.000055s ]
ERR: Think\Controller:google方法不存在！

[ 2020-01-16T00:39:31+08:00 ] 127.0.0.1 /codeboss/index.php/Home/Index/oauth/type/google?code=4%2FvQFnoBiONIZ93LhduVjcDs5Ymf-T0RP5kqRRxlfeHAaEi8L3zNAO17E7xe6FQ1A40gE2JIbF0McJ85HMvlKFc8k&scope=email+profile+https%3A%2F%2Fwww.googleapis.com%2Fauth%2Fuserinfo.profile+https%3A%2F%2Fwww.googleapis.com%2Fauth%2Fuserinfo.email+openid&authuser=0&prompt=consent&session_state=9219df2056242a77973088464a75b789f717a34d..9e06
INFO: [ app_init ] --START--
INFO: Run Behavior\BuildLiteBehavior [ RunTime:0.000009s ]
INFO: [ app_init ] --END-- [ RunTime:0.000076s ]
INFO: [ app_begin ] --START--
INFO: Run Behavior\ReadHtmlCacheBehavior [ RunTime:0.000048s ]
INFO: [ app_begin ] --END-- [ RunTime:0.000063s ]
NOTIC: [8] Array to string conversion /Users/nannanwu/www/codeboss/Application/Home/Controller/IndexController.class.php 第 197 行.
ERR: Think\Controller:google方法不存在！

[ 2020-01-16T00:39:50+08:00 ] 127.0.0.1 /codeboss/index.php/Home/Index/oauth/type/google?code=4%2FvQFnoBiONIZ93LhduVjcDs5Ymf-T0RP5kqRRxlfeHAaEi8L3zNAO17E7xe6FQ1A40gE2JIbF0McJ85HMvlKFc8k&scope=email+profile+https%3A%2F%2Fwww.googleapis.com%2Fauth%2Fuserinfo.profile+https%3A%2F%2Fwww.googleapis.com%2Fauth%2Fuserinfo.email+openid&authuser=0&prompt=consent&session_state=9219df2056242a77973088464a75b789f717a34d..9e06
INFO: [ app_init ] --START--
INFO: Run Behavior\BuildLiteBehavior [ RunTime:0.000011s ]
INFO: [ app_init ] --END-- [ RunTime:0.000129s ]
INFO: [ app_begin ] --START--
INFO: Run Behavior\ReadHtmlCacheBehavior [ RunTime:0.000050s ]
INFO: [ app_begin ] --END-- [ RunTime:0.000065s ]
NOTIC: [8] Undefined index: access_token /Users/nannanwu/www/codeboss/ThinkPHP/Library/Org/ThinkSDK/sdk/GoogleSDK.class.php 第 61 行.
ERR: 获取 Google ACCESS_TOKEN出错：未知错误

[ 2020-01-16T00:39:56+08:00 ] 127.0.0.1 /codeboss/index.php/Home/Index/oauth/type/google?code=4%2FvQF8wpAzfShbc89l3377vjxsAA02sVDyj47P6aldPipvRjYkX198eMimMwAtjvUiMjVCuRybnPFwvFH16BSXnDI&scope=email+profile+https%3A%2F%2Fwww.googleapis.com%2Fauth%2Fuserinfo.profile+https%3A%2F%2Fwww.googleapis.com%2Fauth%2Fuserinfo.email+openid&authuser=0&prompt=consent&session_state=83f515762c9e488e4d2c643ea752a5149ecf1b70..0be9
INFO: [ app_init ] --START--
INFO: Run Behavior\BuildLiteBehavior [ RunTime:0.000008s ]
INFO: [ app_init ] --END-- [ RunTime:0.000069s ]
INFO: [ app_begin ] --START--
INFO: Run Behavior\ReadHtmlCacheBehavior [ RunTime:0.000041s ]
INFO: [ app_begin ] --END-- [ RunTime:0.000063s ]
ERR: Think\Controller:google方法不存在！

[ 2020-01-16T00:47:59+08:00 ] 127.0.0.1 /codeboss/index.php/Home/Index/oauth/type/google?code=4%2FvgEUgSaGddrXvSH1cqGGm_Om8O584kLQbsQ22WHrCgUcgqLLA8zEEpeNRh2VLGgYmtZIDqLriQKtHs_HPMXaB-8&scope=email+profile+https%3A%2F%2Fwww.googleapis.com%2Fauth%2Fuserinfo.profile+https%3A%2F%2Fwww.googleapis.com%2Fauth%2Fuserinfo.email+openid&authuser=0&prompt=consent&session_state=eef2cf141a2830b0ff48b4012035139e979f0fb5..3f01
INFO: [ app_init ] --START--
INFO: Run Behavior\BuildLiteBehavior [ RunTime:0.000012s ]
INFO: [ app_init ] --END-- [ RunTime:0.000158s ]
INFO: [ app_begin ] --START--
INFO: Run Behavior\ReadHtmlCacheBehavior [ RunTime:0.000111s ]
INFO: [ app_begin ] --END-- [ RunTime:0.000153s ]

[ 2020-01-16T09:02:04+08:00 ] 127.0.0.1 /codeboss/
INFO: [ app_init ] --START--
INFO: Run Behavior\BuildLiteBehavior [ RunTime:0.000007s ]
INFO: [ app_init ] --END-- [ RunTime:0.000059s ]
INFO: [ app_begin ] --START--
INFO: Run Behavior\ReadHtmlCacheBehavior [ RunTime:0.000026s ]
INFO: [ app_begin ] --END-- [ RunTime:0.000045s ]
INFO: [ view_parse ] --START--
INFO: [ template_filter ] --START--
INFO: Run Behavior\ContentReplaceBehavior [ RunTime:0.000036s ]
INFO: [ template_filter ] --END-- [ RunTime:0.000068s ]
INFO: Run Behavior\ParseTemplateBehavior [ RunTime:0.007080s ]
INFO: [ view_parse ] --END-- [ RunTime:0.007103s ]
INFO: [ view_filter ] --START--
INFO: Run Behavior\WriteHtmlCacheBehavior [ RunTime:0.007253s ]
INFO: Run Behavior\TokenBuildBehavior [ RunTime:0.001004s ]
INFO: [ view_filter ] --END-- [ RunTime:0.008324s ]
INFO: [ app_end ] --START--
INFO: Run Behavior\ShowPageTraceBehavior [ RunTime:0.000864s ]
INFO: [ app_end ] --END-- [ RunTime:0.000887s ]

[ 2020-01-16T09:02:06+08:00 ] 127.0.0.1 /codeboss/index.php/Home/Index/login
INFO: [ app_init ] --START--
INFO: Run Behavior\BuildLiteBehavior [ RunTime:0.000007s ]
INFO: [ app_init ] --END-- [ RunTime:0.000043s ]
INFO: [ app_begin ] --START--
INFO: Run Behavior\ReadHtmlCacheBehavior [ RunTime:0.000017s ]
INFO: [ app_begin ] --END-- [ RunTime:0.000031s ]
INFO: [ view_parse ] --START--
INFO: [ template_filter ] --START--
INFO: Run Behavior\ContentReplaceBehavior [ RunTime:0.000025s ]
INFO: [ template_filter ] --END-- [ RunTime:0.000045s ]
INFO: Run Behavior\ParseTemplateBehavior [ RunTime:0.001900s ]
INFO: [ view_parse ] --END-- [ RunTime:0.001921s ]
INFO: [ view_filter ] --START--
INFO: Run Behavior\WriteHtmlCacheBehavior [ RunTime:0.000017s ]
INFO: Run Behavior\TokenBuildBehavior [ RunTime:0.000051s ]
INFO: [ view_filter ] --END-- [ RunTime:0.000087s ]
INFO: [ app_end ] --START--
INFO: Run Behavior\ShowPageTraceBehavior [ RunTime:0.000013s ]
INFO: [ app_end ] --END-- [ RunTime:0.000025s ]

[ 2020-01-16T09:02:09+08:00 ] 127.0.0.1 /codeboss/index.php/Home/Index/oauth_login/type/google
INFO: [ app_init ] --START--
INFO: Run Behavior\BuildLiteBehavior [ RunTime:0.000008s ]
INFO: [ app_init ] --END-- [ RunTime:0.000073s ]
INFO: [ app_begin ] --START--
INFO: Run Behavior\ReadHtmlCacheBehavior [ RunTime:0.000032s ]
INFO: [ app_begin ] --END-- [ RunTime:0.000064s ]
ERR: 请配置您申请的APP_KEY和APP_SECRET

[ 2020-01-16T09:19:26+08:00 ] 127.0.0.1 /codeboss/index.php/Home/Index/oauth_login/type/google
INFO: [ app_init ] --START--
INFO: Run Behavior\BuildLiteBehavior [ RunTime:0.000009s ]
INFO: [ app_init ] --END-- [ RunTime:0.000075s ]
INFO: [ app_begin ] --START--
INFO: Run Behavior\ReadHtmlCacheBehavior [ RunTime:0.000031s ]
INFO: [ app_begin ] --END-- [ RunTime:0.000055s ]

[ 2020-01-16T09:20:44+08:00 ] 127.0.0.1 /codeboss/
INFO: [ app_init ] --START--
INFO: Run Behavior\BuildLiteBehavior [ RunTime:0.000006s ]
INFO: [ app_init ] --END-- [ RunTime:0.000067s ]
INFO: [ app_begin ] --START--
INFO: Run Behavior\ReadHtmlCacheBehavior [ RunTime:0.000026s ]
INFO: [ app_begin ] --END-- [ RunTime:0.000044s ]
INFO: [ view_parse ] --START--
INFO: [ template_filter ] --START--
INFO: Run Behavior\ContentReplaceBehavior [ RunTime:0.000027s ]
INFO: [ template_filter ] --END-- [ RunTime:0.000045s ]
INFO: Run Behavior\ParseTemplateBehavior [ RunTime:0.007334s ]
INFO: [ view_parse ] --END-- [ RunTime:0.007363s ]
INFO: [ view_filter ] --START--
INFO: Run Behavior\WriteHtmlCacheBehavior [ RunTime:0.000031s ]
INFO: Run Behavior\TokenBuildBehavior [ RunTime:0.000095s ]
INFO: [ view_filter ] --END-- [ RunTime:0.000148s ]
INFO: [ app_end ] --START--
INFO: Run Behavior\ShowPageTraceBehavior [ RunTime:0.000027s ]
INFO: [ app_end ] --END-- [ RunTime:0.000042s ]

[ 2020-01-16T09:20:48+08:00 ] 127.0.0.1 /codeboss/index.php/Home/Index/login
INFO: [ app_init ] --START--
INFO: Run Behavior\BuildLiteBehavior [ RunTime:0.000007s ]
INFO: [ app_init ] --END-- [ RunTime:0.000054s ]
INFO: [ app_begin ] --START--
INFO: Run Behavior\ReadHtmlCacheBehavior [ RunTime:0.000027s ]
INFO: [ app_begin ] --END-- [ RunTime:0.000046s ]
INFO: [ view_parse ] --START--
INFO: [ template_filter ] --START--
INFO: Run Behavior\ContentReplaceBehavior [ RunTime:0.000026s ]
INFO: [ template_filter ] --END-- [ RunTime:0.000045s ]
INFO: Run Behavior\ParseTemplateBehavior [ RunTime:0.010987s ]
INFO: [ view_parse ] --END-- [ RunTime:0.011020s ]
INFO: [ view_filter ] --START--
INFO: Run Behavior\WriteHtmlCacheBehavior [ RunTime:0.000035s ]
INFO: Run Behavior\TokenBuildBehavior [ RunTime:0.000096s ]
INFO: [ view_filter ] --END-- [ RunTime:0.000153s ]
INFO: [ app_end ] --START--
INFO: Run Behavior\ShowPageTraceBehavior [ RunTime:0.000029s ]
INFO: [ app_end ] --END-- [ RunTime:0.000043s ]

[ 2020-01-16T14:44:52+08:00 ] 127.0.0.1 /codeboss/index.php/Home/Index/login
INFO: [ app_init ] --START--
INFO: Run Behavior\BuildLiteBehavior [ RunTime:0.000033s ]
INFO: [ app_init ] --END-- [ RunTime:0.000610s ]
INFO: [ app_begin ] --START--
INFO: Run Behavior\ReadHtmlCacheBehavior [ RunTime:0.000212s ]
INFO: [ app_begin ] --END-- [ RunTime:0.000246s ]
INFO: [ view_parse ] --START--
INFO: [ template_filter ] --START--
INFO: Run Behavior\ContentReplaceBehavior [ RunTime:0.000065s ]
INFO: [ template_filter ] --END-- [ RunTime:0.000089s ]
INFO: Run Behavior\ParseTemplateBehavior [ RunTime:0.007628s ]
INFO: [ view_parse ] --END-- [ RunTime:0.007658s ]
INFO: [ view_filter ] --START--
INFO: Run Behavior\WriteHtmlCacheBehavior [ RunTime:0.000056s ]
INFO: Run Behavior\TokenBuildBehavior [ RunTime:0.001871s ]
INFO: [ view_filter ] --END-- [ RunTime:0.001954s ]
INFO: [ app_end ] --START--
INFO: Run Behavior\ShowPageTraceBehavior [ RunTime:0.000216s ]
INFO: [ app_end ] --END-- [ RunTime:0.000234s ]

[ 2020-01-16T14:44:54+08:00 ] 127.0.0.1 /codeboss/index.php/Home/Index/oauth_login/type/google
INFO: [ app_init ] --START--
INFO: Run Behavior\BuildLiteBehavior [ RunTime:0.000007s ]
INFO: [ app_init ] --END-- [ RunTime:0.000040s ]
INFO: [ app_begin ] --START--
INFO: Run Behavior\ReadHtmlCacheBehavior [ RunTime:0.000019s ]
INFO: [ app_begin ] --END-- [ RunTime:0.000034s ]
ERR: 请配置您申请的APP_KEY和APP_SECRET

[ 2020-01-16T14:45:08+08:00 ] 127.0.0.1 /codeboss/index.php/Home/Index/oauth_login/type/google
INFO: [ app_init ] --START--
INFO: Run Behavior\BuildLiteBehavior [ RunTime:0.000006s ]
INFO: [ app_init ] --END-- [ RunTime:0.000058s ]
INFO: [ app_begin ] --START--
INFO: Run Behavior\ReadHtmlCacheBehavior [ RunTime:0.000029s ]
INFO: [ app_begin ] --END-- [ RunTime:0.000051s ]

[ 2020-01-16T14:45:42+08:00 ] 127.0.0.1 /codeboss/index.php/Home/Index/oauth/type/google?code=4%2FvgGDq8Wxq0mAEDS7TLuZgGl4D7tAUW_QLTYT03JgTuurm4VQZRJIgP3l3b3UpoXkc_-FKCvvE1YppOulwqwR5qI&scope=email+profile+https%3A%2F%2Fwww.googleapis.com%2Fauth%2Fuserinfo.profile+https%3A%2F%2Fwww.googleapis.com%2Fauth%2Fuserinfo.email+openid&authuser=0&prompt=consent&session_state=716e3b615ae1512d8e15a4422435b2845d6d8e30..0925
INFO: [ app_init ] --START--
INFO: Run Behavior\BuildLiteBehavior [ RunTime:0.000010s ]
INFO: [ app_init ] --END-- [ RunTime:0.000099s ]
INFO: [ app_begin ] --START--
INFO: Run Behavior\ReadHtmlCacheBehavior [ RunTime:0.000020s ]
INFO: [ app_begin ] --END-- [ RunTime:0.000036s ]

[ 2020-01-16T14:49:16+08:00 ] 127.0.0.1 /codeboss/index.php/Home/Index/oauth/type/google?code=4%2FvgH1tovFPBtgDlWI3HVmT-uH-EsOLuEy4v7URmn8Z4WFQyetpv0L7teBNTC_0Bfry7xW9WwWPNbosrQyYeCNABA&scope=email+profile+https%3A%2F%2Fwww.googleapis.com%2Fauth%2Fuserinfo.profile+https%3A%2F%2Fwww.googleapis.com%2Fauth%2Fuserinfo.email+openid&authuser=0&prompt=consent&session_state=15217f22080d412dd3b5f8e71d3a3b4e583f3d60..2628
INFO: [ app_init ] --START--
INFO: Run Behavior\BuildLiteBehavior [ RunTime:0.000007s ]
INFO: [ app_init ] --END-- [ RunTime:0.000058s ]
INFO: [ app_begin ] --START--
INFO: Run Behavior\ReadHtmlCacheBehavior [ RunTime:0.000028s ]
INFO: [ app_begin ] --END-- [ RunTime:0.000047s ]

[ 2020-01-16T15:02:08+08:00 ] 127.0.0.1 /codeboss/
INFO: [ app_init ] --START--
INFO: Run Behavior\BuildLiteBehavior [ RunTime:0.000007s ]
INFO: [ app_init ] --END-- [ RunTime:0.000046s ]
INFO: [ app_begin ] --START--
INFO: Run Behavior\ReadHtmlCacheBehavior [ RunTime:0.000057s ]
INFO: [ app_begin ] --END-- [ RunTime:0.000083s ]
INFO: [ view_parse ] --START--
INFO: [ template_filter ] --START--
INFO: Run Behavior\ContentReplaceBehavior [ RunTime:0.000027s ]
INFO: [ template_filter ] --END-- [ RunTime:0.000045s ]
INFO: Run Behavior\ParseTemplateBehavior [ RunTime:0.005397s ]
INFO: [ view_parse ] --END-- [ RunTime:0.005421s ]
INFO: [ view_filter ] --START--
INFO: Run Behavior\WriteHtmlCacheBehavior [ RunTime:0.000023s ]
INFO: Run Behavior\TokenBuildBehavior [ RunTime:0.000067s ]
INFO: [ view_filter ] --END-- [ RunTime:0.000110s ]
INFO: [ app_end ] --START--
INFO: Run Behavior\ShowPageTraceBehavior [ RunTime:0.000042s ]
INFO: [ app_end ] --END-- [ RunTime:0.000060s ]

[ 2020-01-16T15:02:10+08:00 ] 127.0.0.1 /codeboss/index.php/Home/Index/login
INFO: [ app_init ] --START--
INFO: Run Behavior\BuildLiteBehavior [ RunTime:0.000005s ]
INFO: [ app_init ] --END-- [ RunTime:0.000035s ]
INFO: [ app_begin ] --START--
INFO: Run Behavior\ReadHtmlCacheBehavior [ RunTime:0.000015s ]
INFO: [ app_begin ] --END-- [ RunTime:0.000029s ]
INFO: [ view_parse ] --START--
INFO: [ template_filter ] --START--
INFO: Run Behavior\ContentReplaceBehavior [ RunTime:0.000021s ]
INFO: [ template_filter ] --END-- [ RunTime:0.000039s ]
INFO: Run Behavior\ParseTemplateBehavior [ RunTime:0.003091s ]
INFO: [ view_parse ] --END-- [ RunTime:0.003112s ]
INFO: [ view_filter ] --START--
INFO: Run Behavior\WriteHtmlCacheBehavior [ RunTime:0.000022s ]
INFO: Run Behavior\TokenBuildBehavior [ RunTime:0.000923s ]
INFO: [ view_filter ] --END-- [ RunTime:0.000971s ]
INFO: [ app_end ] --START--
INFO: Run Behavior\ShowPageTraceBehavior [ RunTime:0.000021s ]
INFO: [ app_end ] --END-- [ RunTime:0.000035s ]

[ 2020-01-16T15:02:23+08:00 ] 127.0.0.1 /codeboss/index.php/Home/Index/post_login_email
INFO: [ app_init ] --START--
INFO: Run Behavior\BuildLiteBehavior [ RunTime:0.000007s ]
INFO: [ app_init ] --END-- [ RunTime:0.000044s ]
INFO: [ app_begin ] --START--
INFO: Run Behavior\ReadHtmlCacheBehavior [ RunTime:0.000021s ]
INFO: [ app_begin ] --END-- [ RunTime:0.000037s ]
SQL: SHOW COLUMNS FROM `db_users` [ RunTime:0.0011s ]
SQL: SELECT `uid` FROM `db_users` WHERE `password` = 'e10adc3949ba59abbe56e057f20f883e==' AND `email` = '0@0.com' AND `usertype` = 'email' LIMIT 1   [ RunTime:0.0002s ]
INFO: [ view_parse ] --START--
INFO: [ template_filter ] --START--
INFO: Run Behavior\ContentReplaceBehavior [ RunTime:0.000018s ]
INFO: [ template_filter ] --END-- [ RunTime:0.000037s ]
INFO: Run Behavior\ParseTemplateBehavior [ RunTime:0.016126s ]
INFO: [ view_parse ] --END-- [ RunTime:0.016163s ]
INFO: [ view_filter ] --START--
INFO: Run Behavior\WriteHtmlCacheBehavior [ RunTime:0.000036s ]
INFO: Run Behavior\TokenBuildBehavior [ RunTime:0.000048s ]
INFO: [ view_filter ] --END-- [ RunTime:0.000104s ]

[ 2020-01-16T15:02:26+08:00 ] 127.0.0.1 /codeboss/index.php/Home/Index/index
INFO: [ app_init ] --START--
INFO: Run Behavior\BuildLiteBehavior [ RunTime:0.000064s ]
INFO: [ app_init ] --END-- [ RunTime:0.000206s ]
INFO: [ app_begin ] --START--
INFO: Run Behavior\ReadHtmlCacheBehavior [ RunTime:0.000191s ]
INFO: [ app_begin ] --END-- [ RunTime:0.000286s ]
INFO: [ view_parse ] --START--
INFO: [ template_filter ] --START--
INFO: Run Behavior\ContentReplaceBehavior [ RunTime:0.000160s ]
INFO: [ template_filter ] --END-- [ RunTime:0.000269s ]
INFO: Run Behavior\ParseTemplateBehavior [ RunTime:0.024071s ]
INFO: [ view_parse ] --END-- [ RunTime:0.026042s ]
INFO: [ view_filter ] --START--
INFO: Run Behavior\WriteHtmlCacheBehavior [ RunTime:0.000213s ]
INFO: Run Behavior\TokenBuildBehavior [ RunTime:0.000278s ]
INFO: [ view_filter ] --END-- [ RunTime:0.000593s ]
INFO: [ app_end ] --START--
INFO: Run Behavior\ShowPageTraceBehavior [ RunTime:0.000056s ]
INFO: [ app_end ] --END-- [ RunTime:0.000087s ]

[ 2020-01-16T15:02:35+08:00 ] 127.0.0.1 /codeboss/index.php/Home/Index/login
INFO: [ app_init ] --START--
INFO: Run Behavior\BuildLiteBehavior [ RunTime:0.000006s ]
INFO: [ app_init ] --END-- [ RunTime:0.000039s ]
INFO: [ app_begin ] --START--
INFO: Run Behavior\ReadHtmlCacheBehavior [ RunTime:0.000016s ]
INFO: [ app_begin ] --END-- [ RunTime:0.000030s ]
INFO: [ view_parse ] --START--
INFO: [ template_filter ] --START--
INFO: Run Behavior\ContentReplaceBehavior [ RunTime:0.000021s ]
INFO: [ template_filter ] --END-- [ RunTime:0.000039s ]
INFO: Run Behavior\ParseTemplateBehavior [ RunTime:0.003508s ]
INFO: [ view_parse ] --END-- [ RunTime:0.003529s ]
INFO: [ view_filter ] --START--
INFO: Run Behavior\WriteHtmlCacheBehavior [ RunTime:0.000026s ]
INFO: Run Behavior\TokenBuildBehavior [ RunTime:0.000060s ]
INFO: [ view_filter ] --END-- [ RunTime:0.000105s ]
INFO: [ app_end ] --START--
INFO: Run Behavior\ShowPageTraceBehavior [ RunTime:0.000028s ]
INFO: [ app_end ] --END-- [ RunTime:0.000041s ]

[ 2020-01-16T15:02:42+08:00 ] 127.0.0.1 /codeboss/index.php/Home/Index/post_login_email
INFO: [ app_init ] --START--
INFO: Run Behavior\BuildLiteBehavior [ RunTime:0.000006s ]
INFO: [ app_init ] --END-- [ RunTime:0.000045s ]
INFO: [ app_begin ] --START--
INFO: Run Behavior\ReadHtmlCacheBehavior [ RunTime:0.000016s ]
INFO: [ app_begin ] --END-- [ RunTime:0.000031s ]
SQL: SHOW COLUMNS FROM `db_users` [ RunTime:0.0013s ]
SQL: SELECT `uid` FROM `db_users` WHERE `password` = 'e10adc3949ba59abbe56e057f20f883e==' AND `email` = '0@0.com' AND `usertype` = 'email' LIMIT 1   [ RunTime:0.0001s ]
NOTIC: [8] Undefined index: HTTP_X_FORWARDED_FOR /var/www/html/codeboss/Application/Home/Common/function.php 第 6 行.
NOTIC: [8] Undefined index: HTTP_CLIENT_IP /var/www/html/codeboss/Application/Home/Common/function.php 第 8 行.
SQL: UPDATE `db_users` SET `loginip`='127.0.0.1',`randomcode`='RxOTLy' WHERE `password` = 'e10adc3949ba59abbe56e057f20f883e==' AND `email` = '0@0.com' AND `usertype` = 'email' [ RunTime:0.0105s ]
INFO: [ view_parse ] --START--
INFO: [ template_filter ] --START--
INFO: Run Behavior\ContentReplaceBehavior [ RunTime:0.000018s ]
INFO: [ template_filter ] --END-- [ RunTime:0.000035s ]
INFO: Run Behavior\ParseTemplateBehavior [ RunTime:0.000887s ]
INFO: [ view_parse ] --END-- [ RunTime:0.000907s ]
INFO: [ view_filter ] --START--
INFO: Run Behavior\WriteHtmlCacheBehavior [ RunTime:0.000021s ]
INFO: Run Behavior\TokenBuildBehavior [ RunTime:0.000030s ]
INFO: [ view_filter ] --END-- [ RunTime:0.000068s ]
INFO: [ app_end ] --START--
INFO: Run Behavior\ShowPageTraceBehavior [ RunTime:0.000023s ]
INFO: [ app_end ] --END-- [ RunTime:0.000036s ]

[ 2020-01-16T15:02:43+08:00 ] 127.0.0.1 /codeboss/index.php/Home/Panel/index
INFO: [ app_init ] --START--
INFO: Run Behavior\BuildLiteBehavior [ RunTime:0.000008s ]
INFO: [ app_init ] --END-- [ RunTime:0.000051s ]
INFO: [ app_begin ] --START--
INFO: Run Behavior\ReadHtmlCacheBehavior [ RunTime:0.000023s ]
INFO: [ app_begin ] --END-- [ RunTime:0.000047s ]
NOTIC: [8] Undefined index: HTTP_X_FORWARDED_FOR /var/www/html/codeboss/Application/Home/Common/function.php 第 6 行.
NOTIC: [8] Undefined index: HTTP_CLIENT_IP /var/www/html/codeboss/Application/Home/Common/function.php 第 8 行.
SQL: SHOW COLUMNS FROM `db_users` [ RunTime:0.0006s ]
SQL: SELECT `uid`,`register_code`,`randomcode` FROM `db_users` WHERE `uid` = '0@0.com' LIMIT 1   [ RunTime:0.0005s ]
INFO: [ view_parse ] --START--
INFO: [ template_filter ] --START--
INFO: Run Behavior\ContentReplaceBehavior [ RunTime:0.000052s ]
INFO: [ template_filter ] --END-- [ RunTime:0.000091s ]
INFO: Run Behavior\ParseTemplateBehavior [ RunTime:0.014667s ]
INFO: [ view_parse ] --END-- [ RunTime:0.014703s ]
INFO: [ view_filter ] --START--
INFO: Run Behavior\WriteHtmlCacheBehavior [ RunTime:0.000033s ]
INFO: Run Behavior\TokenBuildBehavior [ RunTime:0.000060s ]
INFO: [ view_filter ] --END-- [ RunTime:0.000123s ]
INFO: [ app_end ] --START--
INFO: Run Behavior\ShowPageTraceBehavior [ RunTime:0.000022s ]
INFO: [ app_end ] --END-- [ RunTime:0.000039s ]

[ 2020-01-16T15:20:12+08:00 ] 127.0.0.1 /codeboss/index.php/Home/Index/oauth/type/google?code=4%2FvgH1tovFPBtgDlWI3HVmT-uH-EsOLuEy4v7URmn8Z4WFQyetpv0L7teBNTC_0Bfry7xW9WwWPNbosrQyYeCNABA&scope=email+profile+https%3A%2F%2Fwww.googleapis.com%2Fauth%2Fuserinfo.profile+https%3A%2F%2Fwww.googleapis.com%2Fauth%2Fuserinfo.email+openid&authuser=0&prompt=consent&session_state=15217f22080d412dd3b5f8e71d3a3b4e583f3d60..2628
INFO: [ app_init ] --START--
INFO: Run Behavior\BuildLiteBehavior [ RunTime:0.000007s ]
INFO: [ app_init ] --END-- [ RunTime:0.000061s ]
INFO: [ app_begin ] --START--
INFO: Run Behavior\ReadHtmlCacheBehavior [ RunTime:0.000021s ]
INFO: [ app_begin ] --END-- [ RunTime:0.000037s ]
NOTIC: [8] Undefined index: access_token /var/www/html/codeboss/ThinkPHP/Library/Org/ThinkSDK/sdk/GoogleSDK.class.php 第 61 行.
ERR: 获取 Google ACCESS_TOKEN出错：未知错误

[ 2020-01-16T15:20:17+08:00 ] 127.0.0.1 /codeboss/index.php/Home/Index/oauth_login/type/google
INFO: [ app_init ] --START--
INFO: Run Behavior\BuildLiteBehavior [ RunTime:0.000005s ]
INFO: [ app_init ] --END-- [ RunTime:0.000037s ]
INFO: [ app_begin ] --START--
INFO: Run Behavior\ReadHtmlCacheBehavior [ RunTime:0.000020s ]
INFO: [ app_begin ] --END-- [ RunTime:0.000034s ]

[ 2020-01-16T15:20:18+08:00 ] 127.0.0.1 /codeboss/index.php/Home/Index/oauth/type/google?code=4/vgGTwpfv1vQ_to-AMA8YAXWzCuoe9z6GYW_UAxXhcLkAdy_OWY6jBi76kaS5t_DgN1QelAhAoFXbN35WEj60WGc&scope=email+profile+openid+https://www.googleapis.com/auth/userinfo.profile+https://www.googleapis.com/auth/userinfo.email&authuser=0&prompt=none&session_state=af9cb97d42b2dcc9006b1046e0515e69350081da..a33c
INFO: [ app_init ] --START--
INFO: Run Behavior\BuildLiteBehavior [ RunTime:0.000008s ]
INFO: [ app_init ] --END-- [ RunTime:0.000048s ]
INFO: [ app_begin ] --START--
INFO: Run Behavior\ReadHtmlCacheBehavior [ RunTime:0.000019s ]
INFO: [ app_begin ] --END-- [ RunTime:0.000034s ]
NOTIC: [8] Undefined index: [email /var/www/html/codeboss/Application/Home/Controller/IndexController.class.php 第 210 行.

[ 2020-01-16T15:22:49+08:00 ] 127.0.0.1 /codeboss/index.php/Home/Index/oauth/type/google?code=4/vgGTwpfv1vQ_to-AMA8YAXWzCuoe9z6GYW_UAxXhcLkAdy_OWY6jBi76kaS5t_DgN1QelAhAoFXbN35WEj60WGc&scope=email+profile+openid+https://www.googleapis.com/auth/userinfo.profile+https://www.googleapis.com/auth/userinfo.email&authuser=0&prompt=none&session_state=af9cb97d42b2dcc9006b1046e0515e69350081da..a33c
INFO: [ app_init ] --START--
INFO: Run Behavior\BuildLiteBehavior [ RunTime:0.000005s ]
INFO: [ app_init ] --END-- [ RunTime:0.000040s ]
INFO: [ app_begin ] --START--
INFO: Run Behavior\ReadHtmlCacheBehavior [ RunTime:0.000022s ]
INFO: [ app_begin ] --END-- [ RunTime:0.000055s ]
NOTIC: [8] Undefined index: access_token /var/www/html/codeboss/ThinkPHP/Library/Org/ThinkSDK/sdk/GoogleSDK.class.php 第 61 行.
ERR: 获取 Google ACCESS_TOKEN出错：未知错误

[ 2020-01-16T15:22:52+08:00 ] 127.0.0.1 /codeboss/index.php/Home/Index/oauth_login/type/google
INFO: [ app_init ] --START--
INFO: Run Behavior\BuildLiteBehavior [ RunTime:0.000005s ]
INFO: [ app_init ] --END-- [ RunTime:0.000044s ]
INFO: [ app_begin ] --START--
INFO: Run Behavior\ReadHtmlCacheBehavior [ RunTime:0.000017s ]
INFO: [ app_begin ] --END-- [ RunTime:0.000031s ]

[ 2020-01-16T15:22:54+08:00 ] 127.0.0.1 /codeboss/index.php/Home/Index/oauth/type/google?code=4/vgGX67y2YZc8AvYwVdfGpa4Gs4IAmXLo6-aGdMvhRG9-M_3Pqfhp6N-uJJwbt-_6QAc9jAaphRD_z4rC3XhfXP4&scope=email+profile+openid+https://www.googleapis.com/auth/userinfo.email+https://www.googleapis.com/auth/userinfo.profile&authuser=0&prompt=none&session_state=14e1a025b3192954a70df381c0b59e7805a6ef74..6bb9
INFO: [ app_init ] --START--
INFO: Run Behavior\BuildLiteBehavior [ RunTime:0.000006s ]
INFO: [ app_init ] --END-- [ RunTime:0.000034s ]
INFO: [ app_begin ] --START--
INFO: Run Behavior\ReadHtmlCacheBehavior [ RunTime:0.000015s ]
INFO: [ app_begin ] --END-- [ RunTime:0.000029s ]
NOTIC: [8] Array to string conversion /var/www/html/codeboss/Application/Home/Controller/IndexController.class.php 第 197 行.
NOTIC: [8] Undefined index: [email /var/www/html/codeboss/Application/Home/Controller/IndexController.class.php 第 211 行.
NOTIC: [8] Undefined index: HTTP_X_FORWARDED_FOR /var/www/html/codeboss/Application/Home/Common/function.php 第 6 行.
NOTIC: [8] Undefined index: HTTP_CLIENT_IP /var/www/html/codeboss/Application/Home/Common/function.php 第 8 行.
NOTIC: [8] Undefined variable: tokenstring /var/www/html/codeboss/Application/Home/Controller/IndexController.class.php 第 217 行.

[ 2020-01-16T15:38:15+08:00 ] 127.0.0.1 /codeboss/index.php/Home/Index/oauth_login/type/google
INFO: [ app_init ] --START--
INFO: Run Behavior\BuildLiteBehavior [ RunTime:0.000006s ]
INFO: [ app_init ] --END-- [ RunTime:0.000042s ]
INFO: [ app_begin ] --START--
INFO: Run Behavior\ReadHtmlCacheBehavior [ RunTime:0.000019s ]
INFO: [ app_begin ] --END-- [ RunTime:0.000034s ]

[ 2020-01-16T15:38:17+08:00 ] 127.0.0.1 /codeboss/index.php/Home/Index/oauth/type/google?code=4/vgH2UXpmlQf7O3XXrhzCi9FUdn1AoOscCy4cQJk5wfjC5ibHMSZWd64ktvz9u4eEPdlbBDw595-n4n7B6Hu3bHY&scope=email+profile+https://www.googleapis.com/auth/userinfo.profile+https://www.googleapis.com/auth/userinfo.email+openid&authuser=0&prompt=none&session_state=d7f6a85b9e076be18cf0949c9d888875a920635b..6ae0
INFO: [ app_init ] --START--
INFO: Run Behavior\BuildLiteBehavior [ RunTime:0.000006s ]
INFO: [ app_init ] --END-- [ RunTime:0.000035s ]
INFO: [ app_begin ] --START--
INFO: Run Behavior\ReadHtmlCacheBehavior [ RunTime:0.000016s ]
INFO: [ app_begin ] --END-- [ RunTime:0.000030s ]
NOTIC: [8] Undefined index: HTTP_X_FORWARDED_FOR /var/www/html/codeboss/Application/Home/Common/function.php 第 6 行.
NOTIC: [8] Undefined index: HTTP_CLIENT_IP /var/www/html/codeboss/Application/Home/Common/function.php 第 8 行.

[ 2020-01-16T15:38:17+08:00 ] 127.0.0.1 /codeboss/index.php/Home/Index/oauth_login/type/google
INFO: [ app_init ] --START--
INFO: Run Behavior\BuildLiteBehavior [ RunTime:0.000007s ]
INFO: [ app_init ] --END-- [ RunTime:0.000042s ]
INFO: [ app_begin ] --START--
INFO: Run Behavior\ReadHtmlCacheBehavior [ RunTime:0.000018s ]
INFO: [ app_begin ] --END-- [ RunTime:0.000034s ]

[ 2020-01-16T15:38:19+08:00 ] 127.0.0.1 /codeboss/index.php/Home/Index/oauth/type/google?code=4/vgF9vDXoWo7KUQKYdPbEpEi2pgV7X90D87MBlH03pCBZNri9vsWurGFlhyjBeyQxKbqh9o5gK3S_L7qeGi0kgI4&scope=email+profile+openid+https://www.googleapis.com/auth/userinfo.profile+https://www.googleapis.com/auth/userinfo.email&authuser=0&prompt=none&session_state=a8cb3caa72c553932c462c685e5e03545722d0da..f90f
INFO: [ app_init ] --START--
INFO: Run Behavior\BuildLiteBehavior [ RunTime:0.000012s ]
INFO: [ app_init ] --END-- [ RunTime:0.000074s ]
INFO: [ app_begin ] --START--
INFO: Run Behavior\ReadHtmlCacheBehavior [ RunTime:0.000035s ]
INFO: [ app_begin ] --END-- [ RunTime:0.000069s ]
NOTIC: [8] Undefined index: HTTP_X_FORWARDED_FOR /var/www/html/codeboss/Application/Home/Common/function.php 第 6 行.
NOTIC: [8] Undefined index: HTTP_CLIENT_IP /var/www/html/codeboss/Application/Home/Common/function.php 第 8 行.

[ 2020-01-16T15:42:57+08:00 ] 127.0.0.1 /codeboss/index.php/Home/Index/oauth_login/type/google
INFO: [ app_init ] --START--
INFO: Run Behavior\BuildLiteBehavior [ RunTime:0.000021s ]
INFO: [ app_init ] --END-- [ RunTime:0.000080s ]
INFO: [ app_begin ] --START--
INFO: Run Behavior\ReadHtmlCacheBehavior [ RunTime:0.000020s ]
INFO: [ app_begin ] --END-- [ RunTime:0.000036s ]

[ 2020-01-16T15:42:59+08:00 ] 127.0.0.1 /codeboss/index.php/Home/Index/oauth/type/google?code=4/vgEMNJWEXwbjuhGmhIuT8nnPbAzA0e4OQ1xcXO6ZTovYN4nZX-CmGFtbxXJzd8-Vg3KDJt8pOGeWxIx5QIVabLM&scope=email+profile+openid+https://www.googleapis.com/auth/userinfo.email+https://www.googleapis.com/auth/userinfo.profile&authuser=0&prompt=none&session_state=1093764d1dc0d346fb768c1a91009e432a6a45ad..7776
INFO: [ app_init ] --START--
INFO: Run Behavior\BuildLiteBehavior [ RunTime:0.000006s ]
INFO: [ app_init ] --END-- [ RunTime:0.000035s ]
INFO: [ app_begin ] --START--
INFO: Run Behavior\ReadHtmlCacheBehavior [ RunTime:0.000015s ]
INFO: [ app_begin ] --END-- [ RunTime:0.000029s ]
NOTIC: [8] Undefined index: HTTP_X_FORWARDED_FOR /var/www/html/codeboss/Application/Home/Common/function.php 第 6 行.
NOTIC: [8] Undefined index: HTTP_CLIENT_IP /var/www/html/codeboss/Application/Home/Common/function.php 第 8 行.

[ 2020-01-16T15:43:27+08:00 ] 127.0.0.1 /codeboss/index.php/Home/Index/oauth_login/type/google
INFO: [ app_init ] --START--
INFO: Run Behavior\BuildLiteBehavior [ RunTime:0.000006s ]
INFO: [ app_init ] --END-- [ RunTime:0.000039s ]
INFO: [ app_begin ] --START--
INFO: Run Behavior\ReadHtmlCacheBehavior [ RunTime:0.000020s ]
INFO: [ app_begin ] --END-- [ RunTime:0.000034s ]

[ 2020-01-16T15:43:29+08:00 ] 127.0.0.1 /codeboss/index.php/Home/Index/oauth/type/google?code=4/vgFX_4YmTu_en2BdqfgpqIGskA_NETGLVFCVR3Nld-RR9l3t4DAdfoVLQh2-8IVAzauhxFxd5eDSOYkchymHVu8&scope=email+profile+openid+https://www.googleapis.com/auth/userinfo.email+https://www.googleapis.com/auth/userinfo.profile&authuser=0&prompt=none&session_state=460537d325ab4589d48e99fd2d34b806a3254130..d6fd
INFO: [ app_init ] --START--
INFO: Run Behavior\BuildLiteBehavior [ RunTime:0.000011s ]
INFO: [ app_init ] --END-- [ RunTime:0.000193s ]
INFO: [ app_begin ] --START--
INFO: Run Behavior\ReadHtmlCacheBehavior [ RunTime:0.000022s ]
INFO: [ app_begin ] --END-- [ RunTime:0.000037s ]
NOTIC: [8] Undefined index: HTTP_X_FORWARDED_FOR /var/www/html/codeboss/Application/Home/Common/function.php 第 6 行.
NOTIC: [8] Undefined index: HTTP_CLIENT_IP /var/www/html/codeboss/Application/Home/Common/function.php 第 8 行.
SQL: SHOW COLUMNS FROM `db_users` [ RunTime:0.0063s ]
SQL: SELECT `uid` FROM `db_users` WHERE `usertype` = 'google' AND `username` = 'FengNan Wu' AND `image_url` = 'https://lh6.googleusercontent.com/-d_xvnpdPEs0/AAAAAAAAAAI/AAAAAAAAAAA/ACHi3rf1UC2CE3P_KKUgD0KkijhpXFMv1A/photo.jpg' AND `uid` = '116833394519266386039' AND `email` = 'beautyhc002@gmail.com' AND `password` = '5e2014216cedf5e2014216d24d==' AND `register_code` = 1 AND `loginip` = '127.0.0.1' AND `logintime` = '2020-01-16 15:43:29' AND `randomcode` = '201421' LIMIT 1   [ RunTime:0.0037s ]
SQL: INSERT INTO `db_users` (`usertype`,`username`,`image_url`,`uid`,`email`,`password`,`register_code`,`loginip`,`logintime`,`randomcode`) VALUES ('google','FengNan Wu','https://lh6.googleusercontent.com/-d_xvnpdPEs0/AAAAAAAAAAI/AAAAAAAAAAA/ACHi3rf1UC2CE3P_KKUgD0KkijhpXFMv1A/photo.jpg','116833394519266386039','beautyhc002@gmail.com','5e2014216cedf5e2014216d24d==','1','127.0.0.1','2020-01-16 15:43:29','201421') [ RunTime:0.0136s ]
INFO: [ app_end ] --START--
INFO: Run Behavior\ShowPageTraceBehavior [ RunTime:0.000068s ]
INFO: [ app_end ] --END-- [ RunTime:0.000086s ]

[ 2020-01-16T15:43:47+08:00 ] 127.0.0.1 /codeboss/index.php/Home/Index/oauth_login/type/google
INFO: [ app_init ] --START--
INFO: Run Behavior\BuildLiteBehavior [ RunTime:0.000006s ]
INFO: [ app_init ] --END-- [ RunTime:0.000040s ]
INFO: [ app_begin ] --START--
INFO: Run Behavior\ReadHtmlCacheBehavior [ RunTime:0.000016s ]
INFO: [ app_begin ] --END-- [ RunTime:0.000030s ]

[ 2020-01-16T15:43:49+08:00 ] 127.0.0.1 /codeboss/index.php/Home/Index/oauth/type/google?code=4/vgEYOVzR4f_RWLvsgyNuS5gU4OSUuTJffuXDSfSjXxDegdiwple9QqwU9C4Uia70TgVnlYkdAThvnHa2QHx42-U&scope=email+profile+openid+https://www.googleapis.com/auth/userinfo.profile+https://www.googleapis.com/auth/userinfo.email&authuser=0&prompt=none&session_state=e37ce6ed4bfa2e4b497b4ada61c8be53158681e9..eb73
INFO: [ app_init ] --START--
INFO: Run Behavior\BuildLiteBehavior [ RunTime:0.000006s ]
INFO: [ app_init ] --END-- [ RunTime:0.000035s ]
INFO: [ app_begin ] --START--
INFO: Run Behavior\ReadHtmlCacheBehavior [ RunTime:0.000015s ]
INFO: [ app_begin ] --END-- [ RunTime:0.000029s ]
NOTIC: [8] Undefined index: HTTP_X_FORWARDED_FOR /var/www/html/codeboss/Application/Home/Common/function.php 第 6 行.
NOTIC: [8] Undefined index: HTTP_CLIENT_IP /var/www/html/codeboss/Application/Home/Common/function.php 第 8 行.
SQL: SHOW COLUMNS FROM `db_users` [ RunTime:0.0031s ]
SQL: SELECT `uid` FROM `db_users` WHERE `usertype` = 'google' AND `username` = 'FengNan Wu' AND `image_url` = 'https://lh6.googleusercontent.com/-d_xvnpdPEs0/AAAAAAAAAAI/AAAAAAAAAAA/ACHi3rf1UC2CE3P_KKUgD0KkijhpXFMv1A/photo.jpg' AND `uid` = '116833394519266386039' AND `email` = 'beautyhc002@gmail.com' AND `password` = '5e2014353381f5e2014353389e==' AND `register_code` = 1 AND `loginip` = '127.0.0.1' AND `logintime` = '2020-01-16 15:43:49' AND `randomcode` = '201435' LIMIT 1   [ RunTime:0.0004s ]
ERR: 1062:Duplicate entry '116833394519266386039' for key 'PRIMARY'
 [ SQL语句 ] : INSERT INTO `db_users` (`usertype`,`username`,`image_url`,`uid`,`email`,`password`,`register_code`,`loginip`,`logintime`,`randomcode`) VALUES ('google','FengNan Wu','https://lh6.googleusercontent.com/-d_xvnpdPEs0/AAAAAAAAAAI/AAAAAAAAAAA/ACHi3rf1UC2CE3P_KKUgD0KkijhpXFMv1A/photo.jpg','116833394519266386039','beautyhc002@gmail.com','5e2014353381f5e2014353389e==','1','127.0.0.1','2020-01-16 15:43:49','201435')
ERR: 1062:Duplicate entry '116833394519266386039' for key 'PRIMARY'
 [ SQL语句 ] : INSERT INTO `db_users` (`usertype`,`username`,`image_url`,`uid`,`email`,`password`,`register_code`,`loginip`,`logintime`,`randomcode`) VALUES ('google','FengNan Wu','https://lh6.googleusercontent.com/-d_xvnpdPEs0/AAAAAAAAAAI/AAAAAAAAAAA/ACHi3rf1UC2CE3P_KKUgD0KkijhpXFMv1A/photo.jpg','116833394519266386039','beautyhc002@gmail.com','5e2014353381f5e2014353389e==','1','127.0.0.1','2020-01-16 15:43:49','201435')

[ 2020-01-16T15:44:31+08:00 ] 127.0.0.1 /codeboss/index.php/Home/Index/oauth_login/type/google
INFO: [ app_init ] --START--
INFO: Run Behavior\BuildLiteBehavior [ RunTime:0.000006s ]
INFO: [ app_init ] --END-- [ RunTime:0.000042s ]
INFO: [ app_begin ] --START--
INFO: Run Behavior\ReadHtmlCacheBehavior [ RunTime:0.000018s ]
INFO: [ app_begin ] --END-- [ RunTime:0.000032s ]

[ 2020-01-16T15:44:32+08:00 ] 127.0.0.1 /codeboss/index.php/Home/Index/oauth/type/google?code=4/vgH32AAwXTHz1naXkDlrNXqKBHi9rsWNbIgTycNytfEPqynQwX4E0iTVZwCttHqwKcni_yVeutJqNRGvmNP4JNs&scope=email+profile+https://www.googleapis.com/auth/userinfo.profile+https://www.googleapis.com/auth/userinfo.email+openid&authuser=0&prompt=none&session_state=e4e64650212b1dcbb692a4c60479bb5514b67c95..6a5c
INFO: [ app_init ] --START--
INFO: Run Behavior\BuildLiteBehavior [ RunTime:0.000007s ]
INFO: [ app_init ] --END-- [ RunTime:0.000036s ]
INFO: [ app_begin ] --START--
INFO: Run Behavior\ReadHtmlCacheBehavior [ RunTime:0.000016s ]
INFO: [ app_begin ] --END-- [ RunTime:0.000031s ]
NOTIC: [8] Undefined index: HTTP_X_FORWARDED_FOR /var/www/html/codeboss/Application/Home/Common/function.php 第 6 行.
NOTIC: [8] Undefined index: HTTP_CLIENT_IP /var/www/html/codeboss/Application/Home/Common/function.php 第 8 行.
SQL: SHOW COLUMNS FROM `db_users` [ RunTime:0.0015s ]
SQL: SELECT `uid` FROM `db_users` WHERE `usertype` = 'google' AND `uid` = '116833394519266386039' LIMIT 1   [ RunTime:0.0001s ]
INFO: [ app_end ] --START--
INFO: Run Behavior\ShowPageTraceBehavior [ RunTime:0.000040s ]
INFO: [ app_end ] --END-- [ RunTime:0.000054s ]

[ 2020-01-16T15:47:23+08:00 ] 127.0.0.1 /codeboss/index.php/Home/Index/signup
INFO: [ app_init ] --START--
INFO: Run Behavior\BuildLiteBehavior [ RunTime:0.000006s ]
INFO: [ app_init ] --END-- [ RunTime:0.000044s ]
INFO: [ app_begin ] --START--
INFO: Run Behavior\ReadHtmlCacheBehavior [ RunTime:0.000019s ]
INFO: [ app_begin ] --END-- [ RunTime:0.000035s ]
INFO: [ view_parse ] --START--
INFO: [ template_filter ] --START--
INFO: Run Behavior\ContentReplaceBehavior [ RunTime:0.000044s ]
INFO: [ template_filter ] --END-- [ RunTime:0.000066s ]
INFO: Run Behavior\ParseTemplateBehavior [ RunTime:0.012852s ]
INFO: [ view_parse ] --END-- [ RunTime:0.012880s ]
INFO: [ view_filter ] --START--
INFO: Run Behavior\WriteHtmlCacheBehavior [ RunTime:0.000031s ]
INFO: Run Behavior\TokenBuildBehavior [ RunTime:0.000087s ]
INFO: [ view_filter ] --END-- [ RunTime:0.000138s ]
INFO: [ app_end ] --START--
INFO: Run Behavior\ShowPageTraceBehavior [ RunTime:0.000031s ]
INFO: [ app_end ] --END-- [ RunTime:0.000049s ]

[ 2020-01-16T15:47:47+08:00 ] 127.0.0.1 /codeboss/index.php/Home/Index/post_signup_email
INFO: [ app_init ] --START--
INFO: Run Behavior\BuildLiteBehavior [ RunTime:0.000010s ]
INFO: [ app_init ] --END-- [ RunTime:0.000061s ]
INFO: [ app_begin ] --START--
INFO: Run Behavior\ReadHtmlCacheBehavior [ RunTime:0.000025s ]
INFO: [ app_begin ] --END-- [ RunTime:0.000044s ]
SQL: SHOW COLUMNS FROM `db_users` [ RunTime:0.0035s ]
SQL: SELECT `uid`,`register_code` FROM `db_users` WHERE `email` = 'beautyhc002@gmail.com' AND `usertype` = 'email' LIMIT 1   [ RunTime:0.0009s ]
NOTIC: [8] Undefined index: HTTP_X_FORWARDED_FOR /var/www/html/codeboss/Application/Home/Common/function.php 第 6 行.
NOTIC: [8] Undefined index: HTTP_CLIENT_IP /var/www/html/codeboss/Application/Home/Common/function.php 第 8 行.
SQL: INSERT INTO `db_users` (`username`,`password`,`email`,`uid`,`register_code`,`usertype`,`loginip`,`logintime`,`randomcode`) VALUES ('afe123_','25d55ad283aa400af464c76d713c07ad==','beautyhc002@gmail.com','beautyhc002@gmail.com','724780','email','127.0.0.1','2020-01-16 15:47:47','Ttuf4s') [ RunTime:0.0035s ]
INFO: [ view_parse ] --START--
INFO: [ template_filter ] --START--
INFO: Run Behavior\ContentReplaceBehavior [ RunTime:0.000019s ]
INFO: [ template_filter ] --END-- [ RunTime:0.000040s ]
INFO: Run Behavior\ParseTemplateBehavior [ RunTime:0.003560s ]
INFO: [ view_parse ] --END-- [ RunTime:0.003586s ]
INFO: [ view_filter ] --START--
INFO: Run Behavior\WriteHtmlCacheBehavior [ RunTime:0.000025s ]
INFO: Run Behavior\TokenBuildBehavior [ RunTime:0.000049s ]
INFO: [ view_filter ] --END-- [ RunTime:0.000093s ]
INFO: [ app_end ] --START--
INFO: Run Behavior\ShowPageTraceBehavior [ RunTime:0.000019s ]
INFO: [ app_end ] --END-- [ RunTime:0.000032s ]

[ 2020-01-16T15:47:48+08:00 ] 127.0.0.1 /codeboss/index.php/Home/Panel/index
INFO: [ app_init ] --START--
INFO: Run Behavior\BuildLiteBehavior [ RunTime:0.000022s ]
INFO: [ app_init ] --END-- [ RunTime:0.000135s ]
INFO: [ app_begin ] --START--
INFO: Run Behavior\ReadHtmlCacheBehavior [ RunTime:0.000071s ]
INFO: [ app_begin ] --END-- [ RunTime:0.000138s ]
NOTIC: [8] Undefined index: HTTP_X_FORWARDED_FOR /var/www/html/codeboss/Application/Home/Common/function.php 第 6 行.
NOTIC: [8] Undefined index: HTTP_CLIENT_IP /var/www/html/codeboss/Application/Home/Common/function.php 第 8 行.
SQL: SHOW COLUMNS FROM `db_users` [ RunTime:0.0041s ]
SQL: SELECT `uid`,`register_code`,`randomcode` FROM `db_users` WHERE `uid` = 'beautyhc002@gmail.com' LIMIT 1   [ RunTime:0.0021s ]
INFO: [ view_parse ] --START--
INFO: [ template_filter ] --START--
INFO: Run Behavior\ContentReplaceBehavior [ RunTime:0.000073s ]
INFO: [ template_filter ] --END-- [ RunTime:0.000154s ]
INFO: Run Behavior\ParseTemplateBehavior [ RunTime:0.026893s ]
INFO: [ view_parse ] --END-- [ RunTime:0.026975s ]
INFO: [ view_filter ] --START--
INFO: Run Behavior\WriteHtmlCacheBehavior [ RunTime:0.000074s ]
INFO: Run Behavior\TokenBuildBehavior [ RunTime:0.000114s ]
INFO: [ view_filter ] --END-- [ RunTime:0.000301s ]
INFO: [ app_end ] --START--
INFO: Run Behavior\ShowPageTraceBehavior [ RunTime:0.000060s ]
INFO: [ app_end ] --END-- [ RunTime:0.000108s ]

[ 2020-01-16T15:48:07+08:00 ] 127.0.0.1 /codeboss/index.php/Home/Panel/index
INFO: [ app_init ] --START--
INFO: Run Behavior\BuildLiteBehavior [ RunTime:0.000006s ]
INFO: [ app_init ] --END-- [ RunTime:0.000042s ]
INFO: [ app_begin ] --START--
INFO: Run Behavior\ReadHtmlCacheBehavior [ RunTime:0.000019s ]
INFO: [ app_begin ] --END-- [ RunTime:0.000034s ]
NOTIC: [8] Undefined index: HTTP_X_FORWARDED_FOR /var/www/html/codeboss/Application/Home/Common/function.php 第 6 行.
NOTIC: [8] Undefined index: HTTP_CLIENT_IP /var/www/html/codeboss/Application/Home/Common/function.php 第 8 行.
SQL: SHOW COLUMNS FROM `db_users` [ RunTime:0.0023s ]
SQL: SELECT `uid`,`register_code`,`randomcode` FROM `db_users` WHERE `uid` = 'beautyhc002@gmail.com' LIMIT 1   [ RunTime:0.0019s ]
INFO: [ view_parse ] --START--
INFO: [ template_filter ] --START--
INFO: Run Behavior\ContentReplaceBehavior [ RunTime:0.000024s ]
INFO: [ template_filter ] --END-- [ RunTime:0.000042s ]
INFO: Run Behavior\ParseTemplateBehavior [ RunTime:0.002177s ]
INFO: [ view_parse ] --END-- [ RunTime:0.002197s ]
INFO: [ view_filter ] --START--
INFO: Run Behavior\WriteHtmlCacheBehavior [ RunTime:0.000021s ]
INFO: Run Behavior\TokenBuildBehavior [ RunTime:0.000034s ]
INFO: [ view_filter ] --END-- [ RunTime:0.000073s ]
INFO: [ app_end ] --START--
INFO: Run Behavior\ShowPageTraceBehavior [ RunTime:0.000016s ]
INFO: [ app_end ] --END-- [ RunTime:0.000026s ]

[ 2020-01-16T15:48:17+08:00 ] 127.0.0.1 /codeboss/index.php/Home/Index/post_signup_email
INFO: [ app_init ] --START--
INFO: Run Behavior\BuildLiteBehavior [ RunTime:0.000006s ]
INFO: [ app_init ] --END-- [ RunTime:0.000039s ]
INFO: [ app_begin ] --START--
INFO: Run Behavior\ReadHtmlCacheBehavior [ RunTime:0.000017s ]
INFO: [ app_begin ] --END-- [ RunTime:0.000032s ]
SQL: SHOW COLUMNS FROM `db_users` [ RunTime:0.0015s ]
SQL: SELECT `uid`,`register_code` FROM `db_users` WHERE `email` = 'beautyhc002@gmail.com' AND `usertype` = 'email' LIMIT 1   [ RunTime:0.0013s ]
INFO: [ view_parse ] --START--
INFO: [ template_filter ] --START--
INFO: Run Behavior\ContentReplaceBehavior [ RunTime:0.000019s ]
INFO: [ template_filter ] --END-- [ RunTime:0.000034s ]
INFO: Run Behavior\ParseTemplateBehavior [ RunTime:0.000815s ]
INFO: [ view_parse ] --END-- [ RunTime:0.000835s ]
INFO: [ view_filter ] --START--
INFO: Run Behavior\WriteHtmlCacheBehavior [ RunTime:0.000021s ]
INFO: Run Behavior\TokenBuildBehavior [ RunTime:0.000027s ]
INFO: [ view_filter ] --END-- [ RunTime:0.000065s ]

[ 2020-01-16T15:48:20+08:00 ] 127.0.0.1 /codeboss/index.php/Home/Index/index
INFO: [ app_init ] --START--
INFO: Run Behavior\BuildLiteBehavior [ RunTime:0.000018s ]
INFO: [ app_init ] --END-- [ RunTime:0.000122s ]
INFO: [ app_begin ] --START--
INFO: Run Behavior\ReadHtmlCacheBehavior [ RunTime:0.000074s ]
INFO: [ app_begin ] --END-- [ RunTime:0.000169s ]
INFO: [ view_parse ] --START--
INFO: [ template_filter ] --START--
INFO: Run Behavior\ContentReplaceBehavior [ RunTime:0.000088s ]
INFO: [ template_filter ] --END-- [ RunTime:0.000169s ]
INFO: Run Behavior\ParseTemplateBehavior [ RunTime:0.025820s ]
INFO: [ view_parse ] --END-- [ RunTime:0.025897s ]
INFO: [ view_filter ] --START--
INFO: Run Behavior\WriteHtmlCacheBehavior [ RunTime:0.000088s ]
INFO: Run Behavior\TokenBuildBehavior [ RunTime:0.000189s ]
INFO: [ view_filter ] --END-- [ RunTime:0.000346s ]
INFO: [ app_end ] --START--
INFO: Run Behavior\ShowPageTraceBehavior [ RunTime:0.000040s ]
INFO: [ app_end ] --END-- [ RunTime:0.000073s ]

[ 2020-01-16T15:48:22+08:00 ] 127.0.0.1 /codeboss/index.php/Home/Index/login
INFO: [ app_init ] --START--
INFO: Run Behavior\BuildLiteBehavior [ RunTime:0.000009s ]
INFO: [ app_init ] --END-- [ RunTime:0.000059s ]
INFO: [ app_begin ] --START--
INFO: Run Behavior\ReadHtmlCacheBehavior [ RunTime:0.000027s ]
INFO: [ app_begin ] --END-- [ RunTime:0.000075s ]
INFO: [ view_parse ] --START--
INFO: [ template_filter ] --START--
INFO: Run Behavior\ContentReplaceBehavior [ RunTime:0.000022s ]
INFO: [ template_filter ] --END-- [ RunTime:0.000044s ]
INFO: Run Behavior\ParseTemplateBehavior [ RunTime:0.003286s ]
INFO: [ view_parse ] --END-- [ RunTime:0.003315s ]
INFO: [ view_filter ] --START--
INFO: Run Behavior\WriteHtmlCacheBehavior [ RunTime:0.000018s ]
INFO: Run Behavior\TokenBuildBehavior [ RunTime:0.000045s ]
INFO: [ view_filter ] --END-- [ RunTime:0.000081s ]
INFO: [ app_end ] --START--
INFO: Run Behavior\ShowPageTraceBehavior [ RunTime:0.000017s ]
INFO: [ app_end ] --END-- [ RunTime:0.000030s ]

[ 2020-01-16T15:48:32+08:00 ] 127.0.0.1 /codeboss/index.php/Home/Index/post_login_email
INFO: [ app_init ] --START--
INFO: Run Behavior\BuildLiteBehavior [ RunTime:0.000006s ]
INFO: [ app_init ] --END-- [ RunTime:0.000041s ]
INFO: [ app_begin ] --START--
INFO: Run Behavior\ReadHtmlCacheBehavior [ RunTime:0.000016s ]
INFO: [ app_begin ] --END-- [ RunTime:0.000030s ]
SQL: SHOW COLUMNS FROM `db_users` [ RunTime:0.0024s ]
SQL: SELECT `uid` FROM `db_users` WHERE `password` = 'e10adc3949ba59abbe56e057f20f883e==' AND `email` = 'beautyhc002@gmail.com' AND `usertype` = 'email' LIMIT 1   [ RunTime:0.0001s ]
INFO: [ view_parse ] --START--
INFO: [ template_filter ] --START--
INFO: Run Behavior\ContentReplaceBehavior [ RunTime:0.000017s ]
INFO: [ template_filter ] --END-- [ RunTime:0.000033s ]
INFO: Run Behavior\ParseTemplateBehavior [ RunTime:0.001652s ]
INFO: [ view_parse ] --END-- [ RunTime:0.001673s ]
INFO: [ view_filter ] --START--
INFO: Run Behavior\WriteHtmlCacheBehavior [ RunTime:0.000027s ]
INFO: Run Behavior\TokenBuildBehavior [ RunTime:0.000034s ]
INFO: [ view_filter ] --END-- [ RunTime:0.000080s ]

[ 2020-01-16T15:48:35+08:00 ] 127.0.0.1 /codeboss/index.php/Home/Index/index
INFO: [ app_init ] --START--
INFO: Run Behavior\BuildLiteBehavior [ RunTime:0.000024s ]
INFO: [ app_init ] --END-- [ RunTime:0.000214s ]
INFO: [ app_begin ] --START--
INFO: Run Behavior\ReadHtmlCacheBehavior [ RunTime:0.000074s ]
INFO: [ app_begin ] --END-- [ RunTime:0.000146s ]
INFO: [ view_parse ] --START--
INFO: [ template_filter ] --START--
INFO: Run Behavior\ContentReplaceBehavior [ RunTime:0.000117s ]
INFO: [ template_filter ] --END-- [ RunTime:0.000224s ]
INFO: Run Behavior\ParseTemplateBehavior [ RunTime:0.030306s ]
INFO: [ view_parse ] --END-- [ RunTime:0.030409s ]
INFO: [ view_filter ] --START--
INFO: Run Behavior\WriteHtmlCacheBehavior [ RunTime:0.000111s ]
INFO: Run Behavior\TokenBuildBehavior [ RunTime:0.000343s ]
INFO: [ view_filter ] --END-- [ RunTime:0.000552s ]
INFO: [ app_end ] --START--
INFO: Run Behavior\ShowPageTraceBehavior [ RunTime:0.000226s ]
INFO: [ app_end ] --END-- [ RunTime:0.000292s ]

[ 2020-01-16T15:48:37+08:00 ] 127.0.0.1 /codeboss/index.php/Home/Index/login
INFO: [ app_init ] --START--
INFO: Run Behavior\BuildLiteBehavior [ RunTime:0.000006s ]
INFO: [ app_init ] --END-- [ RunTime:0.000036s ]
INFO: [ app_begin ] --START--
INFO: Run Behavior\ReadHtmlCacheBehavior [ RunTime:0.000017s ]
INFO: [ app_begin ] --END-- [ RunTime:0.000033s ]
INFO: [ view_parse ] --START--
INFO: [ template_filter ] --START--
INFO: Run Behavior\ContentReplaceBehavior [ RunTime:0.000021s ]
INFO: [ template_filter ] --END-- [ RunTime:0.000037s ]
INFO: Run Behavior\ParseTemplateBehavior [ RunTime:0.003270s ]
INFO: [ view_parse ] --END-- [ RunTime:0.003288s ]
INFO: [ view_filter ] --START--
INFO: Run Behavior\WriteHtmlCacheBehavior [ RunTime:0.000018s ]
INFO: Run Behavior\TokenBuildBehavior [ RunTime:0.000044s ]
INFO: [ view_filter ] --END-- [ RunTime:0.000080s ]
INFO: [ app_end ] --START--
INFO: Run Behavior\ShowPageTraceBehavior [ RunTime:0.000014s ]
INFO: [ app_end ] --END-- [ RunTime:0.000025s ]

[ 2020-01-16T15:48:46+08:00 ] 127.0.0.1 /codeboss/index.php/Home/Index/post_login_email
INFO: [ app_init ] --START--
INFO: Run Behavior\BuildLiteBehavior [ RunTime:0.000006s ]
INFO: [ app_init ] --END-- [ RunTime:0.000041s ]
INFO: [ app_begin ] --START--
INFO: Run Behavior\ReadHtmlCacheBehavior [ RunTime:0.000016s ]
INFO: [ app_begin ] --END-- [ RunTime:0.000031s ]
SQL: SHOW COLUMNS FROM `db_users` [ RunTime:0.0015s ]
SQL: SELECT `uid` FROM `db_users` WHERE `password` = '25d55ad283aa400af464c76d713c07ad==' AND `email` = 'beautyhc002@gmail.com' AND `usertype` = 'email' LIMIT 1   [ RunTime:0.0001s ]
NOTIC: [8] Undefined index: HTTP_X_FORWARDED_FOR /var/www/html/codeboss/Application/Home/Common/function.php 第 6 行.
NOTIC: [8] Undefined index: HTTP_CLIENT_IP /var/www/html/codeboss/Application/Home/Common/function.php 第 8 行.
SQL: UPDATE `db_users` SET `loginip`='127.0.0.1',`logintime`='2020-01-16 15:48:46',`randomcode`='RZcM11' WHERE `password` = '25d55ad283aa400af464c76d713c07ad==' AND `email` = 'beautyhc002@gmail.com' AND `usertype` = 'email' [ RunTime:0.0083s ]
INFO: [ view_parse ] --START--
INFO: [ template_filter ] --START--
INFO: Run Behavior\ContentReplaceBehavior [ RunTime:0.000034s ]
INFO: [ template_filter ] --END-- [ RunTime:0.000053s ]
INFO: Run Behavior\ParseTemplateBehavior [ RunTime:0.002747s ]
INFO: [ view_parse ] --END-- [ RunTime:0.002778s ]
INFO: [ view_filter ] --START--
INFO: Run Behavior\WriteHtmlCacheBehavior [ RunTime:0.000030s ]
INFO: Run Behavior\TokenBuildBehavior [ RunTime:0.000044s ]
INFO: [ view_filter ] --END-- [ RunTime:0.000094s ]
INFO: [ app_end ] --START--
INFO: Run Behavior\ShowPageTraceBehavior [ RunTime:0.000033s ]
INFO: [ app_end ] --END-- [ RunTime:0.000045s ]

[ 2020-01-16T15:48:47+08:00 ] 127.0.0.1 /codeboss/index.php/Home/Panel/index
INFO: [ app_init ] --START--
INFO: Run Behavior\BuildLiteBehavior [ RunTime:0.000012s ]
INFO: [ app_init ] --END-- [ RunTime:0.000079s ]
INFO: [ app_begin ] --START--
INFO: Run Behavior\ReadHtmlCacheBehavior [ RunTime:0.000037s ]
INFO: [ app_begin ] --END-- [ RunTime:0.000075s ]
NOTIC: [8] Undefined index: HTTP_X_FORWARDED_FOR /var/www/html/codeboss/Application/Home/Common/function.php 第 6 行.
NOTIC: [8] Undefined index: HTTP_CLIENT_IP /var/www/html/codeboss/Application/Home/Common/function.php 第 8 行.
SQL: SHOW COLUMNS FROM `db_users` [ RunTime:0.0032s ]
SQL: SELECT `uid`,`register_code`,`randomcode` FROM `db_users` WHERE `uid` = 'beautyhc002@gmail.com' LIMIT 1   [ RunTime:0.0004s ]
INFO: [ view_parse ] --START--
INFO: [ template_filter ] --START--
INFO: Run Behavior\ContentReplaceBehavior [ RunTime:0.000050s ]
INFO: [ template_filter ] --END-- [ RunTime:0.000094s ]
INFO: Run Behavior\ParseTemplateBehavior [ RunTime:0.005239s ]
INFO: [ view_parse ] --END-- [ RunTime:0.005288s ]
INFO: [ view_filter ] --START--
INFO: Run Behavior\WriteHtmlCacheBehavior [ RunTime:0.000046s ]
INFO: Run Behavior\TokenBuildBehavior [ RunTime:0.000079s ]
INFO: [ view_filter ] --END-- [ RunTime:0.000172s ]
INFO: [ app_end ] --START--
INFO: Run Behavior\ShowPageTraceBehavior [ RunTime:0.000033s ]
INFO: [ app_end ] --END-- [ RunTime:0.000060s ]

[ 2020-01-16T15:50:18+08:00 ] 127.0.0.1 /codeboss/index.php/Home/Panel/index
INFO: [ app_init ] --START--
INFO: Run Behavior\BuildLiteBehavior [ RunTime:0.000005s ]
INFO: [ app_init ] --END-- [ RunTime:0.000038s ]
INFO: [ app_begin ] --START--
INFO: Run Behavior\ReadHtmlCacheBehavior [ RunTime:0.000017s ]
INFO: [ app_begin ] --END-- [ RunTime:0.000031s ]
NOTIC: [8] Undefined index: HTTP_X_FORWARDED_FOR /var/www/html/codeboss/Application/Home/Common/function.php 第 6 行.
NOTIC: [8] Undefined index: HTTP_CLIENT_IP /var/www/html/codeboss/Application/Home/Common/function.php 第 8 行.
SQL: SHOW COLUMNS FROM `db_users` [ RunTime:0.0008s ]
SQL: SELECT `uid`,`register_code`,`randomcode` FROM `db_users` WHERE `uid` = 'beautyhc002@gmail.com' LIMIT 1   [ RunTime:0.0009s ]
INFO: [ view_parse ] --START--
INFO: [ template_filter ] --START--
INFO: Run Behavior\ContentReplaceBehavior [ RunTime:0.000023s ]
INFO: [ template_filter ] --END-- [ RunTime:0.000042s ]
INFO: Run Behavior\ParseTemplateBehavior [ RunTime:0.002726s ]
INFO: [ view_parse ] --END-- [ RunTime:0.002747s ]
INFO: [ view_filter ] --START--
INFO: Run Behavior\WriteHtmlCacheBehavior [ RunTime:0.000021s ]
INFO: Run Behavior\TokenBuildBehavior [ RunTime:0.000034s ]
INFO: [ view_filter ] --END-- [ RunTime:0.000075s ]
INFO: [ app_end ] --START--
INFO: Run Behavior\ShowPageTraceBehavior [ RunTime:0.000016s ]
INFO: [ app_end ] --END-- [ RunTime:0.000026s ]

[ 2020-01-16T15:50:20+08:00 ] 127.0.0.1 /codeboss/index.php/Home/Index/oauth_login/type/google
INFO: [ app_init ] --START--
INFO: Run Behavior\BuildLiteBehavior [ RunTime:0.000006s ]
INFO: [ app_init ] --END-- [ RunTime:0.000035s ]
INFO: [ app_begin ] --START--
INFO: Run Behavior\ReadHtmlCacheBehavior [ RunTime:0.000015s ]
INFO: [ app_begin ] --END-- [ RunTime:0.000029s ]

[ 2020-01-16T15:50:22+08:00 ] 127.0.0.1 /codeboss/index.php/Home/Index/oauth/type/google?code=4/vgGWTVNDuUtX-Nw-QqbPEj7fPi31PJHQoENReTS6DuXnxWp3NYOLU76omiahPzZjjtMyBHGO28d1nVaUCjtYF7k&scope=email+profile+https://www.googleapis.com/auth/userinfo.profile+https://www.googleapis.com/auth/userinfo.email+openid&authuser=0&prompt=none&session_state=da78562ee7709d91eacabd635506dda96adc501c..3555
INFO: [ app_init ] --START--
INFO: Run Behavior\BuildLiteBehavior [ RunTime:0.000005s ]
INFO: [ app_init ] --END-- [ RunTime:0.000036s ]
INFO: [ app_begin ] --START--
INFO: Run Behavior\ReadHtmlCacheBehavior [ RunTime:0.000016s ]
INFO: [ app_begin ] --END-- [ RunTime:0.000030s ]
NOTIC: [8] Undefined index: HTTP_X_FORWARDED_FOR /var/www/html/codeboss/Application/Home/Common/function.php 第 6 行.
NOTIC: [8] Undefined index: HTTP_CLIENT_IP /var/www/html/codeboss/Application/Home/Common/function.php 第 8 行.
SQL: SHOW COLUMNS FROM `db_users` [ RunTime:0.0062s ]
SQL: SELECT `uid` FROM `db_users` WHERE `usertype` = 'google' AND `uid` = 'google116833394519266386039' LIMIT 1   [ RunTime:0.0001s ]
INFO: [ app_end ] --START--
INFO: Run Behavior\ShowPageTraceBehavior [ RunTime:0.000040s ]
INFO: [ app_end ] --END-- [ RunTime:0.000058s ]

[ 2020-01-16T15:53:52+08:00 ] 127.0.0.1 /codeboss/index.php/Home/Index/oauth_login/type/google
INFO: [ app_init ] --START--
INFO: Run Behavior\BuildLiteBehavior [ RunTime:0.000007s ]
INFO: [ app_init ] --END-- [ RunTime:0.000066s ]
INFO: [ app_begin ] --START--
INFO: Run Behavior\ReadHtmlCacheBehavior [ RunTime:0.000020s ]
INFO: [ app_begin ] --END-- [ RunTime:0.000037s ]

[ 2020-01-16T15:53:53+08:00 ] 127.0.0.1 /codeboss/index.php/Home/Index/oauth/type/google?code=4/vgHTysyHtgdZGktmlrQStZO2Afd18MH5bZa8X_RcJ6OwI2i1SIg-wRitOq0HMCorjZg-XKh10QThX3qKdV4qbLY&scope=email+profile+https://www.googleapis.com/auth/userinfo.profile+https://www.googleapis.com/auth/userinfo.email+openid&authuser=0&prompt=none&session_state=4bd1223225b22fbb321beee6ed1d46d319f75e6d..9a9a
INFO: [ app_init ] --START--
INFO: Run Behavior\BuildLiteBehavior [ RunTime:0.000054s ]
INFO: [ app_init ] --END-- [ RunTime:0.000091s ]
INFO: [ app_begin ] --START--
INFO: Run Behavior\ReadHtmlCacheBehavior [ RunTime:0.000017s ]
INFO: [ app_begin ] --END-- [ RunTime:0.000033s ]
NOTIC: [8] Undefined index: HTTP_X_FORWARDED_FOR /var/www/html/codeboss/Application/Home/Common/function.php 第 6 行.
NOTIC: [8] Undefined index: HTTP_CLIENT_IP /var/www/html/codeboss/Application/Home/Common/function.php 第 8 行.
SQL: SHOW COLUMNS FROM `db_users` [ RunTime:0.0014s ]
SQL: SELECT `uid` FROM `db_users` WHERE `usertype` = 'google' AND `uid` = 'google116833394519266386039' LIMIT 1   [ RunTime:0.0003s ]
NOTIC: [8] Undefined index: HTTP_X_FORWARDED_FOR /var/www/html/codeboss/Application/Home/Common/function.php 第 6 行.
NOTIC: [8] Undefined index: HTTP_CLIENT_IP /var/www/html/codeboss/Application/Home/Common/function.php 第 8 行.
SQL: UPDATE `db_users` SET `loginip`='127.0.0.1',`logintime`='2020-01-16 15:53:53',`randomcode`='201691',`password`='5e201691b2d085e201691b2d64==' WHERE `usertype` = 'google' AND `uid` = 'google116833394519266386039' [ RunTime:0.0014s ]
INFO: [ view_parse ] --START--
INFO: [ template_filter ] --START--
INFO: Run Behavior\ContentReplaceBehavior [ RunTime:0.000022s ]
INFO: [ template_filter ] --END-- [ RunTime:0.000041s ]
INFO: Run Behavior\ParseTemplateBehavior [ RunTime:0.000908s ]
INFO: [ view_parse ] --END-- [ RunTime:0.000930s ]
INFO: [ view_filter ] --START--
INFO: Run Behavior\WriteHtmlCacheBehavior [ RunTime:0.000025s ]
INFO: Run Behavior\TokenBuildBehavior [ RunTime:0.000037s ]
INFO: [ view_filter ] --END-- [ RunTime:0.000083s ]
INFO: [ app_end ] --START--
INFO: Run Behavior\ShowPageTraceBehavior [ RunTime:0.000019s ]
INFO: [ app_end ] --END-- [ RunTime:0.000031s ]

[ 2020-01-16T15:53:54+08:00 ] 127.0.0.1 /codeboss/index.php/Home/Panel/index
INFO: [ app_init ] --START--
INFO: Run Behavior\BuildLiteBehavior [ RunTime:0.000009s ]
INFO: [ app_init ] --END-- [ RunTime:0.000055s ]
INFO: [ app_begin ] --START--
INFO: Run Behavior\ReadHtmlCacheBehavior [ RunTime:0.000025s ]
INFO: [ app_begin ] --END-- [ RunTime:0.000046s ]
NOTIC: [8] Undefined index: HTTP_X_FORWARDED_FOR /var/www/html/codeboss/Application/Home/Common/function.php 第 6 行.
NOTIC: [8] Undefined index: HTTP_CLIENT_IP /var/www/html/codeboss/Application/Home/Common/function.php 第 8 行.
SQL: SHOW COLUMNS FROM `db_users` [ RunTime:0.0009s ]
SQL: SELECT `uid`,`register_code`,`randomcode` FROM `db_users` WHERE `uid` = 'google116833394519266386039' LIMIT 1   [ RunTime:0.0002s ]
INFO: [ view_parse ] --START--
INFO: [ template_filter ] --START--
INFO: Run Behavior\ContentReplaceBehavior [ RunTime:0.000032s ]
INFO: [ template_filter ] --END-- [ RunTime:0.000062s ]
INFO: Run Behavior\ParseTemplateBehavior [ RunTime:0.009250s ]
INFO: [ view_parse ] --END-- [ RunTime:0.009291s ]
INFO: [ view_filter ] --START--
INFO: Run Behavior\WriteHtmlCacheBehavior [ RunTime:0.000041s ]
INFO: Run Behavior\TokenBuildBehavior [ RunTime:0.000090s ]
INFO: [ view_filter ] --END-- [ RunTime:0.000166s ]
INFO: [ app_end ] --START--
INFO: Run Behavior\ShowPageTraceBehavior [ RunTime:0.000029s ]
INFO: [ app_end ] --END-- [ RunTime:0.000066s ]

[ 2020-01-16T15:53:56+08:00 ] 127.0.0.1 /codeboss/index.php/Home/Panel/account_page
INFO: [ app_init ] --START--
INFO: Run Behavior\BuildLiteBehavior [ RunTime:0.000011s ]
INFO: [ app_init ] --END-- [ RunTime:0.000060s ]
INFO: [ app_begin ] --START--
INFO: Run Behavior\ReadHtmlCacheBehavior [ RunTime:0.000024s ]
INFO: [ app_begin ] --END-- [ RunTime:0.000039s ]
NOTIC: [8] Undefined index: HTTP_X_FORWARDED_FOR /var/www/html/codeboss/Application/Home/Common/function.php 第 6 行.
NOTIC: [8] Undefined index: HTTP_CLIENT_IP /var/www/html/codeboss/Application/Home/Common/function.php 第 8 行.
SQL: SHOW COLUMNS FROM `db_users` [ RunTime:0.0008s ]
SQL: SELECT `uid`,`register_code`,`randomcode` FROM `db_users` WHERE `uid` = 'google116833394519266386039' LIMIT 1   [ RunTime:0.0005s ]
NOTIC: [8] Undefined index: HTTP_X_FORWARDED_FOR /var/www/html/codeboss/Application/Home/Common/function.php 第 6 行.
NOTIC: [8] Undefined index: HTTP_CLIENT_IP /var/www/html/codeboss/Application/Home/Common/function.php 第 8 行.
SQL: SELECT * FROM `db_users` WHERE `uid` = 'google116833394519266386039' LIMIT 1   [ RunTime:0.0003s ]
INFO: [ view_parse ] --START--
INFO: [ template_filter ] --START--
INFO: Run Behavior\ContentReplaceBehavior [ RunTime:0.000025s ]
INFO: [ template_filter ] --END-- [ RunTime:0.000042s ]
INFO: Run Behavior\ParseTemplateBehavior [ RunTime:0.004016s ]
INFO: [ view_parse ] --END-- [ RunTime:0.004036s ]
INFO: [ view_filter ] --START--
INFO: Run Behavior\WriteHtmlCacheBehavior [ RunTime:0.000022s ]
INFO: Run Behavior\TokenBuildBehavior [ RunTime:0.000049s ]
INFO: [ view_filter ] --END-- [ RunTime:0.000090s ]
INFO: [ app_end ] --START--
INFO: Run Behavior\ShowPageTraceBehavior [ RunTime:0.000015s ]
INFO: [ app_end ] --END-- [ RunTime:0.000026s ]

[ 2020-01-16T15:54:00+08:00 ] 127.0.0.1 /codeboss/index.php/Home/Panel/recharge_page
INFO: [ app_init ] --START--
INFO: Run Behavior\BuildLiteBehavior [ RunTime:0.000006s ]
INFO: [ app_init ] --END-- [ RunTime:0.000039s ]
INFO: [ app_begin ] --START--
INFO: Run Behavior\ReadHtmlCacheBehavior [ RunTime:0.000017s ]
INFO: [ app_begin ] --END-- [ RunTime:0.000031s ]
NOTIC: [8] Undefined index: HTTP_X_FORWARDED_FOR /var/www/html/codeboss/Application/Home/Common/function.php 第 6 行.
NOTIC: [8] Undefined index: HTTP_CLIENT_IP /var/www/html/codeboss/Application/Home/Common/function.php 第 8 行.
SQL: SHOW COLUMNS FROM `db_users` [ RunTime:0.0012s ]
SQL: SELECT `uid`,`register_code`,`randomcode` FROM `db_users` WHERE `uid` = 'google116833394519266386039' LIMIT 1   [ RunTime:0.0001s ]
INFO: [ view_parse ] --START--
INFO: [ template_filter ] --START--
INFO: Run Behavior\ContentReplaceBehavior [ RunTime:0.000053s ]
INFO: [ template_filter ] --END-- [ RunTime:0.000074s ]
INFO: Run Behavior\ParseTemplateBehavior [ RunTime:0.011778s ]
INFO: [ view_parse ] --END-- [ RunTime:0.011806s ]
INFO: [ view_filter ] --START--
INFO: Run Behavior\WriteHtmlCacheBehavior [ RunTime:0.000030s ]
INFO: Run Behavior\TokenBuildBehavior [ RunTime:0.000824s ]
INFO: [ view_filter ] --END-- [ RunTime:0.000884s ]
INFO: [ app_end ] --START--
INFO: Run Behavior\ShowPageTraceBehavior [ RunTime:0.000029s ]
INFO: [ app_end ] --END-- [ RunTime:0.000043s ]

[ 2020-01-16T15:54:00+08:00 ] 127.0.0.1 /codeboss/index.php/Home/images/tool/logo1.png
INFO: [ app_init ] --START--
INFO: Run Behavior\BuildLiteBehavior [ RunTime:0.000005s ]
INFO: [ app_init ] --END-- [ RunTime:0.000034s ]

[ 2020-01-16T15:54:00+08:00 ] 127.0.0.1 /codeboss/index.php/Home/Panel/verifycode
INFO: [ app_init ] --START--
INFO: Run Behavior\BuildLiteBehavior [ RunTime:0.000005s ]
INFO: [ app_init ] --END-- [ RunTime:0.000031s ]
INFO: [ app_begin ] --START--
INFO: Run Behavior\ReadHtmlCacheBehavior [ RunTime:0.000015s ]
INFO: [ app_begin ] --END-- [ RunTime:0.000029s ]
NOTIC: [8] Undefined index: HTTP_X_FORWARDED_FOR /var/www/html/codeboss/Application/Home/Common/function.php 第 6 行.
NOTIC: [8] Undefined index: HTTP_CLIENT_IP /var/www/html/codeboss/Application/Home/Common/function.php 第 8 行.
SQL: SHOW COLUMNS FROM `db_users` [ RunTime:0.0032s ]
SQL: SELECT `uid`,`register_code`,`randomcode` FROM `db_users` WHERE `uid` = 'google116833394519266386039' LIMIT 1   [ RunTime:0.0002s ]
INFO: [ app_end ] --START--
INFO: Run Behavior\ShowPageTraceBehavior [ RunTime:0.000034s ]
INFO: [ app_end ] --END-- [ RunTime:0.000063s ]

[ 2020-01-16T15:54:00+08:00 ] 127.0.0.1 /codeboss/index.php/Home/images/tool/wallet.png
INFO: [ app_init ] --START--
INFO: Run Behavior\BuildLiteBehavior [ RunTime:0.000006s ]
INFO: [ app_init ] --END-- [ RunTime:0.000036s ]

[ 2020-01-16T15:54:00+08:00 ] 127.0.0.1 /codeboss/index.php/Home/images/tool/kuaiqian.jpg
INFO: [ app_init ] --START--
INFO: Run Behavior\BuildLiteBehavior [ RunTime:0.000005s ]
INFO: [ app_init ] --END-- [ RunTime:0.000032s ]

[ 2020-01-16T15:54:01+08:00 ] 127.0.0.1 /codeboss/index.php/Home/Panel/account_page
INFO: [ app_init ] --START--
INFO: Run Behavior\BuildLiteBehavior [ RunTime:0.000006s ]
INFO: [ app_init ] --END-- [ RunTime:0.000033s ]
INFO: [ app_begin ] --START--
INFO: Run Behavior\ReadHtmlCacheBehavior [ RunTime:0.000016s ]
INFO: [ app_begin ] --END-- [ RunTime:0.000056s ]
NOTIC: [8] Undefined index: HTTP_X_FORWARDED_FOR /var/www/html/codeboss/Application/Home/Common/function.php 第 6 行.
NOTIC: [8] Undefined index: HTTP_CLIENT_IP /var/www/html/codeboss/Application/Home/Common/function.php 第 8 行.
SQL: SHOW COLUMNS FROM `db_users` [ RunTime:0.0140s ]
SQL: SELECT `uid`,`register_code`,`randomcode` FROM `db_users` WHERE `uid` = 'google116833394519266386039' LIMIT 1   [ RunTime:0.0003s ]
NOTIC: [8] Undefined index: HTTP_X_FORWARDED_FOR /var/www/html/codeboss/Application/Home/Common/function.php 第 6 行.
NOTIC: [8] Undefined index: HTTP_CLIENT_IP /var/www/html/codeboss/Application/Home/Common/function.php 第 8 行.
SQL: SELECT * FROM `db_users` WHERE `uid` = 'google116833394519266386039' LIMIT 1   [ RunTime:0.0001s ]
INFO: [ view_parse ] --START--
INFO: [ template_filter ] --START--
INFO: Run Behavior\ContentReplaceBehavior [ RunTime:0.000025s ]
INFO: [ template_filter ] --END-- [ RunTime:0.000042s ]
INFO: Run Behavior\ParseTemplateBehavior [ RunTime:0.003559s ]
INFO: [ view_parse ] --END-- [ RunTime:0.003580s ]
INFO: [ view_filter ] --START--
INFO: Run Behavior\WriteHtmlCacheBehavior [ RunTime:0.000018s ]
INFO: Run Behavior\TokenBuildBehavior [ RunTime:0.000043s ]
INFO: [ view_filter ] --END-- [ RunTime:0.000081s ]
INFO: [ app_end ] --START--
INFO: Run Behavior\ShowPageTraceBehavior [ RunTime:0.000014s ]
INFO: [ app_end ] --END-- [ RunTime:0.000025s ]

[ 2020-01-16T16:19:32+08:00 ] 127.0.0.1 /codeboss/index.php/Home/Panel/verifycode
INFO: [ app_init ] --START--
INFO: Run Behavior\BuildLiteBehavior [ RunTime:0.000010s ]
INFO: [ app_init ] --END-- [ RunTime:0.000360s ]
INFO: [ app_begin ] --START--
INFO: Run Behavior\ReadHtmlCacheBehavior [ RunTime:0.000066s ]
INFO: [ app_begin ] --END-- [ RunTime:0.000085s ]
NOTIC: [8] Undefined index: HTTP_X_FORWARDED_FOR /var/www/html/codeboss/Application/Home/Common/function.php 第 6 行.
NOTIC: [8] Undefined index: HTTP_CLIENT_IP /var/www/html/codeboss/Application/Home/Common/function.php 第 8 行.
SQL: SHOW COLUMNS FROM `db_users` [ RunTime:0.0540s ]
SQL: SELECT `uid`,`register_code`,`randomcode` FROM `db_users` WHERE `uid` = 'google116833394519266386039' LIMIT 1   [ RunTime:0.0062s ]
INFO: [ app_end ] --START--
INFO: Run Behavior\ShowPageTraceBehavior [ RunTime:0.000027s ]
INFO: [ app_end ] --END-- [ RunTime:0.000050s ]

[ 2020-01-16T16:19:37+08:00 ] 127.0.0.1 /codeboss/index.php/Home/Panel/index
INFO: [ app_init ] --START--
INFO: Run Behavior\BuildLiteBehavior [ RunTime:0.000006s ]
INFO: [ app_init ] --END-- [ RunTime:0.000041s ]
INFO: [ app_begin ] --START--
INFO: Run Behavior\ReadHtmlCacheBehavior [ RunTime:0.000017s ]
INFO: [ app_begin ] --END-- [ RunTime:0.000032s ]
NOTIC: [8] Undefined index: HTTP_X_FORWARDED_FOR /var/www/html/codeboss/Application/Home/Common/function.php 第 6 行.
NOTIC: [8] Undefined index: HTTP_CLIENT_IP /var/www/html/codeboss/Application/Home/Common/function.php 第 8 行.
SQL: SHOW COLUMNS FROM `db_users` [ RunTime:0.0025s ]
SQL: SELECT `uid`,`register_code`,`randomcode` FROM `db_users` WHERE `uid` = 'google116833394519266386039' LIMIT 1   [ RunTime:0.0001s ]
INFO: [ view_parse ] --START--
INFO: [ template_filter ] --START--
INFO: Run Behavior\ContentReplaceBehavior [ RunTime:0.000056s ]
INFO: [ template_filter ] --END-- [ RunTime:0.000074s ]
INFO: Run Behavior\ParseTemplateBehavior [ RunTime:0.006366s ]
INFO: [ view_parse ] --END-- [ RunTime:0.006390s ]
INFO: [ view_filter ] --START--
INFO: Run Behavior\WriteHtmlCacheBehavior [ RunTime:0.000029s ]
INFO: Run Behavior\TokenBuildBehavior [ RunTime:0.000037s ]
INFO: [ view_filter ] --END-- [ RunTime:0.000086s ]
INFO: [ app_end ] --START--
INFO: Run Behavior\ShowPageTraceBehavior [ RunTime:0.000017s ]
INFO: [ app_end ] --END-- [ RunTime:0.000028s ]

[ 2020-01-16T16:19:41+08:00 ] 127.0.0.1 /codeboss/index.php/Home/Index/index
INFO: [ app_init ] --START--
INFO: Run Behavior\BuildLiteBehavior [ RunTime:0.000006s ]
INFO: [ app_init ] --END-- [ RunTime:0.000077s ]
INFO: [ app_begin ] --START--
INFO: Run Behavior\ReadHtmlCacheBehavior [ RunTime:0.000018s ]
INFO: [ app_begin ] --END-- [ RunTime:0.000033s ]
INFO: [ view_parse ] --START--
INFO: [ template_filter ] --START--
INFO: Run Behavior\ContentReplaceBehavior [ RunTime:0.000024s ]
INFO: [ template_filter ] --END-- [ RunTime:0.000042s ]
INFO: Run Behavior\ParseTemplateBehavior [ RunTime:0.003225s ]
INFO: [ view_parse ] --END-- [ RunTime:0.003245s ]
INFO: [ view_filter ] --START--
INFO: Run Behavior\WriteHtmlCacheBehavior [ RunTime:0.000022s ]
INFO: Run Behavior\TokenBuildBehavior [ RunTime:0.000055s ]
INFO: [ view_filter ] --END-- [ RunTime:0.000094s ]
INFO: [ app_end ] --START--
INFO: Run Behavior\ShowPageTraceBehavior [ RunTime:0.000022s ]
INFO: [ app_end ] --END-- [ RunTime:0.000046s ]

[ 2020-01-16T16:19:42+08:00 ] 127.0.0.1 /codeboss/index.php/Home/Index/signup
INFO: [ app_init ] --START--
INFO: Run Behavior\BuildLiteBehavior [ RunTime:0.000006s ]
INFO: [ app_init ] --END-- [ RunTime:0.000033s ]
INFO: [ app_begin ] --START--
INFO: Run Behavior\ReadHtmlCacheBehavior [ RunTime:0.000016s ]
INFO: [ app_begin ] --END-- [ RunTime:0.000031s ]
INFO: [ view_parse ] --START--
INFO: [ template_filter ] --START--
INFO: Run Behavior\ContentReplaceBehavior [ RunTime:0.000031s ]
INFO: [ template_filter ] --END-- [ RunTime:0.000051s ]
INFO: Run Behavior\ParseTemplateBehavior [ RunTime:0.005266s ]
INFO: [ view_parse ] --END-- [ RunTime:0.005286s ]
INFO: [ view_filter ] --START--
INFO: Run Behavior\WriteHtmlCacheBehavior [ RunTime:0.000021s ]
INFO: Run Behavior\TokenBuildBehavior [ RunTime:0.000067s ]
INFO: [ view_filter ] --END-- [ RunTime:0.000106s ]
INFO: [ app_end ] --START--
INFO: Run Behavior\ShowPageTraceBehavior [ RunTime:0.000023s ]
INFO: [ app_end ] --END-- [ RunTime:0.000043s ]

[ 2020-01-16T16:19:50+08:00 ] 127.0.0.1 /codeboss/index.php/Home/Index/login
INFO: [ app_init ] --START--
INFO: Run Behavior\BuildLiteBehavior [ RunTime:0.000006s ]
INFO: [ app_init ] --END-- [ RunTime:0.000037s ]
INFO: [ app_begin ] --START--
INFO: Run Behavior\ReadHtmlCacheBehavior [ RunTime:0.000018s ]
INFO: [ app_begin ] --END-- [ RunTime:0.000032s ]
INFO: [ view_parse ] --START--
INFO: [ template_filter ] --START--
INFO: Run Behavior\ContentReplaceBehavior [ RunTime:0.000022s ]
INFO: [ template_filter ] --END-- [ RunTime:0.000040s ]
INFO: Run Behavior\ParseTemplateBehavior [ RunTime:0.003329s ]
INFO: [ view_parse ] --END-- [ RunTime:0.003352s ]
INFO: [ view_filter ] --START--
INFO: Run Behavior\WriteHtmlCacheBehavior [ RunTime:0.000044s ]
INFO: Run Behavior\TokenBuildBehavior [ RunTime:0.000054s ]
INFO: [ view_filter ] --END-- [ RunTime:0.000118s ]
INFO: [ app_end ] --START--
INFO: Run Behavior\ShowPageTraceBehavior [ RunTime:0.000017s ]
INFO: [ app_end ] --END-- [ RunTime:0.000028s ]

[ 2020-01-16T16:20:14+08:00 ] 127.0.0.1 /codeboss/index.php/Home/Index/login
INFO: [ app_init ] --START--
INFO: Run Behavior\BuildLiteBehavior [ RunTime:0.000007s ]
INFO: [ app_init ] --END-- [ RunTime:0.000042s ]
INFO: [ app_begin ] --START--
INFO: Run Behavior\ReadHtmlCacheBehavior [ RunTime:0.000020s ]
INFO: [ app_begin ] --END-- [ RunTime:0.000034s ]
INFO: [ view_parse ] --START--
INFO: [ template_filter ] --START--
INFO: Run Behavior\ContentReplaceBehavior [ RunTime:0.000037s ]
INFO: [ template_filter ] --END-- [ RunTime:0.000055s ]
INFO: Run Behavior\ParseTemplateBehavior [ RunTime:0.008266s ]
INFO: [ view_parse ] --END-- [ RunTime:0.008291s ]
INFO: [ view_filter ] --START--
INFO: Run Behavior\WriteHtmlCacheBehavior [ RunTime:0.000032s ]
INFO: Run Behavior\TokenBuildBehavior [ RunTime:0.000059s ]
INFO: [ view_filter ] --END-- [ RunTime:0.000111s ]
INFO: [ app_end ] --START--
INFO: Run Behavior\ShowPageTraceBehavior [ RunTime:0.000018s ]
INFO: [ app_end ] --END-- [ RunTime:0.000029s ]

[ 2020-01-16T16:20:46+08:00 ] 127.0.0.1 /codeboss/index.php/Home/Index/login
INFO: [ app_init ] --START--
INFO: Run Behavior\BuildLiteBehavior [ RunTime:0.000010s ]
INFO: [ app_init ] --END-- [ RunTime:0.000169s ]
INFO: [ app_begin ] --START--
INFO: Run Behavior\ReadHtmlCacheBehavior [ RunTime:0.000034s ]
INFO: [ app_begin ] --END-- [ RunTime:0.000050s ]
INFO: [ view_parse ] --START--
INFO: [ template_filter ] --START--
INFO: Run Behavior\ContentReplaceBehavior [ RunTime:0.000022s ]
INFO: [ template_filter ] --END-- [ RunTime:0.000039s ]
INFO: Run Behavior\ParseTemplateBehavior [ RunTime:0.002991s ]
INFO: [ view_parse ] --END-- [ RunTime:0.003009s ]
INFO: [ view_filter ] --START--
INFO: Run Behavior\WriteHtmlCacheBehavior [ RunTime:0.000024s ]
INFO: Run Behavior\TokenBuildBehavior [ RunTime:0.000047s ]
INFO: [ view_filter ] --END-- [ RunTime:0.000089s ]
INFO: [ app_end ] --START--
INFO: Run Behavior\ShowPageTraceBehavior [ RunTime:0.000017s ]
INFO: [ app_end ] --END-- [ RunTime:0.000028s ]

[ 2020-01-16T16:21:51+08:00 ] 127.0.0.1 /codeboss/index.php/Home/Index/login
INFO: [ app_init ] --START--
INFO: Run Behavior\BuildLiteBehavior [ RunTime:0.000007s ]
INFO: [ app_init ] --END-- [ RunTime:0.000044s ]
INFO: [ app_begin ] --START--
INFO: Run Behavior\ReadHtmlCacheBehavior [ RunTime:0.000018s ]
INFO: [ app_begin ] --END-- [ RunTime:0.000031s ]
INFO: [ view_parse ] --START--
INFO: [ template_filter ] --START--
INFO: Run Behavior\ContentReplaceBehavior [ RunTime:0.000023s ]
INFO: [ template_filter ] --END-- [ RunTime:0.000069s ]
INFO: Run Behavior\ParseTemplateBehavior [ RunTime:0.004938s ]
INFO: [ view_parse ] --END-- [ RunTime:0.004963s ]
INFO: [ view_filter ] --START--
INFO: Run Behavior\WriteHtmlCacheBehavior [ RunTime:0.000029s ]
INFO: Run Behavior\TokenBuildBehavior [ RunTime:0.000065s ]
INFO: [ view_filter ] --END-- [ RunTime:0.000115s ]
INFO: [ app_end ] --START--
INFO: Run Behavior\ShowPageTraceBehavior [ RunTime:0.000021s ]
INFO: [ app_end ] --END-- [ RunTime:0.000033s ]

[ 2020-01-16T16:22:23+08:00 ] 127.0.0.1 /codeboss/index.php/Home/Index/login
INFO: [ app_init ] --START--
INFO: Run Behavior\BuildLiteBehavior [ RunTime:0.000009s ]
INFO: [ app_init ] --END-- [ RunTime:0.000047s ]
INFO: [ app_begin ] --START--
INFO: Run Behavior\ReadHtmlCacheBehavior [ RunTime:0.000026s ]
INFO: [ app_begin ] --END-- [ RunTime:0.000042s ]
INFO: [ view_parse ] --START--
INFO: [ template_filter ] --START--
INFO: Run Behavior\ContentReplaceBehavior [ RunTime:0.000024s ]
INFO: [ template_filter ] --END-- [ RunTime:0.000041s ]
INFO: Run Behavior\ParseTemplateBehavior [ RunTime:0.002990s ]
INFO: [ view_parse ] --END-- [ RunTime:0.003009s ]
INFO: [ view_filter ] --START--
INFO: Run Behavior\WriteHtmlCacheBehavior [ RunTime:0.000022s ]
INFO: Run Behavior\TokenBuildBehavior [ RunTime:0.000051s ]
INFO: [ view_filter ] --END-- [ RunTime:0.000092s ]
INFO: [ app_end ] --START--
INFO: Run Behavior\ShowPageTraceBehavior [ RunTime:0.000021s ]
INFO: [ app_end ] --END-- [ RunTime:0.000035s ]

[ 2020-01-16T16:23:18+08:00 ] 127.0.0.1 /codeboss/index.php/Home/Index/login
INFO: [ app_init ] --START--
INFO: Run Behavior\BuildLiteBehavior [ RunTime:0.000007s ]
INFO: [ app_init ] --END-- [ RunTime:0.000040s ]
INFO: [ app_begin ] --START--
INFO: Run Behavior\ReadHtmlCacheBehavior [ RunTime:0.000021s ]
INFO: [ app_begin ] --END-- [ RunTime:0.000036s ]
INFO: [ view_parse ] --START--
INFO: [ template_filter ] --START--
INFO: Run Behavior\ContentReplaceBehavior [ RunTime:0.000039s ]
INFO: [ template_filter ] --END-- [ RunTime:0.000066s ]
INFO: Run Behavior\ParseTemplateBehavior [ RunTime:0.004184s ]
INFO: [ view_parse ] --END-- [ RunTime:0.004208s ]
INFO: [ view_filter ] --START--
INFO: Run Behavior\WriteHtmlCacheBehavior [ RunTime:0.000036s ]
INFO: Run Behavior\TokenBuildBehavior [ RunTime:0.000061s ]
INFO: [ view_filter ] --END-- [ RunTime:0.000115s ]
INFO: [ app_end ] --START--
INFO: Run Behavior\ShowPageTraceBehavior [ RunTime:0.000022s ]
INFO: [ app_end ] --END-- [ RunTime:0.000036s ]

[ 2020-01-16T16:23:18+08:00 ] 127.0.0.1 /codeboss/index.php/Home/Index/index
INFO: [ app_init ] --START--
INFO: Run Behavior\BuildLiteBehavior [ RunTime:0.000006s ]
INFO: [ app_init ] --END-- [ RunTime:0.000041s ]
INFO: [ app_begin ] --START--
INFO: Run Behavior\ReadHtmlCacheBehavior [ RunTime:0.000015s ]
INFO: [ app_begin ] --END-- [ RunTime:0.000029s ]
INFO: [ view_parse ] --START--
INFO: [ template_filter ] --START--
INFO: Run Behavior\ContentReplaceBehavior [ RunTime:0.000026s ]
INFO: [ template_filter ] --END-- [ RunTime:0.000044s ]
INFO: Run Behavior\ParseTemplateBehavior [ RunTime:0.003153s ]
INFO: [ view_parse ] --END-- [ RunTime:0.003173s ]
INFO: [ view_filter ] --START--
INFO: Run Behavior\WriteHtmlCacheBehavior [ RunTime:0.000020s ]
INFO: Run Behavior\TokenBuildBehavior [ RunTime:0.000056s ]
INFO: [ view_filter ] --END-- [ RunTime:0.000093s ]
INFO: [ app_end ] --START--
INFO: Run Behavior\ShowPageTraceBehavior [ RunTime:0.000019s ]
INFO: [ app_end ] --END-- [ RunTime:0.000034s ]

