[ 2020-01-13T10:38:14+08:00 ] 127.0.0.1 /codeboss/
INFO: [ app_init ] --START--
INFO: Run Behavior\BuildLiteBehavior [ RunTime:0.000080s ]
INFO: [ app_init ] --END-- [ RunTime:0.000672s ]
INFO: [ app_begin ] --START--
INFO: Run Behavior\ReadHtmlCacheBehavior [ RunTime:0.003450s ]
INFO: [ app_begin ] --END-- [ RunTime:0.003476s ]
INFO: [ view_parse ] --START--
INFO: [ template_filter ] --START--
INFO: Run Behavior\ContentReplaceBehavior [ RunTime:0.000065s ]
INFO: [ template_filter ] --END-- [ RunTime:0.000095s ]
INFO: Run Behavior\ParseTemplateBehavior [ RunTime:0.019710s ]
INFO: [ view_parse ] --END-- [ RunTime:0.019736s ]
INFO: [ view_filter ] --START--
INFO: Run Behavior\WriteHtmlCacheBehavior [ RunTime:0.000554s ]
INFO: [ view_filter ] --END-- [ RunTime:0.000572s ]
INFO: [ app_end ] --START--
INFO: Run Behavior\ShowPageTraceBehavior [ RunTime:0.002466s ]
INFO: [ app_end ] --END-- [ RunTime:0.002492s ]

[ 2020-01-13T10:42:30+08:00 ] 127.0.0.1 /codeboss/
INFO: [ app_init ] --START--
INFO: Run Behavior\BuildLiteBehavior [ RunTime:0.000010s ]
INFO: [ app_init ] --END-- [ RunTime:0.000743s ]
INFO: [ app_begin ] --START--
INFO: Run Behavior\ReadHtmlCacheBehavior [ RunTime:0.002183s ]
INFO: [ app_begin ] --END-- [ RunTime:0.002207s ]
INFO: [ view_parse ] --START--
INFO: [ template_filter ] --START--
INFO: Run Behavior\ContentReplaceBehavior [ RunTime:0.000028s ]
INFO: [ template_filter ] --END-- [ RunTime:0.000056s ]
INFO: Run Behavior\ParseTemplateBehavior [ RunTime:0.019950s ]
INFO: [ view_parse ] --END-- [ RunTime:0.019996s ]
INFO: [ view_filter ] --START--
INFO: Run Behavior\WriteHtmlCacheBehavior [ RunTime:0.000532s ]
INFO: [ view_filter ] --END-- [ RunTime:0.000551s ]
INFO: [ app_end ] --START--
INFO: Run Behavior\ShowPageTraceBehavior [ RunTime:0.000711s ]
INFO: [ app_end ] --END-- [ RunTime:0.000735s ]

[ 2020-01-13T10:42:35+08:00 ] 127.0.0.1 /codeboss/index.php/Home/Index/login
INFO: [ app_init ] --START--
INFO: Run Behavior\BuildLiteBehavior [ RunTime:0.000005s ]
INFO: [ app_init ] --END-- [ RunTime:0.000036s ]
INFO: [ app_begin ] --START--
INFO: Run Behavior\ReadHtmlCacheBehavior [ RunTime:0.000016s ]
INFO: [ app_begin ] --END-- [ RunTime:0.000029s ]
INFO: [ view_parse ] --START--
INFO: [ template_filter ] --START--
INFO: Run Behavior\ContentReplaceBehavior [ RunTime:0.000024s ]
INFO: [ template_filter ] --END-- [ RunTime:0.000049s ]
INFO: Run Behavior\ParseTemplateBehavior [ RunTime:0.010194s ]
INFO: [ view_parse ] --END-- [ RunTime:0.010211s ]
INFO: [ view_filter ] --START--
INFO: Run Behavior\WriteHtmlCacheBehavior [ RunTime:0.000020s ]
INFO: [ view_filter ] --END-- [ RunTime:0.000032s ]
INFO: [ app_end ] --START--
INFO: Run Behavior\ShowPageTraceBehavior [ RunTime:0.000015s ]
INFO: [ app_end ] --END-- [ RunTime:0.000026s ]

[ 2020-01-13T10:42:42+08:00 ] 127.0.0.1 /codeboss/index.php/Home/Index/post_login_email
INFO: [ app_init ] --START--
INFO: Run Behavior\BuildLiteBehavior [ RunTime:0.000008s ]
INFO: [ app_init ] --END-- [ RunTime:0.000063s ]
INFO: [ app_begin ] --START--
INFO: Run Behavior\ReadHtmlCacheBehavior [ RunTime:0.000031s ]
INFO: [ app_begin ] --END-- [ RunTime:0.000050s ]
SQL: SHOW COLUMNS FROM `db_users` [ RunTime:0.0353s ]
SQL: SELECT `uid` FROM `db_users` WHERE `password` = 'e10adc3949ba59abbe56e057f20f883e==' AND `email` = 'AFE0@0.com' LIMIT 1   [ RunTime:0.0018s ]
INFO: [ view_parse ] --START--
INFO: [ template_filter ] --START--
INFO: Run Behavior\ContentReplaceBehavior [ RunTime:0.000018s ]
INFO: [ template_filter ] --END-- [ RunTime:0.000035s ]
INFO: Run Behavior\ParseTemplateBehavior [ RunTime:0.002265s ]
INFO: [ view_parse ] --END-- [ RunTime:0.002286s ]
INFO: [ view_filter ] --START--
INFO: Run Behavior\WriteHtmlCacheBehavior [ RunTime:0.000021s ]
INFO: [ view_filter ] --END-- [ RunTime:0.000033s ]

[ 2020-01-13T10:42:45+08:00 ] 127.0.0.1 /codeboss/index.php/Home/Index/index
INFO: [ app_init ] --START--
INFO: Run Behavior\BuildLiteBehavior [ RunTime:0.000013s ]
INFO: [ app_init ] --END-- [ RunTime:0.000094s ]
INFO: [ app_begin ] --START--
INFO: Run Behavior\ReadHtmlCacheBehavior [ RunTime:0.000044s ]
INFO: [ app_begin ] --END-- [ RunTime:0.000083s ]
INFO: [ view_parse ] --START--
INFO: [ template_filter ] --START--
INFO: Run Behavior\ContentReplaceBehavior [ RunTime:0.000078s ]
INFO: [ template_filter ] --END-- [ RunTime:0.000143s ]
INFO: Run Behavior\ParseTemplateBehavior [ RunTime:0.016284s ]
INFO: [ view_parse ] --END-- [ RunTime:0.016345s ]
INFO: [ view_filter ] --START--
INFO: Run Behavior\WriteHtmlCacheBehavior [ RunTime:0.000070s ]
INFO: [ view_filter ] --END-- [ RunTime:0.000101s ]
INFO: [ app_end ] --START--
INFO: Run Behavior\ShowPageTraceBehavior [ RunTime:0.000055s ]
INFO: [ app_end ] --END-- [ RunTime:0.000092s ]

[ 2020-01-13T10:42:48+08:00 ] 127.0.0.1 /codeboss/index.php/Home/Index/signup
INFO: [ app_init ] --START--
INFO: Run Behavior\BuildLiteBehavior [ RunTime:0.000005s ]
INFO: [ app_init ] --END-- [ RunTime:0.000034s ]
INFO: [ app_begin ] --START--
INFO: Run Behavior\ReadHtmlCacheBehavior [ RunTime:0.000016s ]
INFO: [ app_begin ] --END-- [ RunTime:0.000032s ]
INFO: [ view_parse ] --START--
INFO: [ template_filter ] --START--
INFO: Run Behavior\ContentReplaceBehavior [ RunTime:0.000044s ]
INFO: [ template_filter ] --END-- [ RunTime:0.000080s ]
INFO: Run Behavior\ParseTemplateBehavior [ RunTime:0.006172s ]
INFO: [ view_parse ] --END-- [ RunTime:0.006192s ]
INFO: [ view_filter ] --START--
INFO: Run Behavior\WriteHtmlCacheBehavior [ RunTime:0.000023s ]
INFO: [ view_filter ] --END-- [ RunTime:0.000034s ]
INFO: [ app_end ] --START--
INFO: Run Behavior\ShowPageTraceBehavior [ RunTime:0.000018s ]
INFO: [ app_end ] --END-- [ RunTime:0.000033s ]

[ 2020-01-13T10:42:53+08:00 ] 127.0.0.1 /codeboss/index.php/Home/Index/login
INFO: [ app_init ] --START--
INFO: Run Behavior\BuildLiteBehavior [ RunTime:0.000005s ]
INFO: [ app_init ] --END-- [ RunTime:0.000035s ]
INFO: [ app_begin ] --START--
INFO: Run Behavior\ReadHtmlCacheBehavior [ RunTime:0.000017s ]
INFO: [ app_begin ] --END-- [ RunTime:0.000035s ]
INFO: [ view_parse ] --START--
INFO: [ template_filter ] --START--
INFO: Run Behavior\ContentReplaceBehavior [ RunTime:0.000021s ]
INFO: [ template_filter ] --END-- [ RunTime:0.000039s ]
INFO: Run Behavior\ParseTemplateBehavior [ RunTime:0.003978s ]
INFO: [ view_parse ] --END-- [ RunTime:0.004001s ]
INFO: [ view_filter ] --START--
INFO: Run Behavior\WriteHtmlCacheBehavior [ RunTime:0.000023s ]
INFO: [ view_filter ] --END-- [ RunTime:0.000035s ]
INFO: [ app_end ] --START--
INFO: Run Behavior\ShowPageTraceBehavior [ RunTime:0.000016s ]
INFO: [ app_end ] --END-- [ RunTime:0.000027s ]

[ 2020-01-13T10:43:14+08:00 ] 127.0.0.1 /codeboss/index.php/Home/Index/signup
INFO: [ app_init ] --START--
INFO: Run Behavior\BuildLiteBehavior [ RunTime:0.000008s ]
INFO: [ app_init ] --END-- [ RunTime:0.000057s ]
INFO: [ app_begin ] --START--
INFO: Run Behavior\ReadHtmlCacheBehavior [ RunTime:0.000030s ]
INFO: [ app_begin ] --END-- [ RunTime:0.000048s ]
INFO: [ view_parse ] --START--
INFO: [ template_filter ] --START--
INFO: Run Behavior\ContentReplaceBehavior [ RunTime:0.000058s ]
INFO: [ template_filter ] --END-- [ RunTime:0.000093s ]
INFO: Run Behavior\ParseTemplateBehavior [ RunTime:0.011804s ]
INFO: [ view_parse ] --END-- [ RunTime:0.011832s ]
INFO: [ view_filter ] --START--
INFO: Run Behavior\WriteHtmlCacheBehavior [ RunTime:0.000030s ]
INFO: [ view_filter ] --END-- [ RunTime:0.000041s ]
INFO: [ app_end ] --START--
INFO: Run Behavior\ShowPageTraceBehavior [ RunTime:0.000023s ]
INFO: [ app_end ] --END-- [ RunTime:0.000038s ]

[ 2020-01-13T10:43:18+08:00 ] 127.0.0.1 /codeboss/index.php/Home/Index/login
INFO: [ app_init ] --START--
INFO: Run Behavior\BuildLiteBehavior [ RunTime:0.000005s ]
INFO: [ app_init ] --END-- [ RunTime:0.000036s ]
INFO: [ app_begin ] --START--
INFO: Run Behavior\ReadHtmlCacheBehavior [ RunTime:0.000016s ]
INFO: [ app_begin ] --END-- [ RunTime:0.000034s ]
INFO: [ view_parse ] --START--
INFO: [ template_filter ] --START--
INFO: Run Behavior\ContentReplaceBehavior [ RunTime:0.000020s ]
INFO: [ template_filter ] --END-- [ RunTime:0.000036s ]
INFO: Run Behavior\ParseTemplateBehavior [ RunTime:0.003364s ]
INFO: [ view_parse ] --END-- [ RunTime:0.003383s ]
INFO: [ view_filter ] --START--
INFO: Run Behavior\WriteHtmlCacheBehavior [ RunTime:0.000021s ]
INFO: [ view_filter ] --END-- [ RunTime:0.000032s ]
INFO: [ app_end ] --START--
INFO: Run Behavior\ShowPageTraceBehavior [ RunTime:0.000015s ]
INFO: [ app_end ] --END-- [ RunTime:0.000027s ]

[ 2020-01-13T10:43:26+08:00 ] 127.0.0.1 /codeboss/index.php/Home/Index/post_login_email
INFO: [ app_init ] --START--
INFO: Run Behavior\BuildLiteBehavior [ RunTime:0.000006s ]
INFO: [ app_init ] --END-- [ RunTime:0.000055s ]
INFO: [ app_begin ] --START--
INFO: Run Behavior\ReadHtmlCacheBehavior [ RunTime:0.000027s ]
INFO: [ app_begin ] --END-- [ RunTime:0.000044s ]
SQL: SHOW COLUMNS FROM `db_users` [ RunTime:0.0040s ]
SQL: SELECT `uid` FROM `db_users` WHERE `password` = 'e10adc3949ba59abbe56e057f20f883e==' AND `email` = '0@0.com' LIMIT 1   [ RunTime:0.0005s ]
NOTIC: [8] Undefined index: HTTP_X_FORWARDED_FOR /var/www/html/codeboss/Application/Home/Common/function.php 第 6 行.
NOTIC: [8] Undefined index: HTTP_CLIENT_IP /var/www/html/codeboss/Application/Home/Common/function.php 第 8 行.
SQL: UPDATE `db_users` SET `loginip`='127.0.0.1',`randomcode`='RYSHRl' WHERE `password` = 'e10adc3949ba59abbe56e057f20f883e==' AND `email` = '0@0.com' [ RunTime:0.0100s ]
INFO: [ view_parse ] --START--
INFO: [ template_filter ] --START--
INFO: Run Behavior\ContentReplaceBehavior [ RunTime:0.000020s ]
INFO: [ template_filter ] --END-- [ RunTime:0.000043s ]
INFO: Run Behavior\ParseTemplateBehavior [ RunTime:0.005552s ]
INFO: [ view_parse ] --END-- [ RunTime:0.005585s ]
INFO: [ view_filter ] --START--
INFO: Run Behavior\WriteHtmlCacheBehavior [ RunTime:0.000025s ]
INFO: [ view_filter ] --END-- [ RunTime:0.000036s ]
INFO: [ app_end ] --START--
INFO: Run Behavior\ShowPageTraceBehavior [ RunTime:0.000019s ]
INFO: [ app_end ] --END-- [ RunTime:0.000030s ]

[ 2020-01-13T10:43:27+08:00 ] 127.0.0.1 /codeboss/index.php/Home/Panel/index
INFO: [ app_init ] --START--
INFO: Run Behavior\BuildLiteBehavior [ RunTime:0.000008s ]
INFO: [ app_init ] --END-- [ RunTime:0.000050s ]
INFO: [ app_begin ] --START--
INFO: Run Behavior\ReadHtmlCacheBehavior [ RunTime:0.000023s ]
INFO: [ app_begin ] --END-- [ RunTime:0.000045s ]
NOTIC: [8] Undefined index: HTTP_X_FORWARDED_FOR /var/www/html/codeboss/Application/Home/Common/function.php 第 6 行.
NOTIC: [8] Undefined index: HTTP_CLIENT_IP /var/www/html/codeboss/Application/Home/Common/function.php 第 8 行.
SQL: SHOW COLUMNS FROM `db_users` [ RunTime:0.0010s ]
SQL: SELECT `uid`,`register_code`,`randomcode` FROM `db_users` WHERE `uid` = '0@0.com' LIMIT 1   [ RunTime:0.0002s ]
INFO: [ view_parse ] --START--
INFO: [ template_filter ] --START--
INFO: Run Behavior\ContentReplaceBehavior [ RunTime:0.000022s ]
INFO: [ template_filter ] --END-- [ RunTime:0.000052s ]
INFO: Run Behavior\ParseTemplateBehavior [ RunTime:0.008877s ]
INFO: [ view_parse ] --END-- [ RunTime:0.008903s ]
INFO: [ view_filter ] --START--
INFO: Run Behavior\WriteHtmlCacheBehavior [ RunTime:0.000016s ]
INFO: [ view_filter ] --END-- [ RunTime:0.000028s ]
INFO: [ app_end ] --START--
INFO: Run Behavior\ShowPageTraceBehavior [ RunTime:0.000014s ]
INFO: [ app_end ] --END-- [ RunTime:0.000024s ]

[ 2020-01-13T10:43:29+08:00 ] 127.0.0.1 /codeboss/index.php/Home/Panel/account_page
INFO: [ app_init ] --START--
INFO: Run Behavior\BuildLiteBehavior [ RunTime:0.000005s ]
INFO: [ app_init ] --END-- [ RunTime:0.000035s ]
INFO: [ app_begin ] --START--
INFO: Run Behavior\ReadHtmlCacheBehavior [ RunTime:0.000016s ]
INFO: [ app_begin ] --END-- [ RunTime:0.000029s ]
NOTIC: [8] Undefined index: HTTP_X_FORWARDED_FOR /var/www/html/codeboss/Application/Home/Common/function.php 第 6 行.
NOTIC: [8] Undefined index: HTTP_CLIENT_IP /var/www/html/codeboss/Application/Home/Common/function.php 第 8 行.
SQL: SHOW COLUMNS FROM `db_users` [ RunTime:0.0010s ]
SQL: SELECT `uid`,`register_code`,`randomcode` FROM `db_users` WHERE `uid` = '0@0.com' LIMIT 1   [ RunTime:0.0001s ]
NOTIC: [8] Undefined index: HTTP_X_FORWARDED_FOR /var/www/html/codeboss/Application/Home/Common/function.php 第 6 行.
NOTIC: [8] Undefined index: HTTP_CLIENT_IP /var/www/html/codeboss/Application/Home/Common/function.php 第 8 行.
SQL: SELECT * FROM `db_users` WHERE `uid` = '0@0.com' LIMIT 1   [ RunTime:0.0001s ]
INFO: [ view_parse ] --START--
INFO: [ template_filter ] --START--
INFO: Run Behavior\ContentReplaceBehavior [ RunTime:0.000026s ]
INFO: [ template_filter ] --END-- [ RunTime:0.000054s ]
INFO: Run Behavior\ParseTemplateBehavior [ RunTime:0.011308s ]
INFO: [ view_parse ] --END-- [ RunTime:0.011329s ]
INFO: [ view_filter ] --START--
INFO: Run Behavior\WriteHtmlCacheBehavior [ RunTime:0.000997s ]
INFO: [ view_filter ] --END-- [ RunTime:0.001014s ]
INFO: [ app_end ] --START--
INFO: Run Behavior\ShowPageTraceBehavior [ RunTime:0.000021s ]
INFO: [ app_end ] --END-- [ RunTime:0.000032s ]

[ 2020-01-13T10:43:34+08:00 ] 127.0.0.1 /codeboss/index.php/Home/Panel/recharge_page
INFO: [ app_init ] --START--
INFO: Run Behavior\BuildLiteBehavior [ RunTime:0.000006s ]
INFO: [ app_init ] --END-- [ RunTime:0.000055s ]
INFO: [ app_begin ] --START--
INFO: Run Behavior\ReadHtmlCacheBehavior [ RunTime:0.000029s ]
INFO: [ app_begin ] --END-- [ RunTime:0.000047s ]
NOTIC: [8] Undefined index: HTTP_X_FORWARDED_FOR /var/www/html/codeboss/Application/Home/Common/function.php 第 6 行.
NOTIC: [8] Undefined index: HTTP_CLIENT_IP /var/www/html/codeboss/Application/Home/Common/function.php 第 8 行.
SQL: SHOW COLUMNS FROM `db_users` [ RunTime:0.0006s ]
SQL: SELECT `uid`,`register_code`,`randomcode` FROM `db_users` WHERE `uid` = '0@0.com' LIMIT 1   [ RunTime:0.0001s ]
INFO: [ view_parse ] --START--
INFO: [ template_filter ] --START--
INFO: Run Behavior\ContentReplaceBehavior [ RunTime:0.000053s ]
INFO: [ template_filter ] --END-- [ RunTime:0.000081s ]
INFO: Run Behavior\ParseTemplateBehavior [ RunTime:0.013500s ]
INFO: [ view_parse ] --END-- [ RunTime:0.013523s ]
INFO: [ view_filter ] --START--
INFO: Run Behavior\WriteHtmlCacheBehavior [ RunTime:0.000021s ]
INFO: [ view_filter ] --END-- [ RunTime:0.000033s ]
INFO: [ app_end ] --START--
INFO: Run Behavior\ShowPageTraceBehavior [ RunTime:0.000019s ]
INFO: [ app_end ] --END-- [ RunTime:0.000032s ]

[ 2020-01-13T10:43:34+08:00 ] 127.0.0.1 /codeboss/index.php/Home/images/tool/logo1.png
INFO: [ app_init ] --START--
INFO: Run Behavior\BuildLiteBehavior [ RunTime:0.000006s ]
INFO: [ app_init ] --END-- [ RunTime:0.000037s ]

[ 2020-01-13T10:43:34+08:00 ] 127.0.0.1 /codeboss/index.php/Home/images/tool/kuaiqian.jpg
INFO: [ app_init ] --START--
INFO: Run Behavior\BuildLiteBehavior [ RunTime:0.000006s ]
INFO: [ app_init ] --END-- [ RunTime:0.000054s ]

[ 2020-01-13T10:43:34+08:00 ] 127.0.0.1 /codeboss/index.php/Home/images/tool/wallet.png
INFO: [ app_init ] --START--
INFO: Run Behavior\BuildLiteBehavior [ RunTime:0.000005s ]
INFO: [ app_init ] --END-- [ RunTime:0.000035s ]

[ 2020-01-13T10:43:34+08:00 ] 127.0.0.1 /codeboss/index.php/Home/Panel/verifycode
INFO: [ app_init ] --START--
INFO: Run Behavior\BuildLiteBehavior [ RunTime:0.000005s ]
INFO: [ app_init ] --END-- [ RunTime:0.000033s ]
INFO: [ app_begin ] --START--
INFO: Run Behavior\ReadHtmlCacheBehavior [ RunTime:0.000014s ]
INFO: [ app_begin ] --END-- [ RunTime:0.000027s ]
NOTIC: [8] Undefined index: HTTP_X_FORWARDED_FOR /var/www/html/codeboss/Application/Home/Common/function.php 第 6 行.
NOTIC: [8] Undefined index: HTTP_CLIENT_IP /var/www/html/codeboss/Application/Home/Common/function.php 第 8 行.
SQL: SHOW COLUMNS FROM `db_users` [ RunTime:0.0005s ]
SQL: SELECT `uid`,`register_code`,`randomcode` FROM `db_users` WHERE `uid` = '0@0.com' LIMIT 1   [ RunTime:0.0002s ]
INFO: [ app_end ] --START--
INFO: Run Behavior\ShowPageTraceBehavior [ RunTime:0.000027s ]
INFO: [ app_end ] --END-- [ RunTime:0.000055s ]

[ 2020-01-13T10:58:43+08:00 ] 127.0.0.1 /codeboss/index.php/Home/Panel/account_page
INFO: [ app_init ] --START--
INFO: Run Behavior\BuildLiteBehavior [ RunTime:0.000009s ]
INFO: [ app_init ] --END-- [ RunTime:0.000129s ]
INFO: [ app_begin ] --START--
INFO: Run Behavior\ReadHtmlCacheBehavior [ RunTime:0.000032s ]
INFO: [ app_begin ] --END-- [ RunTime:0.000052s ]
NOTIC: [8] Undefined index: HTTP_X_FORWARDED_FOR /var/www/html/codeboss/Application/Home/Common/function.php 第 6 行.
NOTIC: [8] Undefined index: HTTP_CLIENT_IP /var/www/html/codeboss/Application/Home/Common/function.php 第 8 行.
SQL: SHOW COLUMNS FROM `db_users` [ RunTime:0.0165s ]
SQL: SELECT `uid`,`register_code`,`randomcode` FROM `db_users` WHERE `uid` = '0@0.com' LIMIT 1   [ RunTime:0.0072s ]
NOTIC: [8] Undefined index: HTTP_X_FORWARDED_FOR /var/www/html/codeboss/Application/Home/Common/function.php 第 6 行.
NOTIC: [8] Undefined index: HTTP_CLIENT_IP /var/www/html/codeboss/Application/Home/Common/function.php 第 8 行.
SQL: SELECT * FROM `db_users` WHERE `uid` = '0@0.com' LIMIT 1   [ RunTime:0.0002s ]
INFO: [ view_parse ] --START--
NOTIC: [2] file_get_contents(./Application/Home/View/public/afterlogin_template.html): failed to open stream: No such file or directory /var/www/html/codeboss/ThinkPHP/Library/Think/Template.class.php 第 696 行.
INFO: [ template_filter ] --START--
INFO: Run Behavior\ContentReplaceBehavior [ RunTime:0.000019s ]
INFO: [ template_filter ] --END-- [ RunTime:0.000043s ]
INFO: Run Behavior\ParseTemplateBehavior [ RunTime:0.005194s ]
INFO: [ view_parse ] --END-- [ RunTime:0.005219s ]
INFO: [ view_filter ] --START--
INFO: Run Behavior\WriteHtmlCacheBehavior [ RunTime:0.000022s ]
INFO: [ view_filter ] --END-- [ RunTime:0.000034s ]
INFO: [ app_end ] --START--
INFO: Run Behavior\ShowPageTraceBehavior [ RunTime:0.000021s ]
INFO: [ app_end ] --END-- [ RunTime:0.000036s ]

[ 2020-01-13T10:58:45+08:00 ] 127.0.0.1 /codeboss/index.php/Home/Panel/account_page
INFO: [ app_init ] --START--
INFO: Run Behavior\BuildLiteBehavior [ RunTime:0.000006s ]
INFO: [ app_init ] --END-- [ RunTime:0.000053s ]
INFO: [ app_begin ] --START--
INFO: Run Behavior\ReadHtmlCacheBehavior [ RunTime:0.000017s ]
INFO: [ app_begin ] --END-- [ RunTime:0.000031s ]
NOTIC: [8] Undefined index: HTTP_X_FORWARDED_FOR /var/www/html/codeboss/Application/Home/Common/function.php 第 6 行.
NOTIC: [8] Undefined index: HTTP_CLIENT_IP /var/www/html/codeboss/Application/Home/Common/function.php 第 8 行.
SQL: SHOW COLUMNS FROM `db_users` [ RunTime:0.0007s ]
SQL: SELECT `uid`,`register_code`,`randomcode` FROM `db_users` WHERE `uid` = '0@0.com' LIMIT 1   [ RunTime:0.0001s ]
NOTIC: [8] Undefined index: HTTP_X_FORWARDED_FOR /var/www/html/codeboss/Application/Home/Common/function.php 第 6 行.
NOTIC: [8] Undefined index: HTTP_CLIENT_IP /var/www/html/codeboss/Application/Home/Common/function.php 第 8 行.
SQL: SELECT * FROM `db_users` WHERE `uid` = '0@0.com' LIMIT 1   [ RunTime:0.0001s ]
INFO: [ view_parse ] --START--
NOTIC: [2] file_get_contents(./Application/Home/View/public/afterlogin_template.html): failed to open stream: No such file or directory /var/www/html/codeboss/ThinkPHP/Library/Think/Template.class.php 第 696 行.
INFO: [ template_filter ] --START--
INFO: Run Behavior\ContentReplaceBehavior [ RunTime:0.000016s ]
INFO: [ template_filter ] --END-- [ RunTime:0.000034s ]
INFO: Run Behavior\ParseTemplateBehavior [ RunTime:0.003911s ]
INFO: [ view_parse ] --END-- [ RunTime:0.003936s ]
INFO: [ view_filter ] --START--
INFO: Run Behavior\WriteHtmlCacheBehavior [ RunTime:0.000019s ]
INFO: [ view_filter ] --END-- [ RunTime:0.000030s ]
INFO: [ app_end ] --START--
INFO: Run Behavior\ShowPageTraceBehavior [ RunTime:0.000013s ]
INFO: [ app_end ] --END-- [ RunTime:0.000023s ]

[ 2020-01-13T10:59:36+08:00 ] 127.0.0.1 /codeboss/index.php/Home/Panel/account_page
INFO: [ app_init ] --START--
INFO: Run Behavior\BuildLiteBehavior [ RunTime:0.000007s ]
INFO: [ app_init ] --END-- [ RunTime:0.000043s ]
INFO: [ app_begin ] --START--
INFO: Run Behavior\ReadHtmlCacheBehavior [ RunTime:0.000020s ]
INFO: [ app_begin ] --END-- [ RunTime:0.000035s ]
NOTIC: [8] Undefined index: HTTP_X_FORWARDED_FOR /var/www/html/codeboss/Application/Home/Common/function.php 第 6 行.
NOTIC: [8] Undefined index: HTTP_CLIENT_IP /var/www/html/codeboss/Application/Home/Common/function.php 第 8 行.
SQL: SHOW COLUMNS FROM `db_users` [ RunTime:0.0006s ]
SQL: SELECT `uid`,`register_code`,`randomcode` FROM `db_users` WHERE `uid` = '0@0.com' LIMIT 1   [ RunTime:0.0001s ]
NOTIC: [8] Undefined index: HTTP_X_FORWARDED_FOR /var/www/html/codeboss/Application/Home/Common/function.php 第 6 行.
NOTIC: [8] Undefined index: HTTP_CLIENT_IP /var/www/html/codeboss/Application/Home/Common/function.php 第 8 行.
SQL: SELECT * FROM `db_users` WHERE `uid` = '0@0.com' LIMIT 1   [ RunTime:0.0001s ]
INFO: [ view_parse ] --START--
INFO: [ template_filter ] --START--
INFO: Run Behavior\ContentReplaceBehavior [ RunTime:0.000027s ]
INFO: [ template_filter ] --END-- [ RunTime:0.000044s ]
INFO: Run Behavior\ParseTemplateBehavior [ RunTime:0.004829s ]
INFO: [ view_parse ] --END-- [ RunTime:0.004855s ]
INFO: [ view_filter ] --START--
INFO: Run Behavior\WriteHtmlCacheBehavior [ RunTime:0.000024s ]
INFO: [ view_filter ] --END-- [ RunTime:0.000036s ]
INFO: [ app_end ] --START--
INFO: Run Behavior\ShowPageTraceBehavior [ RunTime:0.000017s ]
INFO: [ app_end ] --END-- [ RunTime:0.000028s ]

[ 2020-01-13T11:04:59+08:00 ] 127.0.0.1 /codeboss/index.php/Home/Panel/account_page
INFO: [ app_init ] --START--
INFO: Run Behavior\BuildLiteBehavior [ RunTime:0.000724s ]
INFO: [ app_init ] --END-- [ RunTime:0.000825s ]
INFO: [ app_begin ] --START--
INFO: Run Behavior\ReadHtmlCacheBehavior [ RunTime:0.000021s ]
INFO: [ app_begin ] --END-- [ RunTime:0.000037s ]
NOTIC: [8] Undefined index: HTTP_X_FORWARDED_FOR /var/www/html/codeboss/Application/Home/Common/function.php 第 6 行.
NOTIC: [8] Undefined index: HTTP_CLIENT_IP /var/www/html/codeboss/Application/Home/Common/function.php 第 8 行.
SQL: SHOW COLUMNS FROM `db_users` [ RunTime:0.0303s ]
SQL: SELECT `uid`,`register_code`,`randomcode` FROM `db_users` WHERE `uid` = '0@0.com' LIMIT 1   [ RunTime:0.0010s ]
NOTIC: [8] Undefined index: HTTP_X_FORWARDED_FOR /var/www/html/codeboss/Application/Home/Common/function.php 第 6 行.
NOTIC: [8] Undefined index: HTTP_CLIENT_IP /var/www/html/codeboss/Application/Home/Common/function.php 第 8 行.
SQL: SELECT * FROM `db_users` WHERE `uid` = '0@0.com' LIMIT 1   [ RunTime:0.0003s ]
INFO: [ view_parse ] --START--
INFO: [ template_filter ] --START--
INFO: Run Behavior\ContentReplaceBehavior [ RunTime:0.000028s ]
INFO: [ template_filter ] --END-- [ RunTime:0.000052s ]
INFO: Run Behavior\ParseTemplateBehavior [ RunTime:0.005357s ]
INFO: [ view_parse ] --END-- [ RunTime:0.005381s ]
INFO: [ view_filter ] --START--
INFO: Run Behavior\WriteHtmlCacheBehavior [ RunTime:0.000044s ]
INFO: [ view_filter ] --END-- [ RunTime:0.000057s ]
INFO: [ app_end ] --START--
INFO: Run Behavior\ShowPageTraceBehavior [ RunTime:0.000021s ]
INFO: [ app_end ] --END-- [ RunTime:0.000032s ]

[ 2020-01-13T11:06:42+08:00 ] 127.0.0.1 /codeboss/index.php/Home/Panel/account_page
INFO: [ app_init ] --START--
INFO: Run Behavior\BuildLiteBehavior [ RunTime:0.000009s ]
INFO: [ app_init ] --END-- [ RunTime:0.000079s ]
INFO: [ app_begin ] --START--
INFO: Run Behavior\ReadHtmlCacheBehavior [ RunTime:0.000034s ]
INFO: [ app_begin ] --END-- [ RunTime:0.000057s ]
NOTIC: [8] Undefined index: HTTP_X_FORWARDED_FOR /var/www/html/codeboss/Application/Home/Common/function.php 第 6 行.
NOTIC: [8] Undefined index: HTTP_CLIENT_IP /var/www/html/codeboss/Application/Home/Common/function.php 第 8 行.
SQL: SHOW COLUMNS FROM `db_users` [ RunTime:0.0006s ]
SQL: SELECT `uid`,`register_code`,`randomcode` FROM `db_users` WHERE `uid` = '0@0.com' LIMIT 1   [ RunTime:0.0001s ]
NOTIC: [8] Undefined index: HTTP_X_FORWARDED_FOR /var/www/html/codeboss/Application/Home/Common/function.php 第 6 行.
NOTIC: [8] Undefined index: HTTP_CLIENT_IP /var/www/html/codeboss/Application/Home/Common/function.php 第 8 行.
SQL: SELECT * FROM `db_users` WHERE `uid` = '0@0.com' LIMIT 1   [ RunTime:0.0001s ]
INFO: [ view_parse ] --START--
INFO: [ template_filter ] --START--
INFO: Run Behavior\ContentReplaceBehavior [ RunTime:0.000030s ]
INFO: [ template_filter ] --END-- [ RunTime:0.000053s ]
INFO: Run Behavior\ParseTemplateBehavior [ RunTime:0.004162s ]
INFO: [ view_parse ] --END-- [ RunTime:0.004185s ]
INFO: [ view_filter ] --START--
INFO: Run Behavior\WriteHtmlCacheBehavior [ RunTime:0.000023s ]
INFO: [ view_filter ] --END-- [ RunTime:0.000034s ]
INFO: [ app_end ] --START--
INFO: Run Behavior\ShowPageTraceBehavior [ RunTime:0.000017s ]
INFO: [ app_end ] --END-- [ RunTime:0.000028s ]

[ 2020-01-13T11:07:45+08:00 ] 127.0.0.1 /codeboss/index.php/Home/Panel/account_page
INFO: [ app_init ] --START--
INFO: Run Behavior\BuildLiteBehavior [ RunTime:0.000006s ]
INFO: [ app_init ] --END-- [ RunTime:0.000057s ]
INFO: [ app_begin ] --START--
INFO: Run Behavior\ReadHtmlCacheBehavior [ RunTime:0.000028s ]
INFO: [ app_begin ] --END-- [ RunTime:0.000049s ]
NOTIC: [8] Undefined index: HTTP_X_FORWARDED_FOR /var/www/html/codeboss/Application/Home/Common/function.php 第 6 行.
NOTIC: [8] Undefined index: HTTP_CLIENT_IP /var/www/html/codeboss/Application/Home/Common/function.php 第 8 行.
SQL: SHOW COLUMNS FROM `db_users` [ RunTime:0.0004s ]
SQL: SELECT `uid`,`register_code`,`randomcode` FROM `db_users` WHERE `uid` = '0@0.com' LIMIT 1   [ RunTime:0.0015s ]
NOTIC: [8] Undefined index: HTTP_X_FORWARDED_FOR /var/www/html/codeboss/Application/Home/Common/function.php 第 6 行.
NOTIC: [8] Undefined index: HTTP_CLIENT_IP /var/www/html/codeboss/Application/Home/Common/function.php 第 8 行.
SQL: SELECT * FROM `db_users` WHERE `uid` = '0@0.com' LIMIT 1   [ RunTime:0.0002s ]
INFO: [ view_parse ] --START--
INFO: [ template_filter ] --START--
INFO: Run Behavior\ContentReplaceBehavior [ RunTime:0.000028s ]
INFO: [ template_filter ] --END-- [ RunTime:0.000046s ]
INFO: Run Behavior\ParseTemplateBehavior [ RunTime:0.007126s ]
INFO: [ view_parse ] --END-- [ RunTime:0.007158s ]
INFO: [ view_filter ] --START--
INFO: Run Behavior\WriteHtmlCacheBehavior [ RunTime:0.000027s ]
INFO: [ view_filter ] --END-- [ RunTime:0.000040s ]
INFO: [ app_end ] --START--
INFO: Run Behavior\ShowPageTraceBehavior [ RunTime:0.000018s ]
INFO: [ app_end ] --END-- [ RunTime:0.000029s ]

[ 2020-01-13T11:10:16+08:00 ] 127.0.0.1 /codeboss/index.php/Home/Panel/account_page
INFO: [ app_init ] --START--
INFO: Run Behavior\BuildLiteBehavior [ RunTime:0.000008s ]
INFO: [ app_init ] --END-- [ RunTime:0.000113s ]
INFO: [ app_begin ] --START--
INFO: Run Behavior\ReadHtmlCacheBehavior [ RunTime:0.000019s ]
INFO: [ app_begin ] --END-- [ RunTime:0.000033s ]
NOTIC: [8] Undefined index: HTTP_X_FORWARDED_FOR /var/www/html/codeboss/Application/Home/Common/function.php 第 6 行.
NOTIC: [8] Undefined index: HTTP_CLIENT_IP /var/www/html/codeboss/Application/Home/Common/function.php 第 8 行.
SQL: SHOW COLUMNS FROM `db_users` [ RunTime:0.0130s ]
SQL: SELECT `uid`,`register_code`,`randomcode` FROM `db_users` WHERE `uid` = '0@0.com' LIMIT 1   [ RunTime:0.0021s ]
NOTIC: [8] Undefined index: HTTP_X_FORWARDED_FOR /var/www/html/codeboss/Application/Home/Common/function.php 第 6 行.
NOTIC: [8] Undefined index: HTTP_CLIENT_IP /var/www/html/codeboss/Application/Home/Common/function.php 第 8 行.
SQL: SELECT * FROM `db_users` WHERE `uid` = '0@0.com' LIMIT 1   [ RunTime:0.0002s ]
INFO: [ view_parse ] --START--
INFO: [ template_filter ] --START--
INFO: Run Behavior\ContentReplaceBehavior [ RunTime:0.000025s ]
INFO: [ template_filter ] --END-- [ RunTime:0.000044s ]
INFO: Run Behavior\ParseTemplateBehavior [ RunTime:0.006214s ]
INFO: [ view_parse ] --END-- [ RunTime:0.006239s ]
INFO: [ view_filter ] --START--
INFO: Run Behavior\WriteHtmlCacheBehavior [ RunTime:0.000025s ]
INFO: [ view_filter ] --END-- [ RunTime:0.000037s ]
INFO: [ app_end ] --START--
INFO: Run Behavior\ShowPageTraceBehavior [ RunTime:0.000018s ]
INFO: [ app_end ] --END-- [ RunTime:0.000029s ]

[ 2020-01-13T11:10:22+08:00 ] 127.0.0.1 /codeboss/index.php/Home/Panel/index
INFO: [ app_init ] --START--
INFO: Run Behavior\BuildLiteBehavior [ RunTime:0.000009s ]
INFO: [ app_init ] --END-- [ RunTime:0.000078s ]
INFO: [ app_begin ] --START--
INFO: Run Behavior\ReadHtmlCacheBehavior [ RunTime:0.000035s ]
INFO: [ app_begin ] --END-- [ RunTime:0.000053s ]
NOTIC: [8] Undefined index: HTTP_X_FORWARDED_FOR /var/www/html/codeboss/Application/Home/Common/function.php 第 6 行.
NOTIC: [8] Undefined index: HTTP_CLIENT_IP /var/www/html/codeboss/Application/Home/Common/function.php 第 8 行.
SQL: SHOW COLUMNS FROM `db_users` [ RunTime:0.0021s ]
SQL: SELECT `uid`,`register_code`,`randomcode` FROM `db_users` WHERE `uid` = '0@0.com' LIMIT 1   [ RunTime:0.0002s ]
INFO: [ view_parse ] --START--
INFO: [ template_filter ] --START--
INFO: Run Behavior\ContentReplaceBehavior [ RunTime:0.000040s ]
INFO: [ template_filter ] --END-- [ RunTime:0.000088s ]
INFO: Run Behavior\ParseTemplateBehavior [ RunTime:0.013398s ]
INFO: [ view_parse ] --END-- [ RunTime:0.013424s ]
INFO: [ view_filter ] --START--
INFO: Run Behavior\WriteHtmlCacheBehavior [ RunTime:0.000021s ]
INFO: [ view_filter ] --END-- [ RunTime:0.000033s ]
INFO: [ app_end ] --START--
INFO: Run Behavior\ShowPageTraceBehavior [ RunTime:0.000016s ]
INFO: [ app_end ] --END-- [ RunTime:0.000027s ]

[ 2020-01-13T11:10:26+08:00 ] 127.0.0.1 /codeboss/index.php/Home/Panel/account_page
INFO: [ app_init ] --START--
INFO: Run Behavior\BuildLiteBehavior [ RunTime:0.000005s ]
INFO: [ app_init ] --END-- [ RunTime:0.000037s ]
INFO: [ app_begin ] --START--
INFO: Run Behavior\ReadHtmlCacheBehavior [ RunTime:0.000017s ]
INFO: [ app_begin ] --END-- [ RunTime:0.000032s ]
NOTIC: [8] Undefined index: HTTP_X_FORWARDED_FOR /var/www/html/codeboss/Application/Home/Common/function.php 第 6 行.
NOTIC: [8] Undefined index: HTTP_CLIENT_IP /var/www/html/codeboss/Application/Home/Common/function.php 第 8 行.
SQL: SHOW COLUMNS FROM `db_users` [ RunTime:0.0008s ]
SQL: SELECT `uid`,`register_code`,`randomcode` FROM `db_users` WHERE `uid` = '0@0.com' LIMIT 1   [ RunTime:0.0001s ]
NOTIC: [8] Undefined index: HTTP_X_FORWARDED_FOR /var/www/html/codeboss/Application/Home/Common/function.php 第 6 行.
NOTIC: [8] Undefined index: HTTP_CLIENT_IP /var/www/html/codeboss/Application/Home/Common/function.php 第 8 行.
SQL: SELECT * FROM `db_users` WHERE `uid` = '0@0.com' LIMIT 1   [ RunTime:0.0001s ]
INFO: [ view_parse ] --START--
INFO: [ template_filter ] --START--
INFO: Run Behavior\ContentReplaceBehavior [ RunTime:0.000026s ]
INFO: [ template_filter ] --END-- [ RunTime:0.000044s ]
INFO: Run Behavior\ParseTemplateBehavior [ RunTime:0.005461s ]
INFO: [ view_parse ] --END-- [ RunTime:0.005496s ]
INFO: [ view_filter ] --START--
INFO: Run Behavior\WriteHtmlCacheBehavior [ RunTime:0.000035s ]
INFO: [ view_filter ] --END-- [ RunTime:0.000048s ]
INFO: [ app_end ] --START--
INFO: Run Behavior\ShowPageTraceBehavior [ RunTime:0.000020s ]
INFO: [ app_end ] --END-- [ RunTime:0.000032s ]

[ 2020-01-13T11:13:18+08:00 ] 127.0.0.1 /codeboss/index.php/Home/Panel/account_page
INFO: [ app_init ] --START--
INFO: Run Behavior\BuildLiteBehavior [ RunTime:0.000006s ]
INFO: [ app_init ] --END-- [ RunTime:0.000038s ]
INFO: [ app_begin ] --START--
INFO: Run Behavior\ReadHtmlCacheBehavior [ RunTime:0.000019s ]
INFO: [ app_begin ] --END-- [ RunTime:0.000068s ]
NOTIC: [8] Undefined index: HTTP_X_FORWARDED_FOR /var/www/html/codeboss/Application/Home/Common/function.php 第 6 行.
NOTIC: [8] Undefined index: HTTP_CLIENT_IP /var/www/html/codeboss/Application/Home/Common/function.php 第 8 行.
SQL: SHOW COLUMNS FROM `db_users` [ RunTime:0.0004s ]
SQL: SELECT `uid`,`register_code`,`randomcode` FROM `db_users` WHERE `uid` = '0@0.com' LIMIT 1   [ RunTime:0.0001s ]
NOTIC: [8] Undefined index: HTTP_X_FORWARDED_FOR /var/www/html/codeboss/Application/Home/Common/function.php 第 6 行.
NOTIC: [8] Undefined index: HTTP_CLIENT_IP /var/www/html/codeboss/Application/Home/Common/function.php 第 8 行.
SQL: SELECT * FROM `db_users` WHERE `uid` = '0@0.com' LIMIT 1   [ RunTime:0.0001s ]
INFO: [ view_parse ] --START--
INFO: [ template_filter ] --START--
INFO: Run Behavior\ContentReplaceBehavior [ RunTime:0.000027s ]
INFO: [ template_filter ] --END-- [ RunTime:0.000047s ]
INFO: Run Behavior\ParseTemplateBehavior [ RunTime:0.005461s ]
INFO: [ view_parse ] --END-- [ RunTime:0.005486s ]
INFO: [ view_filter ] --START--
INFO: Run Behavior\WriteHtmlCacheBehavior [ RunTime:0.000028s ]
INFO: [ view_filter ] --END-- [ RunTime:0.000040s ]
INFO: [ app_end ] --START--
INFO: Run Behavior\ShowPageTraceBehavior [ RunTime:0.000023s ]
INFO: [ app_end ] --END-- [ RunTime:0.000036s ]

[ 2020-01-13T11:13:20+08:00 ] 127.0.0.1 /codeboss/index.php/Home/Panel/index
INFO: [ app_init ] --START--
INFO: Run Behavior\BuildLiteBehavior [ RunTime:0.000008s ]
INFO: [ app_init ] --END-- [ RunTime:0.000049s ]
INFO: [ app_begin ] --START--
INFO: Run Behavior\ReadHtmlCacheBehavior [ RunTime:0.000019s ]
INFO: [ app_begin ] --END-- [ RunTime:0.000033s ]
NOTIC: [8] Undefined index: HTTP_X_FORWARDED_FOR /var/www/html/codeboss/Application/Home/Common/function.php 第 6 行.
NOTIC: [8] Undefined index: HTTP_CLIENT_IP /var/www/html/codeboss/Application/Home/Common/function.php 第 8 行.
SQL: SHOW COLUMNS FROM `db_users` [ RunTime:0.0008s ]
SQL: SELECT `uid`,`register_code`,`randomcode` FROM `db_users` WHERE `uid` = '0@0.com' LIMIT 1   [ RunTime:0.0001s ]
INFO: [ view_parse ] --START--
INFO: [ template_filter ] --START--
INFO: Run Behavior\ContentReplaceBehavior [ RunTime:0.000021s ]
INFO: [ template_filter ] --END-- [ RunTime:0.000038s ]
INFO: Run Behavior\ParseTemplateBehavior [ RunTime:0.002630s ]
INFO: [ view_parse ] --END-- [ RunTime:0.002650s ]
INFO: [ view_filter ] --START--
INFO: Run Behavior\WriteHtmlCacheBehavior [ RunTime:0.000017s ]
INFO: [ view_filter ] --END-- [ RunTime:0.000029s ]
INFO: [ app_end ] --START--
INFO: Run Behavior\ShowPageTraceBehavior [ RunTime:0.000012s ]
INFO: [ app_end ] --END-- [ RunTime:0.000024s ]

[ 2020-01-13T11:13:26+08:00 ] 127.0.0.1 /codeboss/index.php/Home/Panel/account_page
INFO: [ app_init ] --START--
INFO: Run Behavior\BuildLiteBehavior [ RunTime:0.000006s ]
INFO: [ app_init ] --END-- [ RunTime:0.000039s ]
INFO: [ app_begin ] --START--
INFO: Run Behavior\ReadHtmlCacheBehavior [ RunTime:0.000018s ]
INFO: [ app_begin ] --END-- [ RunTime:0.000033s ]
NOTIC: [8] Undefined index: HTTP_X_FORWARDED_FOR /var/www/html/codeboss/Application/Home/Common/function.php 第 6 行.
NOTIC: [8] Undefined index: HTTP_CLIENT_IP /var/www/html/codeboss/Application/Home/Common/function.php 第 8 行.
SQL: SHOW COLUMNS FROM `db_users` [ RunTime:0.0013s ]
SQL: SELECT `uid`,`register_code`,`randomcode` FROM `db_users` WHERE `uid` = '0@0.com' LIMIT 1   [ RunTime:0.0002s ]
NOTIC: [8] Undefined index: HTTP_X_FORWARDED_FOR /var/www/html/codeboss/Application/Home/Common/function.php 第 6 行.
NOTIC: [8] Undefined index: HTTP_CLIENT_IP /var/www/html/codeboss/Application/Home/Common/function.php 第 8 行.
SQL: SELECT * FROM `db_users` WHERE `uid` = '0@0.com' LIMIT 1   [ RunTime:0.0001s ]
INFO: [ view_parse ] --START--
INFO: [ template_filter ] --START--
INFO: Run Behavior\ContentReplaceBehavior [ RunTime:0.000095s ]
INFO: [ template_filter ] --END-- [ RunTime:0.000143s ]
INFO: Run Behavior\ParseTemplateBehavior [ RunTime:0.006676s ]
INFO: [ view_parse ] --END-- [ RunTime:0.006706s ]
INFO: [ view_filter ] --START--
INFO: Run Behavior\WriteHtmlCacheBehavior [ RunTime:0.000028s ]
INFO: [ view_filter ] --END-- [ RunTime:0.000039s ]
INFO: [ app_end ] --START--
INFO: Run Behavior\ShowPageTraceBehavior [ RunTime:0.000017s ]
INFO: [ app_end ] --END-- [ RunTime:0.000027s ]

[ 2020-01-13T11:15:26+08:00 ] 127.0.0.1 /codeboss/index.php/Home/Panel/account_page
INFO: [ app_init ] --START--
INFO: Run Behavior\BuildLiteBehavior [ RunTime:0.000005s ]
INFO: [ app_init ] --END-- [ RunTime:0.000036s ]
INFO: [ app_begin ] --START--
INFO: Run Behavior\ReadHtmlCacheBehavior [ RunTime:0.000016s ]
INFO: [ app_begin ] --END-- [ RunTime:0.000029s ]
NOTIC: [8] Undefined index: HTTP_X_FORWARDED_FOR /var/www/html/codeboss/Application/Home/Common/function.php 第 6 行.
NOTIC: [8] Undefined index: HTTP_CLIENT_IP /var/www/html/codeboss/Application/Home/Common/function.php 第 8 行.
SQL: SHOW COLUMNS FROM `db_users` [ RunTime:0.0006s ]
SQL: SELECT `uid`,`register_code`,`randomcode` FROM `db_users` WHERE `uid` = '0@0.com' LIMIT 1   [ RunTime:0.0001s ]
NOTIC: [8] Undefined index: HTTP_X_FORWARDED_FOR /var/www/html/codeboss/Application/Home/Common/function.php 第 6 行.
NOTIC: [8] Undefined index: HTTP_CLIENT_IP /var/www/html/codeboss/Application/Home/Common/function.php 第 8 行.
SQL: SELECT * FROM `db_users` WHERE `uid` = '0@0.com' LIMIT 1   [ RunTime:0.0001s ]
INFO: [ view_parse ] --START--
INFO: [ template_filter ] --START--
INFO: Run Behavior\ContentReplaceBehavior [ RunTime:0.000024s ]
INFO: [ template_filter ] --END-- [ RunTime:0.000041s ]
INFO: Run Behavior\ParseTemplateBehavior [ RunTime:0.003107s ]
INFO: [ view_parse ] --END-- [ RunTime:0.003129s ]
INFO: [ view_filter ] --START--
INFO: Run Behavior\WriteHtmlCacheBehavior [ RunTime:0.000021s ]
INFO: [ view_filter ] --END-- [ RunTime:0.000031s ]
INFO: [ app_end ] --START--
INFO: Run Behavior\ShowPageTraceBehavior [ RunTime:0.000041s ]
INFO: [ app_end ] --END-- [ RunTime:0.000054s ]

[ 2020-01-13T11:15:28+08:00 ] 127.0.0.1 /codeboss/index.php/Home/Panel/recharge_page
INFO: [ app_init ] --START--
INFO: Run Behavior\BuildLiteBehavior [ RunTime:0.000006s ]
INFO: [ app_init ] --END-- [ RunTime:0.000033s ]
INFO: [ app_begin ] --START--
INFO: Run Behavior\ReadHtmlCacheBehavior [ RunTime:0.000014s ]
INFO: [ app_begin ] --END-- [ RunTime:0.000027s ]
NOTIC: [8] Undefined index: HTTP_X_FORWARDED_FOR /var/www/html/codeboss/Application/Home/Common/function.php 第 6 行.
NOTIC: [8] Undefined index: HTTP_CLIENT_IP /var/www/html/codeboss/Application/Home/Common/function.php 第 8 行.
SQL: SHOW COLUMNS FROM `db_users` [ RunTime:0.0005s ]
SQL: SELECT `uid`,`register_code`,`randomcode` FROM `db_users` WHERE `uid` = '0@0.com' LIMIT 1   [ RunTime:0.0001s ]
INFO: [ view_parse ] --START--
INFO: [ template_filter ] --START--
INFO: Run Behavior\ContentReplaceBehavior [ RunTime:0.000040s ]
INFO: [ template_filter ] --END-- [ RunTime:0.000058s ]
INFO: Run Behavior\ParseTemplateBehavior [ RunTime:0.007098s ]
INFO: [ view_parse ] --END-- [ RunTime:0.007126s ]
INFO: [ view_filter ] --START--
INFO: Run Behavior\WriteHtmlCacheBehavior [ RunTime:0.000026s ]
INFO: [ view_filter ] --END-- [ RunTime:0.000039s ]
INFO: [ app_end ] --START--
INFO: Run Behavior\ShowPageTraceBehavior [ RunTime:0.000017s ]
INFO: [ app_end ] --END-- [ RunTime:0.000032s ]

[ 2020-01-13T11:15:28+08:00 ] 127.0.0.1 /codeboss/index.php/Home/images/tool/logo1.png
INFO: [ app_init ] --START--
INFO: Run Behavior\BuildLiteBehavior [ RunTime:0.000005s ]
INFO: [ app_init ] --END-- [ RunTime:0.000033s ]

[ 2020-01-13T11:15:28+08:00 ] 127.0.0.1 /codeboss/index.php/Home/Panel/verifycode
INFO: [ app_init ] --START--
INFO: Run Behavior\BuildLiteBehavior [ RunTime:0.000005s ]
INFO: [ app_init ] --END-- [ RunTime:0.000037s ]
INFO: [ app_begin ] --START--
INFO: Run Behavior\ReadHtmlCacheBehavior [ RunTime:0.000014s ]
INFO: [ app_begin ] --END-- [ RunTime:0.000030s ]
NOTIC: [8] Undefined index: HTTP_X_FORWARDED_FOR /var/www/html/codeboss/Application/Home/Common/function.php 第 6 行.
NOTIC: [8] Undefined index: HTTP_CLIENT_IP /var/www/html/codeboss/Application/Home/Common/function.php 第 8 行.
SQL: SHOW COLUMNS FROM `db_users` [ RunTime:0.0003s ]
SQL: SELECT `uid`,`register_code`,`randomcode` FROM `db_users` WHERE `uid` = '0@0.com' LIMIT 1   [ RunTime:0.0013s ]
INFO: [ app_end ] --START--
INFO: Run Behavior\ShowPageTraceBehavior [ RunTime:0.000041s ]
INFO: [ app_end ] --END-- [ RunTime:0.000076s ]

[ 2020-01-13T11:15:28+08:00 ] 127.0.0.1 /codeboss/index.php/Home/images/tool/wallet.png
INFO: [ app_init ] --START--
INFO: Run Behavior\BuildLiteBehavior [ RunTime:0.000005s ]
INFO: [ app_init ] --END-- [ RunTime:0.000033s ]

[ 2020-01-13T11:15:28+08:00 ] 127.0.0.1 /codeboss/index.php/Home/images/tool/kuaiqian.jpg
INFO: [ app_init ] --START--
INFO: Run Behavior\BuildLiteBehavior [ RunTime:0.000008s ]
INFO: [ app_init ] --END-- [ RunTime:0.000087s ]

[ 2020-01-13T11:18:31+08:00 ] 127.0.0.1 /codeboss/index.php/Home/Panel/recharge_page
INFO: [ app_init ] --START--
INFO: Run Behavior\BuildLiteBehavior [ RunTime:0.000007s ]
INFO: [ app_init ] --END-- [ RunTime:0.000054s ]
INFO: [ app_begin ] --START--
INFO: Run Behavior\ReadHtmlCacheBehavior [ RunTime:0.000022s ]
INFO: [ app_begin ] --END-- [ RunTime:0.000037s ]
NOTIC: [8] Undefined index: HTTP_X_FORWARDED_FOR /var/www/html/codeboss/Application/Home/Common/function.php 第 6 行.
NOTIC: [8] Undefined index: HTTP_CLIENT_IP /var/www/html/codeboss/Application/Home/Common/function.php 第 8 行.
SQL: SHOW COLUMNS FROM `db_users` [ RunTime:0.0007s ]
SQL: SELECT `uid`,`register_code`,`randomcode` FROM `db_users` WHERE `uid` = '0@0.com' LIMIT 1   [ RunTime:0.0002s ]
INFO: [ view_parse ] --START--
INFO: [ template_filter ] --START--
INFO: Run Behavior\ContentReplaceBehavior [ RunTime:0.000056s ]
INFO: [ template_filter ] --END-- [ RunTime:0.000075s ]
INFO: Run Behavior\ParseTemplateBehavior [ RunTime:0.007777s ]
INFO: [ view_parse ] --END-- [ RunTime:0.007804s ]
INFO: [ view_filter ] --START--
INFO: Run Behavior\WriteHtmlCacheBehavior [ RunTime:0.000028s ]
INFO: [ view_filter ] --END-- [ RunTime:0.000040s ]
INFO: [ app_end ] --START--
INFO: Run Behavior\ShowPageTraceBehavior [ RunTime:0.000018s ]
INFO: [ app_end ] --END-- [ RunTime:0.000032s ]

[ 2020-01-13T11:18:31+08:00 ] 127.0.0.1 /codeboss/index.php/Home/images/tool/logo1.png
INFO: [ app_init ] --START--
INFO: Run Behavior\BuildLiteBehavior [ RunTime:0.000005s ]
INFO: [ app_init ] --END-- [ RunTime:0.000033s ]

[ 2020-01-13T11:18:31+08:00 ] 127.0.0.1 /codeboss/index.php/Home/Panel/verifycode
INFO: [ app_init ] --START--
INFO: Run Behavior\BuildLiteBehavior [ RunTime:0.000006s ]
INFO: [ app_init ] --END-- [ RunTime:0.000059s ]
INFO: [ app_begin ] --START--
INFO: Run Behavior\ReadHtmlCacheBehavior [ RunTime:0.000027s ]
INFO: [ app_begin ] --END-- [ RunTime:0.000047s ]
NOTIC: [8] Undefined index: HTTP_X_FORWARDED_FOR /var/www/html/codeboss/Application/Home/Common/function.php 第 6 行.
NOTIC: [8] Undefined index: HTTP_CLIENT_IP /var/www/html/codeboss/Application/Home/Common/function.php 第 8 行.
SQL: SHOW COLUMNS FROM `db_users` [ RunTime:0.0008s ]
SQL: SELECT `uid`,`register_code`,`randomcode` FROM `db_users` WHERE `uid` = '0@0.com' LIMIT 1   [ RunTime:0.0001s ]
INFO: [ app_end ] --START--
INFO: Run Behavior\ShowPageTraceBehavior [ RunTime:0.000061s ]
INFO: [ app_end ] --END-- [ RunTime:0.000095s ]

[ 2020-01-13T11:18:31+08:00 ] 127.0.0.1 /codeboss/index.php/Home/images/tool/wallet.png
INFO: [ app_init ] --START--
INFO: Run Behavior\BuildLiteBehavior [ RunTime:0.000006s ]
INFO: [ app_init ] --END-- [ RunTime:0.000033s ]

[ 2020-01-13T11:18:31+08:00 ] 127.0.0.1 /codeboss/index.php/Home/images/tool/kuaiqian.jpg
INFO: [ app_init ] --START--
INFO: Run Behavior\BuildLiteBehavior [ RunTime:0.000006s ]
INFO: [ app_init ] --END-- [ RunTime:0.000034s ]

[ 2020-01-13T11:21:08+08:00 ] 127.0.0.1 /codeboss/index.php/Home/Panel/account_page
INFO: [ app_init ] --START--
INFO: Run Behavior\BuildLiteBehavior [ RunTime:0.000007s ]
INFO: [ app_init ] --END-- [ RunTime:0.000060s ]
INFO: [ app_begin ] --START--
INFO: Run Behavior\ReadHtmlCacheBehavior [ RunTime:0.000026s ]
INFO: [ app_begin ] --END-- [ RunTime:0.000047s ]
NOTIC: [8] Undefined index: HTTP_X_FORWARDED_FOR /var/www/html/codeboss/Application/Home/Common/function.php 第 6 行.
NOTIC: [8] Undefined index: HTTP_CLIENT_IP /var/www/html/codeboss/Application/Home/Common/function.php 第 8 行.
SQL: SHOW COLUMNS FROM `db_users` [ RunTime:0.0006s ]
SQL: SELECT `uid`,`register_code`,`randomcode` FROM `db_users` WHERE `uid` = '0@0.com' LIMIT 1   [ RunTime:0.0003s ]
NOTIC: [8] Undefined index: HTTP_X_FORWARDED_FOR /var/www/html/codeboss/Application/Home/Common/function.php 第 6 行.
NOTIC: [8] Undefined index: HTTP_CLIENT_IP /var/www/html/codeboss/Application/Home/Common/function.php 第 8 行.
SQL: SELECT * FROM `db_users` WHERE `uid` = '0@0.com' LIMIT 1   [ RunTime:0.0001s ]
INFO: [ view_parse ] --START--
INFO: [ template_filter ] --START--
INFO: Run Behavior\ContentReplaceBehavior [ RunTime:0.000027s ]
INFO: [ template_filter ] --END-- [ RunTime:0.000044s ]
INFO: Run Behavior\ParseTemplateBehavior [ RunTime:0.005447s ]
INFO: [ view_parse ] --END-- [ RunTime:0.005474s ]
INFO: [ view_filter ] --START--
INFO: Run Behavior\WriteHtmlCacheBehavior [ RunTime:0.000027s ]
INFO: [ view_filter ] --END-- [ RunTime:0.000038s ]
INFO: [ app_end ] --START--
INFO: Run Behavior\ShowPageTraceBehavior [ RunTime:0.000022s ]
INFO: [ app_end ] --END-- [ RunTime:0.000035s ]

[ 2020-01-13T11:22:23+08:00 ] 127.0.0.1 /codeboss/index.php/Home/Panel/account_page
INFO: [ app_init ] --START--
INFO: Run Behavior\BuildLiteBehavior [ RunTime:0.000007s ]
INFO: [ app_init ] --END-- [ RunTime:0.000051s ]
INFO: [ app_begin ] --START--
INFO: Run Behavior\ReadHtmlCacheBehavior [ RunTime:0.000019s ]
INFO: [ app_begin ] --END-- [ RunTime:0.000035s ]
NOTIC: [8] Undefined index: HTTP_X_FORWARDED_FOR /var/www/html/codeboss/Application/Home/Common/function.php 第 6 行.
NOTIC: [8] Undefined index: HTTP_CLIENT_IP /var/www/html/codeboss/Application/Home/Common/function.php 第 8 行.
SQL: SHOW COLUMNS FROM `db_users` [ RunTime:0.0007s ]
SQL: SELECT `uid`,`register_code`,`randomcode` FROM `db_users` WHERE `uid` = '0@0.com' LIMIT 1   [ RunTime:0.0001s ]
NOTIC: [8] Undefined index: HTTP_X_FORWARDED_FOR /var/www/html/codeboss/Application/Home/Common/function.php 第 6 行.
NOTIC: [8] Undefined index: HTTP_CLIENT_IP /var/www/html/codeboss/Application/Home/Common/function.php 第 8 行.
SQL: SELECT * FROM `db_users` WHERE `uid` = '0@0.com' LIMIT 1   [ RunTime:0.0001s ]
INFO: [ view_parse ] --START--
INFO: [ template_filter ] --START--
INFO: Run Behavior\ContentReplaceBehavior [ RunTime:0.000024s ]
INFO: [ template_filter ] --END-- [ RunTime:0.000040s ]
INFO: Run Behavior\ParseTemplateBehavior [ RunTime:0.006622s ]
INFO: [ view_parse ] --END-- [ RunTime:0.006644s ]
INFO: [ view_filter ] --START--
INFO: Run Behavior\WriteHtmlCacheBehavior [ RunTime:0.000023s ]
INFO: [ view_filter ] --END-- [ RunTime:0.000035s ]
INFO: [ app_end ] --START--
INFO: Run Behavior\ShowPageTraceBehavior [ RunTime:0.000017s ]
INFO: [ app_end ] --END-- [ RunTime:0.000028s ]

[ 2020-01-13T11:22:24+08:00 ] 127.0.0.1 /codeboss/index.php/Home/Panel/account_page
INFO: [ app_init ] --START--
INFO: Run Behavior\BuildLiteBehavior [ RunTime:0.000005s ]
INFO: [ app_init ] --END-- [ RunTime:0.000033s ]
INFO: [ app_begin ] --START--
INFO: Run Behavior\ReadHtmlCacheBehavior [ RunTime:0.000014s ]
INFO: [ app_begin ] --END-- [ RunTime:0.000028s ]
NOTIC: [8] Undefined index: HTTP_X_FORWARDED_FOR /var/www/html/codeboss/Application/Home/Common/function.php 第 6 行.
NOTIC: [8] Undefined index: HTTP_CLIENT_IP /var/www/html/codeboss/Application/Home/Common/function.php 第 8 行.
SQL: SHOW COLUMNS FROM `db_users` [ RunTime:0.0006s ]
SQL: SELECT `uid`,`register_code`,`randomcode` FROM `db_users` WHERE `uid` = '0@0.com' LIMIT 1   [ RunTime:0.0001s ]
NOTIC: [8] Undefined index: HTTP_X_FORWARDED_FOR /var/www/html/codeboss/Application/Home/Common/function.php 第 6 行.
NOTIC: [8] Undefined index: HTTP_CLIENT_IP /var/www/html/codeboss/Application/Home/Common/function.php 第 8 行.
SQL: SELECT * FROM `db_users` WHERE `uid` = '0@0.com' LIMIT 1   [ RunTime:0.0001s ]
INFO: [ view_parse ] --START--
INFO: [ template_filter ] --START--
INFO: Run Behavior\ContentReplaceBehavior [ RunTime:0.000028s ]
INFO: [ template_filter ] --END-- [ RunTime:0.000046s ]
INFO: Run Behavior\ParseTemplateBehavior [ RunTime:0.004221s ]
INFO: [ view_parse ] --END-- [ RunTime:0.004257s ]
INFO: [ view_filter ] --START--
INFO: Run Behavior\WriteHtmlCacheBehavior [ RunTime:0.000041s ]
INFO: [ view_filter ] --END-- [ RunTime:0.000054s ]
INFO: [ app_end ] --START--
INFO: Run Behavior\ShowPageTraceBehavior [ RunTime:0.000021s ]
INFO: [ app_end ] --END-- [ RunTime:0.000032s ]

[ 2020-01-13T11:22:25+08:00 ] 127.0.0.1 /codeboss/index.php/Home/Panel/account_page
INFO: [ app_init ] --START--
INFO: Run Behavior\BuildLiteBehavior [ RunTime:0.000006s ]
INFO: [ app_init ] --END-- [ RunTime:0.000051s ]
INFO: [ app_begin ] --START--
INFO: Run Behavior\ReadHtmlCacheBehavior [ RunTime:0.000022s ]
INFO: [ app_begin ] --END-- [ RunTime:0.000038s ]
NOTIC: [8] Undefined index: HTTP_X_FORWARDED_FOR /var/www/html/codeboss/Application/Home/Common/function.php 第 6 行.
NOTIC: [8] Undefined index: HTTP_CLIENT_IP /var/www/html/codeboss/Application/Home/Common/function.php 第 8 行.
SQL: SHOW COLUMNS FROM `db_users` [ RunTime:0.0012s ]
SQL: SELECT `uid`,`register_code`,`randomcode` FROM `db_users` WHERE `uid` = '0@0.com' LIMIT 1   [ RunTime:0.0001s ]
NOTIC: [8] Undefined index: HTTP_X_FORWARDED_FOR /var/www/html/codeboss/Application/Home/Common/function.php 第 6 行.
NOTIC: [8] Undefined index: HTTP_CLIENT_IP /var/www/html/codeboss/Application/Home/Common/function.php 第 8 行.
SQL: SELECT * FROM `db_users` WHERE `uid` = '0@0.com' LIMIT 1   [ RunTime:0.0001s ]
INFO: [ view_parse ] --START--
INFO: [ template_filter ] --START--
INFO: Run Behavior\ContentReplaceBehavior [ RunTime:0.000037s ]
INFO: [ template_filter ] --END-- [ RunTime:0.000064s ]
INFO: Run Behavior\ParseTemplateBehavior [ RunTime:0.006758s ]
INFO: [ view_parse ] --END-- [ RunTime:0.006834s ]
INFO: [ view_filter ] --START--
INFO: Run Behavior\WriteHtmlCacheBehavior [ RunTime:0.000030s ]
INFO: [ view_filter ] --END-- [ RunTime:0.000041s ]
INFO: [ app_end ] --START--
INFO: Run Behavior\ShowPageTraceBehavior [ RunTime:0.000015s ]
INFO: [ app_end ] --END-- [ RunTime:0.000025s ]

[ 2020-01-13T11:32:07+08:00 ] 127.0.0.1 /codeboss/index.php/Home/Panel/recharge_page
INFO: [ app_init ] --START--
INFO: Run Behavior\BuildLiteBehavior [ RunTime:0.000005s ]
INFO: [ app_init ] --END-- [ RunTime:0.000039s ]
INFO: [ app_begin ] --START--
INFO: Run Behavior\ReadHtmlCacheBehavior [ RunTime:0.000021s ]
INFO: [ app_begin ] --END-- [ RunTime:0.000036s ]
NOTIC: [8] Undefined index: HTTP_X_FORWARDED_FOR /var/www/html/codeboss/Application/Home/Common/function.php 第 6 行.
NOTIC: [8] Undefined index: HTTP_CLIENT_IP /var/www/html/codeboss/Application/Home/Common/function.php 第 8 行.
SQL: SHOW COLUMNS FROM `db_users` [ RunTime:0.0010s ]
SQL: SELECT `uid`,`register_code`,`randomcode` FROM `db_users` WHERE `uid` = '0@0.com' LIMIT 1   [ RunTime:0.0002s ]
INFO: [ view_parse ] --START--
INFO: [ template_filter ] --START--
INFO: Run Behavior\ContentReplaceBehavior [ RunTime:0.000034s ]
INFO: [ template_filter ] --END-- [ RunTime:0.000051s ]
INFO: Run Behavior\ParseTemplateBehavior [ RunTime:0.008880s ]
INFO: [ view_parse ] --END-- [ RunTime:0.008911s ]
INFO: [ view_filter ] --START--
INFO: Run Behavior\WriteHtmlCacheBehavior [ RunTime:0.000029s ]
INFO: [ view_filter ] --END-- [ RunTime:0.000053s ]
INFO: [ app_end ] --START--
INFO: Run Behavior\ShowPageTraceBehavior [ RunTime:0.000023s ]
INFO: [ app_end ] --END-- [ RunTime:0.000036s ]

[ 2020-01-13T11:32:08+08:00 ] 127.0.0.1 /codeboss/index.php/Home/images/tool/logo1.png
INFO: [ app_init ] --START--
INFO: Run Behavior\BuildLiteBehavior [ RunTime:0.000005s ]
INFO: [ app_init ] --END-- [ RunTime:0.000160s ]

[ 2020-01-13T11:32:08+08:00 ] 127.0.0.1 /codeboss/index.php/Home/Panel/verifycode
INFO: [ app_init ] --START--
INFO: Run Behavior\BuildLiteBehavior [ RunTime:0.000006s ]
INFO: [ app_init ] --END-- [ RunTime:0.000035s ]
INFO: [ app_begin ] --START--
INFO: Run Behavior\ReadHtmlCacheBehavior [ RunTime:0.000029s ]
INFO: [ app_begin ] --END-- [ RunTime:0.000045s ]
NOTIC: [8] Undefined index: HTTP_X_FORWARDED_FOR /var/www/html/codeboss/Application/Home/Common/function.php 第 6 行.
NOTIC: [8] Undefined index: HTTP_CLIENT_IP /var/www/html/codeboss/Application/Home/Common/function.php 第 8 行.
SQL: SHOW COLUMNS FROM `db_users` [ RunTime:0.0006s ]
SQL: SELECT `uid`,`register_code`,`randomcode` FROM `db_users` WHERE `uid` = '0@0.com' LIMIT 1   [ RunTime:0.0001s ]
INFO: [ app_end ] --START--
INFO: Run Behavior\ShowPageTraceBehavior [ RunTime:0.000044s ]
INFO: [ app_end ] --END-- [ RunTime:0.000076s ]

[ 2020-01-13T11:32:08+08:00 ] 127.0.0.1 /codeboss/index.php/Home/images/tool/wallet.png
INFO: [ app_init ] --START--
INFO: Run Behavior\BuildLiteBehavior [ RunTime:0.000005s ]
INFO: [ app_init ] --END-- [ RunTime:0.000034s ]

[ 2020-01-13T11:32:08+08:00 ] 127.0.0.1 /codeboss/index.php/Home/images/tool/kuaiqian.jpg
INFO: [ app_init ] --START--
INFO: Run Behavior\BuildLiteBehavior [ RunTime:0.000004s ]
INFO: [ app_init ] --END-- [ RunTime:0.000032s ]

[ 2020-01-13T11:32:22+08:00 ] 127.0.0.1 /codeboss/index.php/Home/Panel/verifycode?0.567279948955753
INFO: [ app_init ] --START--
INFO: Run Behavior\BuildLiteBehavior [ RunTime:0.000008s ]
INFO: [ app_init ] --END-- [ RunTime:0.000060s ]
INFO: [ app_begin ] --START--
INFO: Run Behavior\ReadHtmlCacheBehavior [ RunTime:0.000029s ]
INFO: [ app_begin ] --END-- [ RunTime:0.000051s ]
NOTIC: [8] Undefined index: HTTP_X_FORWARDED_FOR /var/www/html/codeboss/Application/Home/Common/function.php 第 6 行.
NOTIC: [8] Undefined index: HTTP_CLIENT_IP /var/www/html/codeboss/Application/Home/Common/function.php 第 8 行.
SQL: SHOW COLUMNS FROM `db_users` [ RunTime:0.0007s ]
SQL: SELECT `uid`,`register_code`,`randomcode` FROM `db_users` WHERE `uid` = '0@0.com' LIMIT 1   [ RunTime:0.0002s ]
INFO: [ app_end ] --START--
INFO: Run Behavior\ShowPageTraceBehavior [ RunTime:0.000112s ]
INFO: [ app_end ] --END-- [ RunTime:0.000156s ]

[ 2020-01-13T11:32:25+08:00 ] 127.0.0.1 /codeboss/index.php/Home/Panel/verifycode?0.567279948955753?0.5538466821278689
INFO: [ app_init ] --START--
INFO: Run Behavior\BuildLiteBehavior [ RunTime:0.000005s ]
INFO: [ app_init ] --END-- [ RunTime:0.000037s ]
INFO: [ app_begin ] --START--
INFO: Run Behavior\ReadHtmlCacheBehavior [ RunTime:0.000018s ]
INFO: [ app_begin ] --END-- [ RunTime:0.000033s ]
NOTIC: [8] Undefined index: HTTP_X_FORWARDED_FOR /var/www/html/codeboss/Application/Home/Common/function.php 第 6 行.
NOTIC: [8] Undefined index: HTTP_CLIENT_IP /var/www/html/codeboss/Application/Home/Common/function.php 第 8 行.
SQL: SHOW COLUMNS FROM `db_users` [ RunTime:0.0006s ]
SQL: SELECT `uid`,`register_code`,`randomcode` FROM `db_users` WHERE `uid` = '0@0.com' LIMIT 1   [ RunTime:0.0001s ]
INFO: [ app_end ] --START--
INFO: Run Behavior\ShowPageTraceBehavior [ RunTime:0.000048s ]
INFO: [ app_end ] --END-- [ RunTime:0.000078s ]

[ 2020-01-13T11:45:33+08:00 ] 127.0.0.1 /codeboss/index.php/Home/Panel/account_page
INFO: [ app_init ] --START--
INFO: Run Behavior\BuildLiteBehavior [ RunTime:0.000017s ]
INFO: [ app_init ] --END-- [ RunTime:0.000072s ]
INFO: [ app_begin ] --START--
INFO: Run Behavior\ReadHtmlCacheBehavior [ RunTime:0.000018s ]
INFO: [ app_begin ] --END-- [ RunTime:0.000033s ]
NOTIC: [8] Undefined index: HTTP_X_FORWARDED_FOR /var/www/html/codeboss/Application/Home/Common/function.php 第 6 行.
NOTIC: [8] Undefined index: HTTP_CLIENT_IP /var/www/html/codeboss/Application/Home/Common/function.php 第 8 行.
SQL: SHOW COLUMNS FROM `db_users` [ RunTime:0.0004s ]
SQL: SELECT `uid`,`register_code`,`randomcode` FROM `db_users` WHERE `uid` = '0@0.com' LIMIT 1   [ RunTime:0.0005s ]
NOTIC: [8] Undefined index: HTTP_X_FORWARDED_FOR /var/www/html/codeboss/Application/Home/Common/function.php 第 6 行.
NOTIC: [8] Undefined index: HTTP_CLIENT_IP /var/www/html/codeboss/Application/Home/Common/function.php 第 8 行.
SQL: SELECT * FROM `db_users` WHERE `uid` = '0@0.com' LIMIT 1   [ RunTime:0.0001s ]
INFO: [ view_parse ] --START--
INFO: [ template_filter ] --START--
INFO: Run Behavior\ContentReplaceBehavior [ RunTime:0.000025s ]
INFO: [ template_filter ] --END-- [ RunTime:0.000042s ]
INFO: Run Behavior\ParseTemplateBehavior [ RunTime:0.006208s ]
INFO: [ view_parse ] --END-- [ RunTime:0.006234s ]
INFO: [ view_filter ] --START--
INFO: Run Behavior\WriteHtmlCacheBehavior [ RunTime:0.000029s ]
INFO: [ view_filter ] --END-- [ RunTime:0.000040s ]
INFO: [ app_end ] --START--
INFO: Run Behavior\ShowPageTraceBehavior [ RunTime:0.000016s ]
INFO: [ app_end ] --END-- [ RunTime:0.000028s ]

[ 2020-01-13T16:57:08+08:00 ] 127.0.0.1 /codeboss/index.php/Home/Panel/recharge_page
INFO: [ app_init ] --START--
INFO: Run Behavior\BuildLiteBehavior [ RunTime:0.000036s ]
INFO: [ app_init ] --END-- [ RunTime:0.000227s ]
INFO: [ app_begin ] --START--
INFO: Run Behavior\ReadHtmlCacheBehavior [ RunTime:0.000057s ]
INFO: [ app_begin ] --END-- [ RunTime:0.000087s ]
NOTIC: [8] Undefined index: HTTP_X_FORWARDED_FOR /var/www/html/codeboss/Application/Home/Common/function.php 第 6 行.
NOTIC: [8] Undefined index: HTTP_CLIENT_IP /var/www/html/codeboss/Application/Home/Common/function.php 第 8 行.
SQL: SHOW COLUMNS FROM `db_users` [ RunTime:0.0101s ]
SQL: SELECT `uid`,`register_code`,`randomcode` FROM `db_users` WHERE `uid` = '0@0.com' LIMIT 1   [ RunTime:0.0009s ]
INFO: [ view_parse ] --START--
INFO: [ template_filter ] --START--
INFO: Run Behavior\ContentReplaceBehavior [ RunTime:0.000175s ]
INFO: [ template_filter ] --END-- [ RunTime:0.000198s ]
INFO: Run Behavior\ParseTemplateBehavior [ RunTime:0.017459s ]
INFO: [ view_parse ] --END-- [ RunTime:0.017487s ]
INFO: [ view_filter ] --START--
INFO: Run Behavior\WriteHtmlCacheBehavior [ RunTime:0.000066s ]
INFO: [ view_filter ] --END-- [ RunTime:0.000081s ]
INFO: [ app_end ] --START--
INFO: Run Behavior\ShowPageTraceBehavior [ RunTime:0.000079s ]
INFO: [ app_end ] --END-- [ RunTime:0.000097s ]

[ 2020-01-13T16:57:08+08:00 ] 127.0.0.1 /codeboss/index.php/Home/images/tool/logo1.png
INFO: [ app_init ] --START--
INFO: Run Behavior\BuildLiteBehavior [ RunTime:0.000006s ]
INFO: [ app_init ] --END-- [ RunTime:0.000036s ]

[ 2020-01-13T16:57:08+08:00 ] 127.0.0.1 /codeboss/index.php/Home/Panel/verifycode
INFO: [ app_init ] --START--
INFO: Run Behavior\BuildLiteBehavior [ RunTime:0.000005s ]
INFO: [ app_init ] --END-- [ RunTime:0.000032s ]
INFO: [ app_begin ] --START--
INFO: Run Behavior\ReadHtmlCacheBehavior [ RunTime:0.000015s ]
INFO: [ app_begin ] --END-- [ RunTime:0.000028s ]
NOTIC: [8] Undefined index: HTTP_X_FORWARDED_FOR /var/www/html/codeboss/Application/Home/Common/function.php 第 6 行.
NOTIC: [8] Undefined index: HTTP_CLIENT_IP /var/www/html/codeboss/Application/Home/Common/function.php 第 8 行.
SQL: SHOW COLUMNS FROM `db_users` [ RunTime:0.0009s ]
SQL: SELECT `uid`,`register_code`,`randomcode` FROM `db_users` WHERE `uid` = '0@0.com' LIMIT 1   [ RunTime:0.0002s ]
INFO: [ app_end ] --START--
INFO: Run Behavior\ShowPageTraceBehavior [ RunTime:0.000022s ]
INFO: [ app_end ] --END-- [ RunTime:0.000042s ]

[ 2020-01-13T16:57:08+08:00 ] 127.0.0.1 /codeboss/index.php/Home/images/tool/wallet.png
INFO: [ app_init ] --START--
INFO: Run Behavior\BuildLiteBehavior [ RunTime:0.000019s ]
INFO: [ app_init ] --END-- [ RunTime:0.000080s ]

[ 2020-01-13T16:57:08+08:00 ] 127.0.0.1 /codeboss/index.php/Home/images/tool/kuaiqian.jpg
INFO: [ app_init ] --START--
INFO: Run Behavior\BuildLiteBehavior [ RunTime:0.000020s ]
INFO: [ app_init ] --END-- [ RunTime:0.000106s ]

[ 2020-01-13T16:57:11+08:00 ] 127.0.0.1 /codeboss/index.php/Home/Panel/account_page
INFO: [ app_init ] --START--
INFO: Run Behavior\BuildLiteBehavior [ RunTime:0.000006s ]
INFO: [ app_init ] --END-- [ RunTime:0.000038s ]
INFO: [ app_begin ] --START--
INFO: Run Behavior\ReadHtmlCacheBehavior [ RunTime:0.000041s ]
INFO: [ app_begin ] --END-- [ RunTime:0.000058s ]
NOTIC: [8] Undefined index: HTTP_X_FORWARDED_FOR /var/www/html/codeboss/Application/Home/Common/function.php 第 6 行.
NOTIC: [8] Undefined index: HTTP_CLIENT_IP /var/www/html/codeboss/Application/Home/Common/function.php 第 8 行.
SQL: SHOW COLUMNS FROM `db_users` [ RunTime:0.0006s ]
SQL: SELECT `uid`,`register_code`,`randomcode` FROM `db_users` WHERE `uid` = '0@0.com' LIMIT 1   [ RunTime:0.0001s ]
NOTIC: [8] Undefined index: HTTP_X_FORWARDED_FOR /var/www/html/codeboss/Application/Home/Common/function.php 第 6 行.
NOTIC: [8] Undefined index: HTTP_CLIENT_IP /var/www/html/codeboss/Application/Home/Common/function.php 第 8 行.
SQL: SELECT * FROM `db_users` WHERE `uid` = '0@0.com' LIMIT 1   [ RunTime:0.0002s ]
INFO: [ view_parse ] --START--
INFO: [ template_filter ] --START--
INFO: Run Behavior\ContentReplaceBehavior [ RunTime:0.000027s ]
INFO: [ template_filter ] --END-- [ RunTime:0.000048s ]
INFO: Run Behavior\ParseTemplateBehavior [ RunTime:0.007044s ]
INFO: [ view_parse ] --END-- [ RunTime:0.007085s ]
INFO: [ view_filter ] --START--
INFO: Run Behavior\WriteHtmlCacheBehavior [ RunTime:0.000029s ]
INFO: [ view_filter ] --END-- [ RunTime:0.000041s ]
INFO: [ app_end ] --START--
INFO: Run Behavior\ShowPageTraceBehavior [ RunTime:0.000037s ]
INFO: [ app_end ] --END-- [ RunTime:0.000051s ]

[ 2020-01-13T16:57:12+08:00 ] 127.0.0.1 /codeboss/index.php/Home/Panel/recharge_page
INFO: [ app_init ] --START--
INFO: Run Behavior\BuildLiteBehavior [ RunTime:0.000009s ]
INFO: [ app_init ] --END-- [ RunTime:0.000052s ]
INFO: [ app_begin ] --START--
INFO: Run Behavior\ReadHtmlCacheBehavior [ RunTime:0.000066s ]
INFO: [ app_begin ] --END-- [ RunTime:0.000100s ]
NOTIC: [8] Undefined index: HTTP_X_FORWARDED_FOR /var/www/html/codeboss/Application/Home/Common/function.php 第 6 行.
NOTIC: [8] Undefined index: HTTP_CLIENT_IP /var/www/html/codeboss/Application/Home/Common/function.php 第 8 行.
SQL: SHOW COLUMNS FROM `db_users` [ RunTime:0.0005s ]
SQL: SELECT `uid`,`register_code`,`randomcode` FROM `db_users` WHERE `uid` = '0@0.com' LIMIT 1   [ RunTime:0.0002s ]
INFO: [ view_parse ] --START--
INFO: [ template_filter ] --START--
INFO: Run Behavior\ContentReplaceBehavior [ RunTime:0.000098s ]
INFO: [ template_filter ] --END-- [ RunTime:0.000120s ]
INFO: Run Behavior\ParseTemplateBehavior [ RunTime:0.011106s ]
INFO: [ view_parse ] --END-- [ RunTime:0.011133s ]
INFO: [ view_filter ] --START--
INFO: Run Behavior\WriteHtmlCacheBehavior [ RunTime:0.000057s ]
INFO: [ view_filter ] --END-- [ RunTime:0.000084s ]
INFO: [ app_end ] --START--
INFO: Run Behavior\ShowPageTraceBehavior [ RunTime:0.000021s ]
INFO: [ app_end ] --END-- [ RunTime:0.000036s ]

[ 2020-01-13T16:57:12+08:00 ] 127.0.0.1 /codeboss/index.php/Home/images/tool/logo1.png
INFO: [ app_init ] --START--
INFO: Run Behavior\BuildLiteBehavior [ RunTime:0.000005s ]
INFO: [ app_init ] --END-- [ RunTime:0.000034s ]

[ 2020-01-13T16:57:12+08:00 ] 127.0.0.1 /codeboss/index.php/Home/Panel/verifycode
INFO: [ app_init ] --START--
INFO: Run Behavior\BuildLiteBehavior [ RunTime:0.000005s ]
INFO: [ app_init ] --END-- [ RunTime:0.000033s ]
INFO: [ app_begin ] --START--
INFO: Run Behavior\ReadHtmlCacheBehavior [ RunTime:0.000014s ]
INFO: [ app_begin ] --END-- [ RunTime:0.000028s ]
NOTIC: [8] Undefined index: HTTP_X_FORWARDED_FOR /var/www/html/codeboss/Application/Home/Common/function.php 第 6 行.
NOTIC: [8] Undefined index: HTTP_CLIENT_IP /var/www/html/codeboss/Application/Home/Common/function.php 第 8 行.
SQL: SHOW COLUMNS FROM `db_users` [ RunTime:0.0009s ]
SQL: SELECT `uid`,`register_code`,`randomcode` FROM `db_users` WHERE `uid` = '0@0.com' LIMIT 1   [ RunTime:0.0002s ]
INFO: [ app_end ] --START--
INFO: Run Behavior\ShowPageTraceBehavior [ RunTime:0.000021s ]
INFO: [ app_end ] --END-- [ RunTime:0.000041s ]

[ 2020-01-13T16:57:12+08:00 ] 127.0.0.1 /codeboss/index.php/Home/images/tool/wallet.png
INFO: [ app_init ] --START--
INFO: Run Behavior\BuildLiteBehavior [ RunTime:0.000006s ]
INFO: [ app_init ] --END-- [ RunTime:0.000034s ]

[ 2020-01-13T16:57:12+08:00 ] 127.0.0.1 /codeboss/index.php/Home/images/tool/kuaiqian.jpg
INFO: [ app_init ] --START--
INFO: Run Behavior\BuildLiteBehavior [ RunTime:0.000005s ]
INFO: [ app_init ] --END-- [ RunTime:0.000030s ]

[ 2020-01-13T16:57:14+08:00 ] 127.0.0.1 /codeboss/index.php/Home/Panel/account_page
INFO: [ app_init ] --START--
INFO: Run Behavior\BuildLiteBehavior [ RunTime:0.000028s ]
INFO: [ app_init ] --END-- [ RunTime:0.000096s ]
INFO: [ app_begin ] --START--
INFO: Run Behavior\ReadHtmlCacheBehavior [ RunTime:0.000023s ]
INFO: [ app_begin ] --END-- [ RunTime:0.000039s ]
NOTIC: [8] Undefined index: HTTP_X_FORWARDED_FOR /var/www/html/codeboss/Application/Home/Common/function.php 第 6 行.
NOTIC: [8] Undefined index: HTTP_CLIENT_IP /var/www/html/codeboss/Application/Home/Common/function.php 第 8 行.
SQL: SHOW COLUMNS FROM `db_users` [ RunTime:0.0008s ]
SQL: SELECT `uid`,`register_code`,`randomcode` FROM `db_users` WHERE `uid` = '0@0.com' LIMIT 1   [ RunTime:0.0002s ]
NOTIC: [8] Undefined index: HTTP_X_FORWARDED_FOR /var/www/html/codeboss/Application/Home/Common/function.php 第 6 行.
NOTIC: [8] Undefined index: HTTP_CLIENT_IP /var/www/html/codeboss/Application/Home/Common/function.php 第 8 行.
SQL: SELECT * FROM `db_users` WHERE `uid` = '0@0.com' LIMIT 1   [ RunTime:0.0014s ]
INFO: [ view_parse ] --START--
INFO: [ template_filter ] --START--
INFO: Run Behavior\ContentReplaceBehavior [ RunTime:0.000039s ]
INFO: [ template_filter ] --END-- [ RunTime:0.000060s ]
INFO: Run Behavior\ParseTemplateBehavior [ RunTime:0.005603s ]
INFO: [ view_parse ] --END-- [ RunTime:0.005631s ]
INFO: [ view_filter ] --START--
INFO: Run Behavior\WriteHtmlCacheBehavior [ RunTime:0.000027s ]
INFO: [ view_filter ] --END-- [ RunTime:0.000040s ]
INFO: [ app_end ] --START--
INFO: Run Behavior\ShowPageTraceBehavior [ RunTime:0.000037s ]
INFO: [ app_end ] --END-- [ RunTime:0.000052s ]

[ 2020-01-13T17:50:06+08:00 ] 127.0.0.1 /codeboss/index.php/Home/Panel/account_page
INFO: [ app_init ] --START--
INFO: Run Behavior\BuildLiteBehavior [ RunTime:0.000028s ]
INFO: [ app_init ] --END-- [ RunTime:0.000168s ]
INFO: [ app_begin ] --START--
INFO: Run Behavior\ReadHtmlCacheBehavior [ RunTime:0.000039s ]
INFO: [ app_begin ] --END-- [ RunTime:0.000059s ]
NOTIC: [8] Undefined index: HTTP_X_FORWARDED_FOR /var/www/html/codeboss/Application/Home/Common/function.php 第 6 行.
NOTIC: [8] Undefined index: HTTP_CLIENT_IP /var/www/html/codeboss/Application/Home/Common/function.php 第 8 行.
SQL: SHOW COLUMNS FROM `db_users` [ RunTime:0.0021s ]
SQL: SELECT `uid`,`register_code`,`randomcode` FROM `db_users` WHERE `uid` = '0@0.com' LIMIT 1   [ RunTime:0.0004s ]
NOTIC: [8] Undefined index: HTTP_X_FORWARDED_FOR /var/www/html/codeboss/Application/Home/Common/function.php 第 6 行.
NOTIC: [8] Undefined index: HTTP_CLIENT_IP /var/www/html/codeboss/Application/Home/Common/function.php 第 8 行.
SQL: SELECT * FROM `db_users` WHERE `uid` = '0@0.com' LIMIT 1   [ RunTime:0.0001s ]
INFO: [ view_parse ] --START--
INFO: [ template_filter ] --START--
INFO: Run Behavior\ContentReplaceBehavior [ RunTime:0.000044s ]
INFO: [ template_filter ] --END-- [ RunTime:0.000064s ]
INFO: Run Behavior\ParseTemplateBehavior [ RunTime:0.007173s ]
INFO: [ view_parse ] --END-- [ RunTime:0.007204s ]
INFO: [ view_filter ] --START--
INFO: Run Behavior\WriteHtmlCacheBehavior [ RunTime:0.000031s ]
INFO: [ view_filter ] --END-- [ RunTime:0.000070s ]
INFO: [ app_end ] --START--
INFO: Run Behavior\ShowPageTraceBehavior [ RunTime:0.000039s ]
INFO: [ app_end ] --END-- [ RunTime:0.000086s ]

[ 2020-01-13T17:50:08+08:00 ] 127.0.0.1 /codeboss/index.php/Home/Panel/recharge_page
INFO: [ app_init ] --START--
INFO: Run Behavior\BuildLiteBehavior [ RunTime:0.000006s ]
INFO: [ app_init ] --END-- [ RunTime:0.000089s ]
INFO: [ app_begin ] --START--
INFO: Run Behavior\ReadHtmlCacheBehavior [ RunTime:0.000021s ]
INFO: [ app_begin ] --END-- [ RunTime:0.000049s ]
NOTIC: [8] Undefined index: HTTP_X_FORWARDED_FOR /var/www/html/codeboss/Application/Home/Common/function.php 第 6 行.
NOTIC: [8] Undefined index: HTTP_CLIENT_IP /var/www/html/codeboss/Application/Home/Common/function.php 第 8 行.
SQL: SHOW COLUMNS FROM `db_users` [ RunTime:0.0011s ]
SQL: SELECT `uid`,`register_code`,`randomcode` FROM `db_users` WHERE `uid` = '0@0.com' LIMIT 1   [ RunTime:0.0002s ]
INFO: [ view_parse ] --START--
INFO: [ template_filter ] --START--
INFO: Run Behavior\ContentReplaceBehavior [ RunTime:0.000093s ]
INFO: [ template_filter ] --END-- [ RunTime:0.000128s ]
INFO: Run Behavior\ParseTemplateBehavior [ RunTime:0.009261s ]
INFO: [ view_parse ] --END-- [ RunTime:0.009313s ]
INFO: [ view_filter ] --START--
INFO: Run Behavior\WriteHtmlCacheBehavior [ RunTime:0.000041s ]
INFO: [ view_filter ] --END-- [ RunTime:0.000056s ]
INFO: [ app_end ] --START--
INFO: Run Behavior\ShowPageTraceBehavior [ RunTime:0.000042s ]
INFO: [ app_end ] --END-- [ RunTime:0.000068s ]

[ 2020-01-13T17:50:08+08:00 ] 127.0.0.1 /codeboss/index.php/Home/images/tool/logo1.png
INFO: [ app_init ] --START--
INFO: Run Behavior\BuildLiteBehavior [ RunTime:0.000006s ]
INFO: [ app_init ] --END-- [ RunTime:0.000039s ]

[ 2020-01-13T17:50:08+08:00 ] 127.0.0.1 /codeboss/index.php/Home/Panel/verifycode
INFO: [ app_init ] --START--
INFO: Run Behavior\BuildLiteBehavior [ RunTime:0.000005s ]
INFO: [ app_init ] --END-- [ RunTime:0.000032s ]
INFO: [ app_begin ] --START--
INFO: Run Behavior\ReadHtmlCacheBehavior [ RunTime:0.000015s ]
INFO: [ app_begin ] --END-- [ RunTime:0.000030s ]
NOTIC: [8] Undefined index: HTTP_X_FORWARDED_FOR /var/www/html/codeboss/Application/Home/Common/function.php 第 6 行.
NOTIC: [8] Undefined index: HTTP_CLIENT_IP /var/www/html/codeboss/Application/Home/Common/function.php 第 8 行.
SQL: SHOW COLUMNS FROM `db_users` [ RunTime:0.0006s ]
SQL: SELECT `uid`,`register_code`,`randomcode` FROM `db_users` WHERE `uid` = '0@0.com' LIMIT 1   [ RunTime:0.0001s ]
INFO: [ app_end ] --START--
INFO: Run Behavior\ShowPageTraceBehavior [ RunTime:0.000022s ]
INFO: [ app_end ] --END-- [ RunTime:0.000041s ]

[ 2020-01-13T17:50:08+08:00 ] 127.0.0.1 /codeboss/index.php/Home/images/tool/wallet.png
INFO: [ app_init ] --START--
INFO: Run Behavior\BuildLiteBehavior [ RunTime:0.000005s ]
INFO: [ app_init ] --END-- [ RunTime:0.000032s ]

[ 2020-01-13T17:50:08+08:00 ] 127.0.0.1 /codeboss/index.php/Home/images/tool/kuaiqian.jpg
INFO: [ app_init ] --START--
INFO: Run Behavior\BuildLiteBehavior [ RunTime:0.000006s ]
INFO: [ app_init ] --END-- [ RunTime:0.000124s ]

[ 2020-01-13T17:51:07+08:00 ] 127.0.0.1 /codeboss/index.php/Home/Panel/recharge_page
INFO: [ app_init ] --START--
INFO: Run Behavior\BuildLiteBehavior [ RunTime:0.000007s ]
INFO: [ app_init ] --END-- [ RunTime:0.000063s ]
INFO: [ app_begin ] --START--
INFO: Run Behavior\ReadHtmlCacheBehavior [ RunTime:0.000038s ]
INFO: [ app_begin ] --END-- [ RunTime:0.000069s ]
NOTIC: [8] Undefined index: HTTP_X_FORWARDED_FOR /var/www/html/codeboss/Application/Home/Common/function.php 第 6 行.
NOTIC: [8] Undefined index: HTTP_CLIENT_IP /var/www/html/codeboss/Application/Home/Common/function.php 第 8 行.
SQL: SHOW COLUMNS FROM `db_users` [ RunTime:0.0010s ]
SQL: SELECT `uid`,`register_code`,`randomcode` FROM `db_users` WHERE `uid` = '0@0.com' LIMIT 1   [ RunTime:0.0002s ]
INFO: [ view_parse ] --START--
INFO: [ template_filter ] --START--
INFO: Run Behavior\ContentReplaceBehavior [ RunTime:0.000070s ]
INFO: [ template_filter ] --END-- [ RunTime:0.000092s ]
INFO: Run Behavior\ParseTemplateBehavior [ RunTime:0.008043s ]
INFO: [ view_parse ] --END-- [ RunTime:0.008071s ]
INFO: [ view_filter ] --START--
INFO: Run Behavior\WriteHtmlCacheBehavior [ RunTime:0.000026s ]
INFO: [ view_filter ] --END-- [ RunTime:0.000039s ]
INFO: [ app_end ] --START--
INFO: Run Behavior\ShowPageTraceBehavior [ RunTime:0.000030s ]
INFO: [ app_end ] --END-- [ RunTime:0.000065s ]

[ 2020-01-13T17:51:07+08:00 ] 127.0.0.1 /codeboss/index.php/Home/images/tool/logo1.png
INFO: [ app_init ] --START--
INFO: Run Behavior\BuildLiteBehavior [ RunTime:0.000006s ]
INFO: [ app_init ] --END-- [ RunTime:0.000042s ]

[ 2020-01-13T17:51:07+08:00 ] 127.0.0.1 /codeboss/index.php/Home/Panel/verifycode
INFO: [ app_init ] --START--
INFO: Run Behavior\BuildLiteBehavior [ RunTime:0.000005s ]
INFO: [ app_init ] --END-- [ RunTime:0.000039s ]
INFO: [ app_begin ] --START--
INFO: Run Behavior\ReadHtmlCacheBehavior [ RunTime:0.000025s ]
INFO: [ app_begin ] --END-- [ RunTime:0.000054s ]
NOTIC: [8] Undefined index: HTTP_X_FORWARDED_FOR /var/www/html/codeboss/Application/Home/Common/function.php 第 6 行.
NOTIC: [8] Undefined index: HTTP_CLIENT_IP /var/www/html/codeboss/Application/Home/Common/function.php 第 8 行.
SQL: SHOW COLUMNS FROM `db_users` [ RunTime:0.0009s ]
SQL: SELECT `uid`,`register_code`,`randomcode` FROM `db_users` WHERE `uid` = '0@0.com' LIMIT 1   [ RunTime:0.0001s ]
INFO: [ app_end ] --START--
INFO: Run Behavior\ShowPageTraceBehavior [ RunTime:0.000021s ]
INFO: [ app_end ] --END-- [ RunTime:0.000044s ]

[ 2020-01-13T17:51:07+08:00 ] 127.0.0.1 /codeboss/index.php/Home/images/tool/wallet.png
INFO: [ app_init ] --START--
INFO: Run Behavior\BuildLiteBehavior [ RunTime:0.000006s ]
INFO: [ app_init ] --END-- [ RunTime:0.000034s ]

[ 2020-01-13T17:51:07+08:00 ] 127.0.0.1 /codeboss/index.php/Home/images/tool/kuaiqian.jpg
INFO: [ app_init ] --START--
INFO: Run Behavior\BuildLiteBehavior [ RunTime:0.000019s ]
INFO: [ app_init ] --END-- [ RunTime:0.000071s ]

[ 2020-01-13T17:51:32+08:00 ] 127.0.0.1 /codeboss/index.php/Home/Panel/recharge_page
INFO: [ app_init ] --START--
INFO: Run Behavior\BuildLiteBehavior [ RunTime:0.000009s ]
INFO: [ app_init ] --END-- [ RunTime:0.000185s ]
INFO: [ app_begin ] --START--
INFO: Run Behavior\ReadHtmlCacheBehavior [ RunTime:0.000037s ]
INFO: [ app_begin ] --END-- [ RunTime:0.000080s ]
NOTIC: [8] Undefined index: HTTP_X_FORWARDED_FOR /var/www/html/codeboss/Application/Home/Common/function.php 第 6 行.
NOTIC: [8] Undefined index: HTTP_CLIENT_IP /var/www/html/codeboss/Application/Home/Common/function.php 第 8 行.
SQL: SHOW COLUMNS FROM `db_users` [ RunTime:0.0049s ]
SQL: SELECT `uid`,`register_code`,`randomcode` FROM `db_users` WHERE `uid` = '0@0.com' LIMIT 1   [ RunTime:0.0007s ]
INFO: [ view_parse ] --START--
INFO: [ template_filter ] --START--
INFO: Run Behavior\ContentReplaceBehavior [ RunTime:0.000092s ]
INFO: [ template_filter ] --END-- [ RunTime:0.000119s ]
INFO: Run Behavior\ParseTemplateBehavior [ RunTime:0.012486s ]
INFO: [ view_parse ] --END-- [ RunTime:0.012531s ]
INFO: [ view_filter ] --START--
INFO: Run Behavior\WriteHtmlCacheBehavior [ RunTime:0.000034s ]
INFO: [ view_filter ] --END-- [ RunTime:0.000047s ]
INFO: [ app_end ] --START--
INFO: Run Behavior\ShowPageTraceBehavior [ RunTime:0.000048s ]
INFO: [ app_end ] --END-- [ RunTime:0.000070s ]

[ 2020-01-13T17:51:32+08:00 ] 127.0.0.1 /codeboss/index.php/Home/images/tool/logo1.png
INFO: [ app_init ] --START--
INFO: Run Behavior\BuildLiteBehavior [ RunTime:0.000006s ]
INFO: [ app_init ] --END-- [ RunTime:0.000059s ]

[ 2020-01-13T17:51:32+08:00 ] 127.0.0.1 /codeboss/index.php/Home/Panel/verifycode
INFO: [ app_init ] --START--
INFO: Run Behavior\BuildLiteBehavior [ RunTime:0.000007s ]
INFO: [ app_init ] --END-- [ RunTime:0.000056s ]
INFO: [ app_begin ] --START--
INFO: Run Behavior\ReadHtmlCacheBehavior [ RunTime:0.000019s ]
INFO: [ app_begin ] --END-- [ RunTime:0.000036s ]
NOTIC: [8] Undefined index: HTTP_X_FORWARDED_FOR /var/www/html/codeboss/Application/Home/Common/function.php 第 6 行.
NOTIC: [8] Undefined index: HTTP_CLIENT_IP /var/www/html/codeboss/Application/Home/Common/function.php 第 8 行.
SQL: SHOW COLUMNS FROM `db_users` [ RunTime:0.0011s ]
SQL: SELECT `uid`,`register_code`,`randomcode` FROM `db_users` WHERE `uid` = '0@0.com' LIMIT 1   [ RunTime:0.0002s ]
INFO: [ app_end ] --START--
INFO: Run Behavior\ShowPageTraceBehavior [ RunTime:0.000036s ]
INFO: [ app_end ] --END-- [ RunTime:0.000068s ]

[ 2020-01-13T17:51:32+08:00 ] 127.0.0.1 /codeboss/index.php/Home/images/tool/wallet.png
INFO: [ app_init ] --START--
INFO: Run Behavior\BuildLiteBehavior [ RunTime:0.000006s ]
INFO: [ app_init ] --END-- [ RunTime:0.000035s ]

[ 2020-01-13T17:51:32+08:00 ] 127.0.0.1 /codeboss/index.php/Home/images/tool/kuaiqian.jpg
INFO: [ app_init ] --START--
INFO: Run Behavior\BuildLiteBehavior [ RunTime:0.000005s ]
INFO: [ app_init ] --END-- [ RunTime:0.000032s ]

[ 2020-01-13T17:52:42+08:00 ] 127.0.0.1 /codeboss/index.php/Home/Panel/recharge_page
INFO: [ app_init ] --START--
INFO: Run Behavior\BuildLiteBehavior [ RunTime:0.000007s ]
INFO: [ app_init ] --END-- [ RunTime:0.000045s ]
INFO: [ app_begin ] --START--
INFO: Run Behavior\ReadHtmlCacheBehavior [ RunTime:0.000017s ]
INFO: [ app_begin ] --END-- [ RunTime:0.000032s ]
NOTIC: [8] Undefined index: HTTP_X_FORWARDED_FOR /var/www/html/codeboss/Application/Home/Common/function.php 第 6 行.
NOTIC: [8] Undefined index: HTTP_CLIENT_IP /var/www/html/codeboss/Application/Home/Common/function.php 第 8 行.
SQL: SHOW COLUMNS FROM `db_users` [ RunTime:0.0011s ]
SQL: SELECT `uid`,`register_code`,`randomcode` FROM `db_users` WHERE `uid` = '0@0.com' LIMIT 1   [ RunTime:0.0002s ]
INFO: [ view_parse ] --START--
INFO: [ template_filter ] --START--
INFO: Run Behavior\ContentReplaceBehavior [ RunTime:0.000043s ]
INFO: [ template_filter ] --END-- [ RunTime:0.000062s ]
INFO: Run Behavior\ParseTemplateBehavior [ RunTime:0.008749s ]
INFO: [ view_parse ] --END-- [ RunTime:0.008775s ]
INFO: [ view_filter ] --START--
INFO: Run Behavior\WriteHtmlCacheBehavior [ RunTime:0.000024s ]
INFO: [ view_filter ] --END-- [ RunTime:0.000035s ]
INFO: [ app_end ] --START--
INFO: Run Behavior\ShowPageTraceBehavior [ RunTime:0.000095s ]
INFO: [ app_end ] --END-- [ RunTime:0.000127s ]

[ 2020-01-13T17:52:42+08:00 ] 127.0.0.1 /codeboss/index.php/Home/images/tool/wallet.png
INFO: [ app_init ] --START--
INFO: Run Behavior\BuildLiteBehavior [ RunTime:0.000005s ]
INFO: [ app_init ] --END-- [ RunTime:0.000047s ]

[ 2020-01-13T17:52:42+08:00 ] 127.0.0.1 /codeboss/index.php/Home/images/tool/kuaiqian.jpg
INFO: [ app_init ] --START--
INFO: Run Behavior\BuildLiteBehavior [ RunTime:0.000006s ]
INFO: [ app_init ] --END-- [ RunTime:0.000037s ]

[ 2020-01-13T17:52:42+08:00 ] 127.0.0.1 /codeboss/index.php/Home/images/tool/logo1.png
INFO: [ app_init ] --START--
INFO: Run Behavior\BuildLiteBehavior [ RunTime:0.000006s ]
INFO: [ app_init ] --END-- [ RunTime:0.000053s ]

[ 2020-01-13T17:52:42+08:00 ] 127.0.0.1 /codeboss/index.php/Home/Panel/verifycode
INFO: [ app_init ] --START--
INFO: Run Behavior\BuildLiteBehavior [ RunTime:0.000009s ]
INFO: [ app_init ] --END-- [ RunTime:0.000073s ]
INFO: [ app_begin ] --START--
INFO: Run Behavior\ReadHtmlCacheBehavior [ RunTime:0.000031s ]
INFO: [ app_begin ] --END-- [ RunTime:0.000050s ]
NOTIC: [8] Undefined index: HTTP_X_FORWARDED_FOR /var/www/html/codeboss/Application/Home/Common/function.php 第 6 行.
NOTIC: [8] Undefined index: HTTP_CLIENT_IP /var/www/html/codeboss/Application/Home/Common/function.php 第 8 行.
SQL: SHOW COLUMNS FROM `db_users` [ RunTime:0.0007s ]
SQL: SELECT `uid`,`register_code`,`randomcode` FROM `db_users` WHERE `uid` = '0@0.com' LIMIT 1   [ RunTime:0.0002s ]
INFO: [ app_end ] --START--
INFO: Run Behavior\ShowPageTraceBehavior [ RunTime:0.000056s ]
INFO: [ app_end ] --END-- [ RunTime:0.000094s ]

[ 2020-01-13T17:52:51+08:00 ] 127.0.0.1 /codeboss/index.php/Home/Panel/recharge_page
INFO: [ app_init ] --START--
INFO: Run Behavior\BuildLiteBehavior [ RunTime:0.000005s ]
INFO: [ app_init ] --END-- [ RunTime:0.000037s ]
INFO: [ app_begin ] --START--
INFO: Run Behavior\ReadHtmlCacheBehavior [ RunTime:0.000017s ]
INFO: [ app_begin ] --END-- [ RunTime:0.000032s ]
NOTIC: [8] Undefined index: HTTP_X_FORWARDED_FOR /var/www/html/codeboss/Application/Home/Common/function.php 第 6 行.
NOTIC: [8] Undefined index: HTTP_CLIENT_IP /var/www/html/codeboss/Application/Home/Common/function.php 第 8 行.
SQL: SHOW COLUMNS FROM `db_users` [ RunTime:0.0007s ]
SQL: SELECT `uid`,`register_code`,`randomcode` FROM `db_users` WHERE `uid` = '0@0.com' LIMIT 1   [ RunTime:0.0002s ]
INFO: [ view_parse ] --START--
INFO: [ template_filter ] --START--
INFO: Run Behavior\ContentReplaceBehavior [ RunTime:0.000036s ]
INFO: [ template_filter ] --END-- [ RunTime:0.000055s ]
INFO: Run Behavior\ParseTemplateBehavior [ RunTime:0.008005s ]
INFO: [ view_parse ] --END-- [ RunTime:0.008037s ]
INFO: [ view_filter ] --START--
INFO: Run Behavior\WriteHtmlCacheBehavior [ RunTime:0.000029s ]
INFO: [ view_filter ] --END-- [ RunTime:0.000042s ]
INFO: [ app_end ] --START--
INFO: Run Behavior\ShowPageTraceBehavior [ RunTime:0.000030s ]
INFO: [ app_end ] --END-- [ RunTime:0.000053s ]

[ 2020-01-13T17:52:51+08:00 ] 127.0.0.1 /codeboss/index.php/Home/images/tool/logo1.png
INFO: [ app_init ] --START--
INFO: Run Behavior\BuildLiteBehavior [ RunTime:0.000005s ]
INFO: [ app_init ] --END-- [ RunTime:0.000036s ]

[ 2020-01-13T17:52:51+08:00 ] 127.0.0.1 /codeboss/index.php/Home/Panel/verifycode
INFO: [ app_init ] --START--
INFO: Run Behavior\BuildLiteBehavior [ RunTime:0.000005s ]
INFO: [ app_init ] --END-- [ RunTime:0.000040s ]
INFO: [ app_begin ] --START--
INFO: Run Behavior\ReadHtmlCacheBehavior [ RunTime:0.000017s ]
INFO: [ app_begin ] --END-- [ RunTime:0.000031s ]
NOTIC: [8] Undefined index: HTTP_X_FORWARDED_FOR /var/www/html/codeboss/Application/Home/Common/function.php 第 6 行.
NOTIC: [8] Undefined index: HTTP_CLIENT_IP /var/www/html/codeboss/Application/Home/Common/function.php 第 8 行.
SQL: SHOW COLUMNS FROM `db_users` [ RunTime:0.0008s ]
SQL: SELECT `uid`,`register_code`,`randomcode` FROM `db_users` WHERE `uid` = '0@0.com' LIMIT 1   [ RunTime:0.0001s ]
INFO: [ app_end ] --START--
INFO: Run Behavior\ShowPageTraceBehavior [ RunTime:0.000058s ]
INFO: [ app_end ] --END-- [ RunTime:0.000086s ]

[ 2020-01-13T17:52:52+08:00 ] 127.0.0.1 /codeboss/index.php/Home/images/tool/wallet.png
INFO: [ app_init ] --START--
INFO: Run Behavior\BuildLiteBehavior [ RunTime:0.000006s ]
INFO: [ app_init ] --END-- [ RunTime:0.000036s ]

[ 2020-01-13T17:52:52+08:00 ] 127.0.0.1 /codeboss/index.php/Home/images/tool/kuaiqian.jpg
INFO: [ app_init ] --START--
INFO: Run Behavior\BuildLiteBehavior [ RunTime:0.000006s ]
INFO: [ app_init ] --END-- [ RunTime:0.000055s ]

[ 2020-01-13T17:55:06+08:00 ] 127.0.0.1 /codeboss/index.php/Home/Panel/recharge_page
INFO: [ app_init ] --START--
INFO: Run Behavior\BuildLiteBehavior [ RunTime:0.000008s ]
INFO: [ app_init ] --END-- [ RunTime:0.000049s ]
INFO: [ app_begin ] --START--
INFO: Run Behavior\ReadHtmlCacheBehavior [ RunTime:0.000021s ]
INFO: [ app_begin ] --END-- [ RunTime:0.000038s ]
NOTIC: [8] Undefined index: HTTP_X_FORWARDED_FOR /var/www/html/codeboss/Application/Home/Common/function.php 第 6 行.
NOTIC: [8] Undefined index: HTTP_CLIENT_IP /var/www/html/codeboss/Application/Home/Common/function.php 第 8 行.
SQL: SHOW COLUMNS FROM `db_users` [ RunTime:0.0008s ]
SQL: SELECT `uid`,`register_code`,`randomcode` FROM `db_users` WHERE `uid` = '0@0.com' LIMIT 1   [ RunTime:0.0003s ]
INFO: [ view_parse ] --START--
INFO: [ template_filter ] --START--
INFO: Run Behavior\ContentReplaceBehavior [ RunTime:0.000046s ]
INFO: [ template_filter ] --END-- [ RunTime:0.000066s ]
INFO: Run Behavior\ParseTemplateBehavior [ RunTime:0.009607s ]
INFO: [ view_parse ] --END-- [ RunTime:0.009637s ]
INFO: [ view_filter ] --START--
INFO: Run Behavior\WriteHtmlCacheBehavior [ RunTime:0.000031s ]

[ 2020-01-13T17:55:58+08:00 ] 127.0.0.1 /codeboss/index.php/Home/Panel/recharge_page
INFO: [ app_init ] --START--
INFO: Run Behavior\BuildLiteBehavior [ RunTime:0.000005s ]
INFO: [ app_init ] --END-- [ RunTime:0.000042s ]
INFO: [ app_begin ] --START--
INFO: Run Behavior\ReadHtmlCacheBehavior [ RunTime:0.000017s ]
INFO: [ app_begin ] --END-- [ RunTime:0.000032s ]
NOTIC: [8] Undefined index: HTTP_X_FORWARDED_FOR /var/www/html/codeboss/Application/Home/Common/function.php 第 6 行.
NOTIC: [8] Undefined index: HTTP_CLIENT_IP /var/www/html/codeboss/Application/Home/Common/function.php 第 8 行.
SQL: SHOW COLUMNS FROM `db_users` [ RunTime:0.0009s ]
SQL: SELECT `uid`,`register_code`,`randomcode` FROM `db_users` WHERE `uid` = '0@0.com' LIMIT 1   [ RunTime:0.0001s ]
INFO: [ view_parse ] --START--
INFO: [ template_filter ] --START--
INFO: Run Behavior\ContentReplaceBehavior [ RunTime:0.000045s ]
INFO: [ template_filter ] --END-- [ RunTime:0.000064s ]
INFO: Run Behavior\ParseTemplateBehavior [ RunTime:0.009222s ]
INFO: [ view_parse ] --END-- [ RunTime:0.009252s ]
INFO: [ view_filter ] --START--
INFO: Run Behavior\WriteHtmlCacheBehavior [ RunTime:0.000028s ]
INFO: Run Behavior\TokenBuildBehavior [ RunTime:0.008702s ]
INFO: [ view_filter ] --END-- [ RunTime:0.008767s ]
INFO: [ app_end ] --START--
INFO: Run Behavior\ShowPageTraceBehavior [ RunTime:0.000037s ]
INFO: [ app_end ] --END-- [ RunTime:0.000053s ]

[ 2020-01-13T17:55:58+08:00 ] 127.0.0.1 /codeboss/index.php/Home/images/tool/logo1.png
INFO: [ app_init ] --START--
INFO: Run Behavior\BuildLiteBehavior [ RunTime:0.000007s ]
INFO: [ app_init ] --END-- [ RunTime:0.000041s ]

[ 2020-01-13T17:55:58+08:00 ] 127.0.0.1 /codeboss/index.php/Home/Panel/verifycode
INFO: [ app_init ] --START--
INFO: Run Behavior\BuildLiteBehavior [ RunTime:0.000005s ]
INFO: [ app_init ] --END-- [ RunTime:0.000036s ]
INFO: [ app_begin ] --START--
INFO: Run Behavior\ReadHtmlCacheBehavior [ RunTime:0.000015s ]
INFO: [ app_begin ] --END-- [ RunTime:0.000029s ]
NOTIC: [8] Undefined index: HTTP_X_FORWARDED_FOR /var/www/html/codeboss/Application/Home/Common/function.php 第 6 行.
NOTIC: [8] Undefined index: HTTP_CLIENT_IP /var/www/html/codeboss/Application/Home/Common/function.php 第 8 行.
SQL: SHOW COLUMNS FROM `db_users` [ RunTime:0.0008s ]
SQL: SELECT `uid`,`register_code`,`randomcode` FROM `db_users` WHERE `uid` = '0@0.com' LIMIT 1   [ RunTime:0.0002s ]
INFO: [ app_end ] --START--
INFO: Run Behavior\ShowPageTraceBehavior [ RunTime:0.000024s ]
INFO: [ app_end ] --END-- [ RunTime:0.000044s ]

[ 2020-01-13T17:55:58+08:00 ] 127.0.0.1 /codeboss/index.php/Home/images/tool/wallet.png
INFO: [ app_init ] --START--
INFO: Run Behavior\BuildLiteBehavior [ RunTime:0.000005s ]
INFO: [ app_init ] --END-- [ RunTime:0.000033s ]

[ 2020-01-13T17:55:58+08:00 ] 127.0.0.1 /codeboss/index.php/Home/images/tool/kuaiqian.jpg
INFO: [ app_init ] --START--
INFO: Run Behavior\BuildLiteBehavior [ RunTime:0.000006s ]
INFO: [ app_init ] --END-- [ RunTime:0.000040s ]

[ 2020-01-13T17:56:58+08:00 ] 127.0.0.1 /codeboss/index.php/Home/Panel/recharge_page
INFO: [ app_init ] --START--
INFO: Run Behavior\BuildLiteBehavior [ RunTime:0.000011s ]
INFO: [ app_init ] --END-- [ RunTime:0.000072s ]
INFO: [ app_begin ] --START--
INFO: Run Behavior\ReadHtmlCacheBehavior [ RunTime:0.000032s ]
INFO: [ app_begin ] --END-- [ RunTime:0.000052s ]
NOTIC: [8] Undefined index: HTTP_X_FORWARDED_FOR /var/www/html/codeboss/Application/Home/Common/function.php 第 6 行.
NOTIC: [8] Undefined index: HTTP_CLIENT_IP /var/www/html/codeboss/Application/Home/Common/function.php 第 8 行.
SQL: SHOW COLUMNS FROM `db_users` [ RunTime:0.0008s ]
SQL: SELECT `uid`,`register_code`,`randomcode` FROM `db_users` WHERE `uid` = '0@0.com' LIMIT 1   [ RunTime:0.0002s ]
INFO: [ view_parse ] --START--
INFO: [ template_filter ] --START--
INFO: Run Behavior\ContentReplaceBehavior [ RunTime:0.000062s ]
INFO: [ template_filter ] --END-- [ RunTime:0.000103s ]
INFO: Run Behavior\ParseTemplateBehavior [ RunTime:0.012410s ]
INFO: [ view_parse ] --END-- [ RunTime:0.012465s ]
INFO: [ view_filter ] --START--
INFO: Run Behavior\WriteHtmlCacheBehavior [ RunTime:0.000049s ]
INFO: Run Behavior\TokenBuildBehavior [ RunTime:0.000180s ]
INFO: [ view_filter ] --END-- [ RunTime:0.000259s ]
INFO: [ app_end ] --START--
INFO: Run Behavior\ShowPageTraceBehavior [ RunTime:0.000030s ]
INFO: [ app_end ] --END-- [ RunTime:0.000050s ]

[ 2020-01-13T17:56:58+08:00 ] 127.0.0.1 /codeboss/index.php/Home/images/tool/logo1.png
INFO: [ app_init ] --START--
INFO: Run Behavior\BuildLiteBehavior [ RunTime:0.000005s ]
INFO: [ app_init ] --END-- [ RunTime:0.000036s ]

[ 2020-01-13T17:56:58+08:00 ] 127.0.0.1 /codeboss/index.php/Home/Panel/verifycode
INFO: [ app_init ] --START--
INFO: Run Behavior\BuildLiteBehavior [ RunTime:0.000005s ]
INFO: [ app_init ] --END-- [ RunTime:0.000031s ]
INFO: [ app_begin ] --START--
INFO: Run Behavior\ReadHtmlCacheBehavior [ RunTime:0.000014s ]
INFO: [ app_begin ] --END-- [ RunTime:0.000029s ]
NOTIC: [8] Undefined index: HTTP_X_FORWARDED_FOR /var/www/html/codeboss/Application/Home/Common/function.php 第 6 行.
NOTIC: [8] Undefined index: HTTP_CLIENT_IP /var/www/html/codeboss/Application/Home/Common/function.php 第 8 行.
SQL: SHOW COLUMNS FROM `db_users` [ RunTime:0.0007s ]
SQL: SELECT `uid`,`register_code`,`randomcode` FROM `db_users` WHERE `uid` = '0@0.com' LIMIT 1   [ RunTime:0.0002s ]
INFO: [ app_end ] --START--
INFO: Run Behavior\ShowPageTraceBehavior [ RunTime:0.000025s ]
INFO: [ app_end ] --END-- [ RunTime:0.000046s ]

[ 2020-01-13T17:56:58+08:00 ] 127.0.0.1 /codeboss/index.php/Home/images/tool/wallet.png
INFO: [ app_init ] --START--
INFO: Run Behavior\BuildLiteBehavior [ RunTime:0.000005s ]
INFO: [ app_init ] --END-- [ RunTime:0.000033s ]

[ 2020-01-13T17:56:58+08:00 ] 127.0.0.1 /codeboss/index.php/Home/images/tool/kuaiqian.jpg
INFO: [ app_init ] --START--
INFO: Run Behavior\BuildLiteBehavior [ RunTime:0.000005s ]
INFO: [ app_init ] --END-- [ RunTime:0.000032s ]

